Party variable: whitecollar, fake = 0, empirical: 0
Infile:  partisanship-whitecollar_Cadj_c0_partyf.csv
/home/jernie/analysis/output/whitecollar/partisanship-whitecollar_Cadj_c0_partyf.csv
Year:  1907
Min:  0.500796697120569 Median:  0.516795518936063 Mean:  0.5226060498732992 Max:  0.615355450064226
Year 1907 mean: 0.522606
Nr subsample estimates neq 0.5 100
Nr subsample estimates = 0.5 0
Nr subsample estimates after adjustment 100
1907 0.512414868687137 0.5308214920913755 0.5084291586210468
Year:  1908
Min:  0.501756614299489 Median:  0.5231732966084275 Mean:  0.5364564470741642 Max:  0.663441750575535
Year 1908 mean: 0.536456
Nr subsample estimates neq 0.5 100
Nr subsample estimates = 0.5 0
Nr subsample estimates after adjustment 100
1908 0.515471737291315 0.5371998859650513 0.510202138773907
Year:  1909
Min:  0.500332489544592 Median:  0.5194276567874141 Mean:  0.5283632172745815 Max:  0.598234807988464
Year 1909 mean: 0.528363
Nr subsample estimates neq 0.5 100
Nr subsample estimates = 0.5 0
Nr subsample estimates after adjustment 100
1909 0.513760768072626 0.5313585914871948 0.5086867960433321
Year:  1910
Min:  0.500766012679568 Median:  0.5161020407681155 Mean:  0.5287280578853324 Max:  0.618552226267233
Year 1910 mean: 0.528728
Nr subsample estimates neq 0.5 100
Nr subsample estimates = 0.5 0
Nr subsample estimates after adjustment 100
1910 0.52124227751325 0.5596912222672515 0.5141428387643276
Year:  1911
Min:  0.500973431344497 Median:  0.512194717344505 Mean:  0.5244585862543287 Max:  0.633632721449903
Year 1911 mean: 0.524459
Nr subsample estimates neq 0.5 100
Nr subsample estimates = 0.5 0
Nr subsample estimates after adjustment 100
1911 0.513472558054092 0.5371560807211407 0.509184869618367
Year:  1912
Min:  0.500511585684837 Median:  0.5160467482867995 Mean:  0.5245992043607365 Max:  0.597299919062629
Year 1912 mean: 0.524599
Nr subsample estimates neq 0.5 100
Nr subsample estimates = 0.5 0
Nr subsample estimates after adjustment 100
1912 0.508845106954568 0.5225955178219198 0.506118237105668
Year:  1913
Min:  0.501218095406743 Median:  0.525063404412225 Mean:  0.5308868249037283 Max:  0.613122913912963
Year 1913 mean: 0.530887
Nr subsample estimates neq 0.5 100
Nr subsample estimates = 0.5 0
Nr subsample estimates after adjustment 100
1913 0.514071831590971 0.5387823571599171 0.5099221191527047
Year:  1914
Min:  0.500365604434569 Median:  0.51748500159173 Mean:  0.527271450906969 Max:  0.63005362374541
Year 1914 mean: 0.527271
Nr subsample estimates neq 0.5 100
Nr subsample estimates = 0.5 0
Nr subsample estimates after adjustment 100
1914 0.514356686245154 0.5375683909767524 0.5099745820966238
Year:  1915
Parliament didn't gather, output nan
Year:  1916
Parliament didn't gather, output nan
Year:  1917
Min:  0.50113967261957 Median:  0.5233646952441405 Mean:  0.5286042260564457 Max:  0.595032729724251
Year 1917 mean: 0.528604
Nr subsample estimates neq 0.5 100
Nr subsample estimates = 0.5 0
Nr subsample estimates after adjustment 100
1917 0.524700310774083 0.5541457340956144 0.5180928057113766
Year:  1918
Too few MPs, whitecollar = 0: 12
Making nan append for year  1918
Year:  1919
Min:  0.50093518777779 Median:  0.5291346919853945 Mean:  0.5351352653743191 Max:  0.613043087254685
Year 1919 mean: 0.535135
Nr subsample estimates neq 0.5 100
Nr subsample estimates = 0.5 0
Nr subsample estimates after adjustment 100
1919 0.525603007353938 0.5667991903336482 0.5175061615742703
Year:  1920
Min:  0.501501480464311 Median:  0.524516020317787 Mean:  0.5320610331274029 Max:  0.645415350723769
Year 1920 mean: 0.532061
Nr subsample estimates neq 0.5 100
Nr subsample estimates = 0.5 0
Nr subsample estimates after adjustment 100
1920 0.528758391130327 0.5749423305840868 0.5202027947075509
Year:  1921
Min:  0.500716276682887 Median:  0.5275781458832745 Mean:  0.5361357787136364 Max:  0.615947315379148
Year 1921 mean: 0.536136
Nr subsample estimates neq 0.5 100
Nr subsample estimates = 0.5 0
Nr subsample estimates after adjustment 100
1921 0.523356644021898 0.5561970000749253 0.5163729205559637
Year:  1922
Min:  0.501036909127284 Median:  0.517797540376798 Mean:  0.5221519693541583 Max:  0.589875140568117
Year 1922 mean: 0.522152
Nr subsample estimates neq 0.5 100
Nr subsample estimates = 0.5 0
Nr subsample estimates after adjustment 100
1922 0.518981042760653 0.5485723889811245 0.513158941959603
Year:  1923
Min:  0.500556283793718 Median:  0.5162361141513441 Mean:  0.5221981241440546 Max:  0.598898710977782
Year 1923 mean: 0.522198
Nr subsample estimates neq 0.5 100
Nr subsample estimates = 0.5 0
Nr subsample estimates after adjustment 100
1923 0.532985441179678 0.5787357697433195 0.5225526185798866
Year:  1924
Min:  0.500751667818309 Median:  0.520594712069095 Mean:  0.5277195071945865 Max:  0.61620017140215
Year 1924 mean: 0.527720
Nr subsample estimates neq 0.5 100
Nr subsample estimates = 0.5 0
Nr subsample estimates after adjustment 100
1924 0.527592635459342 0.5610768687891827 0.5200907420928577
Year:  1925
Min:  0.501654296325842 Median:  0.5253895789516234 Mean:  0.5336606161423607 Max:  0.633905546196059
Year 1925 mean: 0.533661
Nr subsample estimates neq 0.5 100
Nr subsample estimates = 0.5 0
Nr subsample estimates after adjustment 100
1925 0.521567814200851 0.5486361330681454 0.5155741544919362
Year:  1926
Min:  0.502232224632101 Median:  0.5295053686795065 Mean:  0.5327434775918198 Max:  0.614802412595566
Year 1926 mean: 0.532743
Nr subsample estimates neq 0.5 100
Nr subsample estimates = 0.5 0
Nr subsample estimates after adjustment 100
1926 0.525718311170237 0.558228965565397 0.5182020467709691
Year:  1927
Min:  0.501238938742266 Median:  0.5197486628726715 Mean:  0.5275408076562791 Max:  0.585676316237885
Year 1927 mean: 0.527541
Nr subsample estimates neq 0.5 100
Nr subsample estimates = 0.5 0
Nr subsample estimates after adjustment 100
1927 0.531930238287614 0.5766819327773797 0.522124461711405
Year:  1928
Min:  0.50143012536089 Median:  0.5214396397938065 Mean:  0.5281428782008323 Max:  0.621037616103025
Year 1928 mean: 0.528143
Nr subsample estimates neq 0.5 100
Nr subsample estimates = 0.5 0
Nr subsample estimates after adjustment 100
1928 0.545433562941025 0.5931847190998321 0.5310031359567856
Year:  1929
Min:  0.501308883358878 Median:  0.5192821679436135 Mean:  0.5220548937022413 Max:  0.571757666762234
Year 1929 mean: 0.522055
Nr subsample estimates neq 0.5 100
Nr subsample estimates = 0.5 0
Nr subsample estimates after adjustment 100
1929 0.560887411336151 0.651797025391132 0.5422389611310736
Year:  1930
Min:  0.501596482808038 Median:  0.5170192374625675 Mean:  0.5278164281887702 Max:  0.648221695362606
Year 1930 mean: 0.527816
Nr subsample estimates neq 0.5 100
Nr subsample estimates = 0.5 0
Nr subsample estimates after adjustment 100
1930 0.518942491328829 0.5463468942815224 0.5127022517789209
Year:  1931
Min:  0.501444876002552 Median:  0.518655617941617 Mean:  0.5256402952909136 Max:  0.611149917649044
Year 1931 mean: 0.525640
Nr subsample estimates neq 0.5 100
Nr subsample estimates = 0.5 0
Nr subsample estimates after adjustment 100
1931 0.514182802899698 0.5310575626253159 0.5096929564416931
Year:  1932
Min:  0.502012845954311 Median:  0.5188499867298505 Mean:  0.5269827359732497 Max:  0.621882539904974
Year 1932 mean: 0.526983
Nr subsample estimates neq 0.5 100
Nr subsample estimates = 0.5 0
Nr subsample estimates after adjustment 100
1932 0.517597692497283 0.5382990733474087 0.5120517578481174
Year:  1933
Min:  0.501164495921093 Median:  0.524227816420704 Mean:  0.5338859318179078 Max:  0.614948780240669
Year 1933 mean: 0.533886
Nr subsample estimates neq 0.5 100
Nr subsample estimates = 0.5 0
Nr subsample estimates after adjustment 100
1933 0.517156367205876 0.5429782474812751 0.5120768308688325
Year:  1934
Min:  0.502146834991628 Median:  0.5319849610325375 Mean:  0.5382528754664444 Max:  0.651263086990369
Year 1934 mean: 0.538253
Nr subsample estimates neq 0.5 100
Nr subsample estimates = 0.5 0
Nr subsample estimates after adjustment 100
1934 0.518859580649415 0.5374727758425015 0.5139721115246872
Year:  1935
Min:  0.50188831193161 Median:  0.519732671032022 Mean:  0.527851922926802 Max:  0.594719173258733
Year 1935 mean: 0.527852
Nr subsample estimates neq 0.5 100
Nr subsample estimates = 0.5 0
Nr subsample estimates after adjustment 100
1935 0.52459069108739 0.5578397769239762 0.5164251726401959
Year:  1936
Min:  0.501099207257618 Median:  0.5209693315962465 Mean:  0.5307893301518244 Max:  0.669377689689378
Year 1936 mean: 0.530789
Nr subsample estimates neq 0.5 100
Nr subsample estimates = 0.5 0
Nr subsample estimates after adjustment 100
1936 0.519982024985897 0.5433097794490696 0.5132973270327736
Year:  1937
Min:  0.501229409675685 Median:  0.5208560648235545 Mean:  0.5330136684844254 Max:  0.645374395002191
Year 1937 mean: 0.533014
Nr subsample estimates neq 0.5 100
Nr subsample estimates = 0.5 0
Nr subsample estimates after adjustment 100
1937 0.523776260074176 0.5519222427520349 0.5164779722168156
Year:  1938
Min:  0.501853850022197 Median:  0.522093949264779 Mean:  0.5293203390928239 Max:  0.632924199636893
Year 1938 mean: 0.529320
Nr subsample estimates neq 0.5 100
Nr subsample estimates = 0.5 0
Nr subsample estimates after adjustment 100
1938 0.516306629206725 0.5345726704326 0.5116880979887006
Year:  1939
Too few MPs, whitecollar = 0: 11
Making nan append for year  1939
Year:  1940
Min:  0.501350454955228 Median:  0.5201823307694784 Mean:  0.5272262626015448 Max:  0.601730542951561
Year 1940 mean: 0.527226
Nr subsample estimates neq 0.5 100
Nr subsample estimates = 0.5 0
Nr subsample estimates after adjustment 100
1940 0.514817933386209 0.536139111970644 0.5102703385112071
Year:  1941
Min:  0.500876863945133 Median:  0.520356411313748 Mean:  0.5319560246260999 Max:  0.651656282738537
Year 1941 mean: 0.531956
Nr subsample estimates neq 0.5 100
Nr subsample estimates = 0.5 0
Nr subsample estimates after adjustment 100
1941 0.52550691898439 0.5563326637985561 0.5174921727121898
Year:  1942
Min:  0.501052118467432 Median:  0.518872823398556 Mean:  0.5268188788009536 Max:  0.654326783118983
Year 1942 mean: 0.526819
Nr subsample estimates neq 0.5 100
Nr subsample estimates = 0.5 0
Nr subsample estimates after adjustment 100
1942 0.521558033806914 0.5510193806064623 0.5145643294972332
Year:  1943
Min:  0.501238227239412 Median:  0.5201717906250285 Mean:  0.5282618185813857 Max:  0.607232542313743
Year 1943 mean: 0.528262
Nr subsample estimates neq 0.5 100
Nr subsample estimates = 0.5 0
Nr subsample estimates after adjustment 100
1943 0.522211095181484 0.562484991403116 0.515635622838096
Year:  1944
Min:  0.501555522372326 Median:  0.52337160443985 Mean:  0.535146716897421 Max:  0.6741120678474
Year 1944 mean: 0.535147
Nr subsample estimates neq 0.5 100
Nr subsample estimates = 0.5 0
Nr subsample estimates after adjustment 100
1944 0.520931883761799 0.5475238899033589 0.5150967966930748
Year:  1945
Min:  0.501762255924132 Median:  0.5309846588097344 Mean:  0.5336868383582516 Max:  0.602066138514349
Year 1945 mean: 0.533687
Nr subsample estimates neq 0.5 100
Nr subsample estimates = 0.5 0
Nr subsample estimates after adjustment 100
1945 0.520876024724524 0.5404949641677599 0.5155618048619248
Year:  1946
Min:  0.501696147759753 Median:  0.5252754105473889 Mean:  0.5318473483687893 Max:  0.641462737450482
Year 1946 mean: 0.531847
Nr subsample estimates neq 0.5 100
Nr subsample estimates = 0.5 0
Nr subsample estimates after adjustment 100
1946 0.517604241556331 0.5400630982072764 0.5128974715425569
Year:  1947
Min:  0.501158716842194 Median:  0.522473091732232 Mean:  0.5275267666449445 Max:  0.639312196066229
Year 1947 mean: 0.527527
Nr subsample estimates neq 0.5 100
Nr subsample estimates = 0.5 0
Nr subsample estimates after adjustment 100
1947 0.5203164513686 0.5441064612055972 0.5149569390082941
Year:  1948
Min:  0.501185616187538 Median:  0.5185241814530175 Mean:  0.5252454230211225 Max:  0.635235768573309
Year 1948 mean: 0.525245
Nr subsample estimates neq 0.5 100
Nr subsample estimates = 0.5 0
Nr subsample estimates after adjustment 100
1948 0.534847320930042 0.5788755850208792 0.524038467345067
Year:  1949
Min:  0.501501914285613 Median:  0.5211396690791734 Mean:  0.5284259611244804 Max:  0.649272636954754
Year 1949 mean: 0.528426
Nr subsample estimates neq 0.5 100
Nr subsample estimates = 0.5 0
Nr subsample estimates after adjustment 100
1949 0.52178474365426 0.5468750383450098 0.5160529379013339
Year:  1950
Min:  0.502285742143676 Median:  0.5224078411381825 Mean:  0.531335044714203 Max:  0.624515729655934
Year 1950 mean: 0.531335
Nr subsample estimates neq 0.5 100
Nr subsample estimates = 0.5 0
Nr subsample estimates after adjustment 100
1950 0.527725599675973 0.5663313138373425 0.5205882462237877
Year:  1951
Min:  0.50114923214552 Median:  0.5194566264043485 Mean:  0.529890739071197 Max:  0.635530677388814
Year 1951 mean: 0.529891
Nr subsample estimates neq 0.5 100
Nr subsample estimates = 0.5 0
Nr subsample estimates after adjustment 100
1951 0.521698297351463 0.5544652955579353 0.5146106915735195
Year:  1952
Min:  0.502188759564137 Median:  0.5327198081342185 Mean:  0.5402197276320057 Max:  0.636784950670066
Year 1952 mean: 0.540220
Nr subsample estimates neq 0.5 100
Nr subsample estimates = 0.5 0
Nr subsample estimates after adjustment 100
1952 0.523886953867876 0.5523811847163387 0.5169644931334966
Year:  1953
Min:  0.501495962828818 Median:  0.5266794413436585 Mean:  0.5364937164836724 Max:  0.646835422550326
Year 1953 mean: 0.536494
Nr subsample estimates neq 0.5 100
Nr subsample estimates = 0.5 0
Nr subsample estimates after adjustment 100
1953 0.523251958756675 0.5541408989808961 0.516456080343128
Year:  1954
Min:  0.501470940195855 Median:  0.5193001422288606 Mean:  0.529678628428146 Max:  0.622602450032397
Year 1954 mean: 0.529679
Nr subsample estimates neq 0.5 100
Nr subsample estimates = 0.5 0
Nr subsample estimates after adjustment 100
1954 0.517857897832246 0.5422258167429566 0.5123975034241006
Year:  1955
Min:  0.500855932053477 Median:  0.5270129167142075 Mean:  0.5350976663958772 Max:  0.649780401472216
Year 1955 mean: 0.535098
Nr subsample estimates neq 0.5 100
Nr subsample estimates = 0.5 0
Nr subsample estimates after adjustment 100
1955 0.522969689531052 0.5463308417139277 0.5162759650673194
Year:  1956
Min:  0.50093169830821 Median:  0.5210514664787655 Mean:  0.5295913438183921 Max:  0.651837387214535
Year 1956 mean: 0.529591
Nr subsample estimates neq 0.5 100
Nr subsample estimates = 0.5 0
Nr subsample estimates after adjustment 100
1956 0.520735838814347 0.5474190678077875 0.5148014521277863
Year:  1957
Min:  0.501200188441864 Median:  0.530981769002672 Mean:  0.5327374183605067 Max:  0.671441702232157
Year 1957 mean: 0.532737
Nr subsample estimates neq 0.5 100
Nr subsample estimates = 0.5 0
Nr subsample estimates after adjustment 100
1957 0.519724064248579 0.5452468786812167 0.5149194759136748
Year:  1958
Min:  0.500496815829891 Median:  0.5143833204725135 Mean:  0.5277609742154703 Max:  0.639192910211132
Year 1958 mean: 0.527761
Nr subsample estimates neq 0.5 100
Nr subsample estimates = 0.5 0
Nr subsample estimates after adjustment 100
1958 0.521849882871672 0.5521196948505797 0.5141319793916556
Year:  1959
Min:  0.500959330406215 Median:  0.5236027301430406 Mean:  0.5313184528814126 Max:  0.622381020673738
Year 1959 mean: 0.531318
Nr subsample estimates neq 0.5 100
Nr subsample estimates = 0.5 0
Nr subsample estimates after adjustment 100
1959 0.518466347412401 0.5398580995602734 0.5123953076500691
Year:  1960
Min:  0.502299955831649 Median:  0.521181069288081 Mean:  0.5282398953915581 Max:  0.604756622759602
Year 1960 mean: 0.528240
Nr subsample estimates neq 0.5 100
Nr subsample estimates = 0.5 0
Nr subsample estimates after adjustment 100
1960 0.518294870631014 0.5379929279829404 0.5132139409811027
Year:  1961
Min:  0.502012853691406 Median:  0.5216074140529875 Mean:  0.5296531135526137 Max:  0.628024011435695
Year 1961 mean: 0.529653
Nr subsample estimates neq 0.5 100
Nr subsample estimates = 0.5 0
Nr subsample estimates after adjustment 100
1961 0.517562331391157 0.5377660777045228 0.5120284361401763
Year:  1962
Min:  0.501650237498378 Median:  0.5275581899491084 Mean:  0.541972753414865 Max:  0.704500543659018
Year 1962 mean: 0.541973
Nr subsample estimates neq 0.5 100
Nr subsample estimates = 0.5 0
Nr subsample estimates after adjustment 100
1962 0.534232677719081 0.5755827394892955 0.523448972698002
Year:  1963
Min:  0.501584155508331 Median:  0.5286064539000594 Mean:  0.5398403605028493 Max:  0.651272244248243
Year 1963 mean: 0.539840
Nr subsample estimates neq 0.5 100
Nr subsample estimates = 0.5 0
Nr subsample estimates after adjustment 100
1963 0.533026747478685 0.5819428305872018 0.5231439174720163
Year:  1964
Min:  0.502455025758077 Median:  0.5305769947982405 Mean:  0.5450913585346805 Max:  0.693735522295475
Year 1964 mean: 0.545091
Nr subsample estimates neq 0.5 100
Nr subsample estimates = 0.5 0
Nr subsample estimates after adjustment 100
1964 0.527060206580787 0.5546916104535163 0.5182134875902319
Year:  1965
Min:  0.503189737978935 Median:  0.5420095257342585 Mean:  0.5505389434694883 Max:  0.667238041180168
Year 1965 mean: 0.550539
Nr subsample estimates neq 0.5 100
Nr subsample estimates = 0.5 0
Nr subsample estimates after adjustment 100
1965 0.530335821143339 0.5642911894432082 0.5223491629808658
Year:  1966
Min:  0.50091369881154 Median:  0.5420862416269545 Mean:  0.5549093586827138 Max:  0.676871556038184
Year 1966 mean: 0.554909
Nr subsample estimates neq 0.5 100
Nr subsample estimates = 0.5 0
Nr subsample estimates after adjustment 100
1966 0.528514456246992 0.574763857672879 0.5192152312629067
Year:  1967
Min:  0.503330178492802 Median:  0.5658465671463535 Mean:  0.5725390005273606 Max:  0.720551383782089
Year 1967 mean: 0.572539
Nr subsample estimates neq 0.5 100
Nr subsample estimates = 0.5 0
Nr subsample estimates after adjustment 100
1967 0.551708117389241 0.5847486122096347 0.5400752441260667
Year:  1968
Min:  0.502431527835217 Median:  0.545313959157691 Mean:  0.5584118107447698 Max:  0.713492828105815
Year 1968 mean: 0.558412
Nr subsample estimates neq 0.5 100
Nr subsample estimates = 0.5 0
Nr subsample estimates after adjustment 100
1968 0.539840519302937 0.5828030739656042 0.5284405012020922
Year:  1969
Min:  0.502812705356139 Median:  0.541519211589111 Mean:  0.5555065542249105 Max:  0.734824234463992
Year 1969 mean: 0.555507
Nr subsample estimates neq 0.5 100
Nr subsample estimates = 0.5 0
Nr subsample estimates after adjustment 100
1969 0.557100491853987 0.6124441391891163 0.5391491896746158
Year:  1970
Min:  0.501982239692177 Median:  0.5384191575677639 Mean:  0.5497433389391865 Max:  0.730739466450014
Year 1970 mean: 0.549743
Nr subsample estimates neq 0.5 100
Nr subsample estimates = 0.5 0
Nr subsample estimates after adjustment 100
1970 0.555294398133607 0.612366576657202 0.5397175353046006
Year:  1971
Min:  0.503693879514721 Median:  0.5423967932540705 Mean:  0.5544368640382752 Max:  0.701140128480503
Year 1971 mean: 0.554437
Nr subsample estimates neq 0.5 100
Nr subsample estimates = 0.5 0
Nr subsample estimates after adjustment 100
1971 0.544930812230801 0.5936288853263024 0.5316681053588594
Year:  1972
Min:  0.503248670982922 Median:  0.5332451461474765 Mean:  0.5496858903516717 Max:  0.685723362257636
Year 1972 mean: 0.549686
Nr subsample estimates neq 0.5 100
Nr subsample estimates = 0.5 0
Nr subsample estimates after adjustment 100
1972 0.5381634280358 0.5783181215558904 0.5280712705262062
Year:  1973
Min:  0.502783352264562 Median:  0.5477944464843865 Mean:  0.5677908780218162 Max:  0.702393858546689
Year 1973 mean: 0.567791
Nr subsample estimates neq 0.5 100
Nr subsample estimates = 0.5 0
Nr subsample estimates after adjustment 100
1973 0.542606289884259 0.6048755142834211 0.5292886918314982
Year:  1974
Min:  0.500979777537938 Median:  0.5530356783803609 Mean:  0.5605831009709622 Max:  0.684851645713567
Year 1974 mean: 0.560583
Nr subsample estimates neq 0.5 100
Nr subsample estimates = 0.5 0
Nr subsample estimates after adjustment 100
1974 0.543812429845159 0.5925388639845506 0.5311805935362012
Year:  1975
Min:  0.504822606144071 Median:  0.552077339745583 Mean:  0.5631570116695203 Max:  0.713832924222037
Year 1975 mean: 0.563157
Nr subsample estimates neq 0.5 100
Nr subsample estimates = 0.5 0
Nr subsample estimates after adjustment 100
1975 0.544397981027663 0.5902889942482512 0.5329472506494939
Year:  1976
Min:  0.503135834536601 Median:  0.5463604812830716 Mean:  0.553228226813095 Max:  0.666385936968746
Year 1976 mean: 0.553228
Nr subsample estimates neq 0.5 100
Nr subsample estimates = 0.5 0
Nr subsample estimates after adjustment 100
1976 0.546565676453233 0.5963037302536663 0.5344069496318888
Year:  1977
Min:  0.502044961683561 Median:  0.541970751562738 Mean:  0.5545908662162924 Max:  0.676729039297044
Year 1977 mean: 0.554591
Nr subsample estimates neq 0.5 100
Nr subsample estimates = 0.5 0
Nr subsample estimates after adjustment 100
1977 0.54263345134931 0.5997276470834172 0.5295028038083457
Year:  1978
Min:  0.503758396872815 Median:  0.542639116565178 Mean:  0.5557293345908922 Max:  0.714280909707502
Year 1978 mean: 0.555729
Nr subsample estimates neq 0.5 100
Nr subsample estimates = 0.5 0
Nr subsample estimates after adjustment 100
1978 0.548672393410809 0.5993186491801167 0.5363654219705581
Year:  1979
Min:  0.501335224841648 Median:  0.5509440339682615 Mean:  0.558894118951198 Max:  0.708225407987129
Year 1979 mean: 0.558894
Nr subsample estimates neq 0.5 100
Nr subsample estimates = 0.5 0
Nr subsample estimates after adjustment 100
1979 0.55157558823007 0.630201159957059 0.5347719550498234
Year:  1980
Min:  0.501267616138867 Median:  0.5528836314290639 Mean:  0.5648968883566232 Max:  0.68057813711847
Year 1980 mean: 0.564897
Nr subsample estimates neq 0.5 100
Nr subsample estimates = 0.5 0
Nr subsample estimates after adjustment 100
1980 0.564338390086076 0.626596442127934 0.5456222352897716
Year:  1981
Min:  0.502528943120761 Median:  0.5509425512362469 Mean:  0.5668440793701293 Max:  0.730512092309464
Year 1981 mean: 0.566844
Nr subsample estimates neq 0.5 100
Nr subsample estimates = 0.5 0
Nr subsample estimates after adjustment 100
1981 0.571700708439699 0.6378801820584465 0.5515337292468863
Year:  1982
Min:  0.501298687825549 Median:  0.558956207565571 Mean:  0.5662972941491671 Max:  0.697926511964491
Year 1982 mean: 0.566297
Nr subsample estimates neq 0.5 100
Nr subsample estimates = 0.5 0
Nr subsample estimates after adjustment 100
1982 0.560839225167879 0.6315475861164367 0.543381908112535
Year:  1983
Min:  0.501375572167141 Median:  0.5475800247293185 Mean:  0.561899475040687 Max:  0.747591276816888
Year 1983 mean: 0.561899
Nr subsample estimates neq 0.5 100
Nr subsample estimates = 0.5 0
Nr subsample estimates after adjustment 100
1983 0.548748888820262 0.6280796836180362 0.5349297940854905
Year:  1984
Too few MPs, whitecollar = 0: 13
Making nan append for year  1984
Year:  1985
Too few MPs, whitecollar = 0: 12
Making nan append for year  1985
Year:  1986
Min:  0.503806602529033 Median:  0.5539828053457865 Mean:  0.5695451687114198 Max:  0.709746131894787
Year 1986 mean: 0.569545
Nr subsample estimates neq 0.5 100
Nr subsample estimates = 0.5 0
Nr subsample estimates after adjustment 100
1986 0.561113866009132 0.619316002852959 0.5464279328745246
Year:  1987
Too few MPs, whitecollar = 0: 12
Making nan append for year  1987
Year:  1988
Too few MPs, whitecollar = 0: 12
Making nan append for year  1988
Year:  1989
Too few MPs, whitecollar = 0: 11
Making nan append for year  1989
Year:  1990
Too few MPs, whitecollar = 0: 13
Making nan append for year  1990
Year:  1991
Min:  0.504718673960802 Median:  0.5320614886530894 Mean:  0.5485234041523142 Max:  0.736321295863371
Year 1991 mean: 0.548523
Nr subsample estimates neq 0.5 100
Nr subsample estimates = 0.5 0
Nr subsample estimates after adjustment 100
1991 0.533226872256542 0.5705316303054778 0.5238088775125022
Year:  1992
Min:  0.504351845846713 Median:  0.5393580946985841 Mean:  0.5485254413030828 Max:  0.654090552044638
Year 1992 mean: 0.548525
Nr subsample estimates neq 0.5 100
Nr subsample estimates = 0.5 0
Nr subsample estimates after adjustment 100
1992 0.542002697884961 0.5893705346909449 0.5300576588304001
Year:  1993
Min:  0.503099499425253 Median:  0.539048005145947 Mean:  0.5541733337158362 Max:  0.680892382172621
Year 1993 mean: 0.554173
Nr subsample estimates neq 0.5 100
Nr subsample estimates = 0.5 0
Nr subsample estimates after adjustment 100
1993 0.541030402757471 0.6011144061429926 0.5285867457758354
Year:  1994
Min:  0.501613686250595 Median:  0.538043871229982 Mean:  0.5504563466611675 Max:  0.658480397619301
Year 1994 mean: 0.550456
Nr subsample estimates neq 0.5 100
Nr subsample estimates = 0.5 0
Nr subsample estimates after adjustment 100
1994 0.546345099357262 0.5932457392012028 0.5326499323472689
Year:  1995
Min:  0.50630385405592 Median:  0.5398687710530099 Mean:  0.5508017906583536 Max:  0.676625692410442
Year 1995 mean: 0.550802
Nr subsample estimates neq 0.5 100
Nr subsample estimates = 0.5 0
Nr subsample estimates after adjustment 100
1995 0.547718115318137 0.6006676789803979 0.5346912452444398
Year:  1996
Min:  0.502975049675853 Median:  0.5295205375195665 Mean:  0.5447424471204486 Max:  0.658833750113022
Year 1996 mean: 0.544742
Nr subsample estimates neq 0.5 100
Nr subsample estimates = 0.5 0
Nr subsample estimates after adjustment 100
1996 0.543150240295247 0.5964937848975863 0.5306245223643179
Year:  1997
Min:  0.502691660211635 Median:  0.538014185784908 Mean:  0.5466767559658644 Max:  0.663650804603146
Year 1997 mean: 0.546677
Nr subsample estimates neq 0.5 100
Nr subsample estimates = 0.5 0
Nr subsample estimates after adjustment 100
1997 0.542673745977351 0.5930906315277574 0.5301289981296944
Year:  1998
Min:  0.50248022148577 Median:  0.5329309554187664 Mean:  0.5473662371904225 Max:  0.675075793835975
Year 1998 mean: 0.547366
Nr subsample estimates neq 0.5 100
Nr subsample estimates = 0.5 0
Nr subsample estimates after adjustment 100
1998 0.545621507906804 0.6119614576558753 0.5321495917342798
Year:  1999
Min:  0.503195280196663 Median:  0.528549033393632 Mean:  0.537887086743769 Max:  0.69693965019488
Year 1999 mean: 0.537887
Nr subsample estimates neq 0.5 100
Nr subsample estimates = 0.5 0
Nr subsample estimates after adjustment 100
1999 0.533566532353995 0.5743531356348285 0.5230872233985693
Year:  2000
Min:  0.501857381481818 Median:  0.5295377246144546 Mean:  0.5411519498612211 Max:  0.651060690847001
Year 2000 mean: 0.541152
Nr subsample estimates neq 0.5 100
Nr subsample estimates = 0.5 0
Nr subsample estimates after adjustment 100
2000 0.537650032832369 0.5870610966736093 0.5257920359804727
Year:  2001
Min:  0.503293579464686 Median:  0.5302965947617304 Mean:  0.5388122469685617 Max:  0.660712297385603
Year 2001 mean: 0.538812
Nr subsample estimates neq 0.5 100
Nr subsample estimates = 0.5 0
Nr subsample estimates after adjustment 100
2001 0.532604804300345 0.5726561683420556 0.521334280278667
Year:  2002
Min:  0.503666236642449 Median:  0.5279287372100405 Mean:  0.5399831043073621 Max:  0.65392936238078
Year 2002 mean: 0.539983
Nr subsample estimates neq 0.5 100
Nr subsample estimates = 0.5 0
Nr subsample estimates after adjustment 100
2002 0.542181374111531 0.5896687400457354 0.5296412367342546
Year:  2003
Min:  0.504014526466489 Median:  0.532545330456158 Mean:  0.5409227123025309 Max:  0.655169217036947
Year 2003 mean: 0.540923
Nr subsample estimates neq 0.5 100
Nr subsample estimates = 0.5 0
Nr subsample estimates after adjustment 100
2003 0.554858763621976 0.6073284730460551 0.5397740893645181
Year:  2004
Min:  0.504571205892921 Median:  0.54061587189866 Mean:  0.5470581887421538 Max:  0.617438754037103
Year 2004 mean: 0.547058
Nr subsample estimates neq 0.5 100
Nr subsample estimates = 0.5 0
Nr subsample estimates after adjustment 100
2004 0.573298575658476 0.6320244681793992 0.5552860453197649
Year:  2005
Min:  0.502993978892276 Median:  0.5333607570157275 Mean:  0.5477679700746788 Max:  0.709024397969487
Year 2005 mean: 0.547768
Nr subsample estimates neq 0.5 100
Nr subsample estimates = 0.5 0
Nr subsample estimates after adjustment 100
2005 0.544799896060905 0.59850472036775 0.53182788017554
Year:  2006
Min:  0.505348084337627 Median:  0.536014090107934 Mean:  0.5429708707051533 Max:  0.610732426158229
Year 2006 mean: 0.542971
Nr subsample estimates neq 0.5 100
Nr subsample estimates = 0.5 0
Nr subsample estimates after adjustment 100
2006 0.561337023200002 0.6166571041329778 0.543920618130057
Year:  2007
Min:  0.503419030466399 Median:  0.533193204330119 Mean:  0.5473338891288535 Max:  0.653461011345447
Year 2007 mean: 0.547334
Nr subsample estimates neq 0.5 100
Nr subsample estimates = 0.5 0
Nr subsample estimates after adjustment 100
2007 0.552449833257036 0.6139374587845625 0.53548845750905
Year:  2008
Min:  0.503296732674918 Median:  0.5357820990355404 Mean:  0.549618881363489 Max:  0.689525320621375
Year 2008 mean: 0.549619
Nr subsample estimates neq 0.5 100
Nr subsample estimates = 0.5 0
Nr subsample estimates after adjustment 100
2008 0.547157213208498 0.5955150116046659 0.5347089047158503
Year:  2009
Min:  0.504247478125727 Median:  0.5406459293541079 Mean:  0.5484187310491326 Max:  0.644957103378634
Year 2009 mean: 0.548419
Nr subsample estimates neq 0.5 100
Nr subsample estimates = 0.5 0
Nr subsample estimates after adjustment 100
2009 0.545287642777673 0.5902262721397811 0.5324524838020193
Year:  2010
Min:  0.503756576813405 Median:  0.540148752593617 Mean:  0.546249728134465 Max:  0.674265031175534
Year 2010 mean: 0.546250
Nr subsample estimates neq 0.5 100
Nr subsample estimates = 0.5 0
Nr subsample estimates after adjustment 100
2010 0.547385359127093 0.5936356418724019 0.5346224159450812
Year:  2011
Min:  0.505015284116993 Median:  0.5522981753247465 Mean:  0.5614978890217216 Max:  0.702816713808384
Year 2011 mean: 0.561498
Nr subsample estimates neq 0.5 100
Nr subsample estimates = 0.5 0
Nr subsample estimates after adjustment 100
2011 0.533789741464981 0.5756808185295571 0.5249876679860536
Year:  2012
Min:  0.501860432374466 Median:  0.549423254567794 Mean:  0.557425744306057 Max:  0.667032652979994
Year 2012 mean: 0.557426
Nr subsample estimates neq 0.5 100
Nr subsample estimates = 0.5 0
Nr subsample estimates after adjustment 100
2012 0.547545749329835 0.6119917496529601 0.5350574322561912
Year:  2013
Min:  0.506406069121746 Median:  0.547655117367986 Mean:  0.5594233340278004 Max:  0.680779954007724
Year 2013 mean: 0.559423
Nr subsample estimates neq 0.5 100
Nr subsample estimates = 0.5 0
Nr subsample estimates after adjustment 100
2013 0.545429855585951 0.5857804254668739 0.5332069821603689
Year:  2014
Min:  0.503437568022747 Median:  0.5494219572006245 Mean:  0.5554441025203902 Max:  0.65234614610635
Year 2014 mean: 0.555444
Nr subsample estimates neq 0.5 100
Nr subsample estimates = 0.5 0
Nr subsample estimates after adjustment 100
2014 0.58539785177505 0.6675626213895663 0.5622232217017814
Year:  2015
Min:  0.504600992388794 Median:  0.5374851008634705 Mean:  0.5548151644244579 Max:  0.717423639106691
Year 2015 mean: 0.554815
Nr subsample estimates neq 0.5 100
Nr subsample estimates = 0.5 0
Nr subsample estimates after adjustment 100
2015 0.528620448557167 0.5625736481207763 0.5201764799740123
Year:  2016
Min:  0.500797216093 Median:  0.5457119068228065 Mean:  0.5555075718532417 Max:  0.67451878049774
Year 2016 mean: 0.555508
Nr subsample estimates neq 0.5 100
Nr subsample estimates = 0.5 0
Nr subsample estimates after adjustment 100
2016 0.529029537500326 0.5758899371191315 0.5202144866546534
Year:  2017
Min:  0.503112488113358 Median:  0.540797135665239 Mean:  0.5502222678519292 Max:  0.665520580494075
Year 2017 mean: 0.550222
Nr subsample estimates neq 0.5 100
Nr subsample estimates = 0.5 0
Nr subsample estimates after adjustment 100
2017 0.52844406499474 0.572305203742639 0.5203271036410139
Year:  2018
Min:  0.50378638632346 Median:  0.5514577433980345 Mean:  0.5545001426346097 Max:  0.676267069031587
Year 2018 mean: 0.554500
Nr subsample estimates neq 0.5 100
Nr subsample estimates = 0.5 0
Nr subsample estimates after adjustment 100
2018 0.531546080824844 0.565288840203315 0.5233701599444931
Output written to  /home/jernie/analysis/output/whitecollar/partisanship-whitecollar_Cadj_c0_partyf-cis.csv
Party variable: whitecollar, fake = 1, empirical: 0
Infile:  partisanship-whitecollar_randlabels_Cadj_c0_partyf.csv
/home/jernie/analysis/output/whitecollar/partisanship-whitecollar_randlabels_Cadj_c0_partyf.csv
Year:  1907
Min:  0.500779524276626 Median:  0.5232207441763674 Mean:  0.5268381304144915 Max:  0.60462925016906
Year 1907 mean: 0.526838
Nr subsample estimates neq 0.5 100
Nr subsample estimates = 0.5 0
Nr subsample estimates after adjustment 100
1907 0.508838358541115 0.5195174151537083 0.5065011750770465
Year:  1908
Min:  0.50153657767474 Median:  0.520345776435693 Mean:  0.5246668320365356 Max:  0.599012786657302
Year 1908 mean: 0.524667
Nr subsample estimates neq 0.5 100
Nr subsample estimates = 0.5 0
Nr subsample estimates after adjustment 100
1908 0.506649036162347 0.5122187510755535 0.5047020522255234
Year:  1909
Min:  0.502261835509372 Median:  0.523940245053618 Mean:  0.5286571876779494 Max:  0.624671964858095
Year 1909 mean: 0.528657
Nr subsample estimates neq 0.5 100
Nr subsample estimates = 0.5 0
Nr subsample estimates after adjustment 100
1909 0.510384803860434 0.5176560287389358 0.5077824284382063
Year:  1910
Min:  0.502840382659201 Median:  0.5270855188519445 Mean:  0.5299468065313075 Max:  0.600270064555221
Year 1910 mean: 0.529947
Nr subsample estimates neq 0.5 100
Nr subsample estimates = 0.5 0
Nr subsample estimates after adjustment 100
1910 0.508903633231151 0.5161395308146594 0.5067365286910225
Year:  1911
Min:  0.50117133321504 Median:  0.5205700332741975 Mean:  0.5241326351872102 Max:  0.575709214764761
Year 1911 mean: 0.524133
Nr subsample estimates neq 0.5 100
Nr subsample estimates = 0.5 0
Nr subsample estimates after adjustment 100
1911 0.509202899904779 0.5166015012145732 0.5070120848241585
Year:  1912
Min:  0.502364061530024 Median:  0.5250639676524635 Mean:  0.5309342796384886 Max:  0.631361598861691
Year 1912 mean: 0.530934
Nr subsample estimates neq 0.5 100
Nr subsample estimates = 0.5 0
Nr subsample estimates after adjustment 100
1912 0.506304920551315 0.5121154964632026 0.5046914022970517
Year:  1913
Min:  0.501946081492213 Median:  0.5173993497450504 Mean:  0.522489851602665 Max:  0.617265334705059
Year 1913 mean: 0.522490
Nr subsample estimates neq 0.5 100
Nr subsample estimates = 0.5 0
Nr subsample estimates after adjustment 100
1913 0.505191354039145 0.5098596810846827 0.5038645783557673
Year:  1914
Min:  0.501430117073371 Median:  0.5169118826168659 Mean:  0.5210213376926821 Max:  0.566843961961433
Year 1914 mean: 0.521021
Nr subsample estimates neq 0.5 100
Nr subsample estimates = 0.5 0
Nr subsample estimates after adjustment 100
1914 0.509934401754957 0.5188299699462842 0.5074681808996
Year:  1915
Parliament didn't gather, output nan
Year:  1916
Parliament didn't gather, output nan
Year:  1917
Min:  0.501019178660845 Median:  0.523085381823385 Mean:  0.5250197844947875 Max:  0.571994752185803
Year 1917 mean: 0.525020
Nr subsample estimates neq 0.5 100
Nr subsample estimates = 0.5 0
Nr subsample estimates after adjustment 100
1917 0.515790511483571 0.5266802202418588 0.5119698393102121
Year:  1918
Min:  0.500405155259193 Median:  0.52951275192648 Mean:  0.5385293723915626 Max:  0.672667242363265
Year 1918 mean: 0.538529
Nr subsample estimates neq 0.5 100
Nr subsample estimates = 0.5 0
Nr subsample estimates after adjustment 100
1918 0.525331094630696 0.5563234816572434 0.5184438556049878
Year:  1919
Min:  0.502424365949727 Median:  0.5158279603335235 Mean:  0.5223026215767814 Max:  0.596070285112756
Year 1919 mean: 0.522303
Nr subsample estimates neq 0.5 100
Nr subsample estimates = 0.5 0
Nr subsample estimates after adjustment 100
1919 0.517213559664312 0.5314729494887146 0.5119710568508808
Year:  1920
Min:  0.502014502666712 Median:  0.5174730230711625 Mean:  0.5262006698497101 Max:  0.652070385214046
Year 1920 mean: 0.526201
Nr subsample estimates neq 0.5 100
Nr subsample estimates = 0.5 0
Nr subsample estimates after adjustment 100
1920 0.513319856132094 0.5268936471161406 0.5099304683537099
Year:  1921
Min:  0.501638585483489 Median:  0.520278888022493 Mean:  0.5264869625135166 Max:  0.676554717459162
Year 1921 mean: 0.526487
Nr subsample estimates neq 0.5 100
Nr subsample estimates = 0.5 0
Nr subsample estimates after adjustment 100
1921 0.515053583273825 0.5272515480301129 0.5108916149402685
Year:  1922
Min:  0.501592814733652 Median:  0.5165568242180055 Mean:  0.5209691275249854 Max:  0.605216193301072
Year 1922 mean: 0.520969
Nr subsample estimates neq 0.5 100
Nr subsample estimates = 0.5 0
Nr subsample estimates after adjustment 100
1922 0.512667007732788 0.5233421665235031 0.5090916339985005
Year:  1923
Min:  0.500914040521799 Median:  0.5170817919861566 Mean:  0.5241143706206985 Max:  0.632195564892324
Year 1923 mean: 0.524114
Nr subsample estimates neq 0.5 100
Nr subsample estimates = 0.5 0
Nr subsample estimates after adjustment 100
1923 0.512221065430752 0.5222341322288061 0.5092409363768571
Year:  1924
Min:  0.500880551109219 Median:  0.5201451598315825 Mean:  0.5237440232427105 Max:  0.569573379567845
Year 1924 mean: 0.523744
Nr subsample estimates neq 0.5 100
Nr subsample estimates = 0.5 0
Nr subsample estimates after adjustment 100
1924 0.515399012737326 0.52604258361056 0.5115050201895448
Year:  1925
Min:  0.500858639300382 Median:  0.5233608063659061 Mean:  0.5270023791549159 Max:  0.595814609965165
Year 1925 mean: 0.527002
Nr subsample estimates neq 0.5 100
Nr subsample estimates = 0.5 0
Nr subsample estimates after adjustment 100
1925 0.513114930714597 0.5251606443168081 0.5096809320128157
Year:  1926
Min:  0.502291419544785 Median:  0.5232157373771635 Mean:  0.5298437180422747 Max:  0.5977412345568
Year 1926 mean: 0.529844
Nr subsample estimates neq 0.5 100
Nr subsample estimates = 0.5 0
Nr subsample estimates after adjustment 100
1926 0.516145054279269 0.5296486824912746 0.5115830818220289
Year:  1927
Min:  0.501118643201264 Median:  0.516377027263204 Mean:  0.5218389845190958 Max:  0.600671810166008
Year 1927 mean: 0.521839
Nr subsample estimates neq 0.5 100
Nr subsample estimates = 0.5 0
Nr subsample estimates after adjustment 100
1927 0.518331999491812 0.5319360532217563 0.5132110636211221
Year:  1928
Min:  0.501403997740713 Median:  0.5216462199335425 Mean:  0.5291151189113767 Max:  0.606539859351745
Year 1928 mean: 0.529115
Nr subsample estimates neq 0.5 100
Nr subsample estimates = 0.5 0
Nr subsample estimates after adjustment 100
1928 0.520100685548861 0.5387371597253111 0.5141525336985545
Year:  1929
Min:  0.501180899959655 Median:  0.5167504162377285 Mean:  0.5207192724611565 Max:  0.59713238151544
Year 1929 mean: 0.520719
Nr subsample estimates neq 0.5 100
Nr subsample estimates = 0.5 0
Nr subsample estimates after adjustment 100
1929 0.521506349530216 0.5400951092809644 0.5159777578121832
Year:  1930
Min:  0.501059908810532 Median:  0.5141839843431525 Mean:  0.5170347706849399 Max:  0.605480488851566
Year 1930 mean: 0.517035
Nr subsample estimates neq 0.5 100
Nr subsample estimates = 0.5 0
Nr subsample estimates after adjustment 100
1930 0.509279925441529 0.5181164995441379 0.5071206548593119
Year:  1931
Min:  0.502114707422113 Median:  0.5170136202107315 Mean:  0.5246652840485471 Max:  0.584662400966851
Year 1931 mean: 0.524665
Nr subsample estimates neq 0.5 100
Nr subsample estimates = 0.5 0
Nr subsample estimates after adjustment 100
1931 0.511174437857304 0.5199653521137111 0.5079355711217898
Year:  1932
Min:  0.501690453595199 Median:  0.5146781862330301 Mean:  0.5232799896008613 Max:  0.657812782658761
Year 1932 mean: 0.523280
Nr subsample estimates neq 0.5 100
Nr subsample estimates = 0.5 0
Nr subsample estimates after adjustment 100
1932 0.513580122947331 0.5254202159197217 0.5095450823194606
Year:  1933
Min:  0.500689005899775 Median:  0.519156448006511 Mean:  0.5267830622099552 Max:  0.609147199673024
Year 1933 mean: 0.526783
Nr subsample estimates neq 0.5 100
Nr subsample estimates = 0.5 0
Nr subsample estimates after adjustment 100
1933 0.511046153357358 0.5202662454383966 0.5078966256755847
Year:  1934
Min:  0.503659181772663 Median:  0.5233683042085725 Mean:  0.5305029978319225 Max:  0.662862886927131
Year 1934 mean: 0.530503
Nr subsample estimates neq 0.5 100
Nr subsample estimates = 0.5 0
Nr subsample estimates after adjustment 100
1934 0.526282844451043 0.5494269517869925 0.5187977855762964
Year:  1935
Min:  0.50173474406959 Median:  0.524469517125153 Mean:  0.5322542657387895 Max:  0.705895033026327
Year 1935 mean: 0.532254
Nr subsample estimates neq 0.5 100
Nr subsample estimates = 0.5 0
Nr subsample estimates after adjustment 100
1935 0.522868253741726 0.543801856199822 0.5169411229852672
Year:  1936
Min:  0.50111969119208 Median:  0.5212618346403625 Mean:  0.5297247074636051 Max:  0.657008966021538
Year 1936 mean: 0.529725
Nr subsample estimates neq 0.5 100
Nr subsample estimates = 0.5 0
Nr subsample estimates after adjustment 100
1936 0.523690127795441 0.5452437671072538 0.5178053300921986
Year:  1937
Min:  0.502875925705838 Median:  0.525367610639072 Mean:  0.5296138262680232 Max:  0.618043380534595
Year 1937 mean: 0.529614
Nr subsample estimates neq 0.5 100
Nr subsample estimates = 0.5 0
Nr subsample estimates after adjustment 100
1937 0.520652728022883 0.5372434647058614 0.5155083586578048
Year:  1938
Min:  0.501366667683703 Median:  0.519680652663481 Mean:  0.5254694531363974 Max:  0.602228859141552
Year 1938 mean: 0.525469
Nr subsample estimates neq 0.5 100
Nr subsample estimates = 0.5 0
Nr subsample estimates after adjustment 100
1938 0.512030337003192 0.5228399937969583 0.508754899674279
Year:  1939
Min:  0.500108671839032 Median:  0.5165533792263235 Mean:  0.527027033830322 Max:  0.656657261286354
Year 1939 mean: 0.527027
Nr subsample estimates neq 0.5 100
Nr subsample estimates = 0.5 0
Nr subsample estimates after adjustment 100
1939 0.510194600406365 0.5482096364603025 0.5068112406979038
Year:  1940
Min:  0.501395890522624 Median:  0.516809452455443 Mean:  0.5254114147736334 Max:  0.636903886652994
Year 1940 mean: 0.525411
Nr subsample estimates neq 0.5 100
Nr subsample estimates = 0.5 0
Nr subsample estimates after adjustment 100
1940 0.508391899170958 0.5162859529656322 0.5059933821859153
Year:  1941
Min:  0.500489541787731 Median:  0.5200662447191815 Mean:  0.5272054519632582 Max:  0.657833991377047
Year 1941 mean: 0.527205
Nr subsample estimates neq 0.5 100
Nr subsample estimates = 0.5 0
Nr subsample estimates after adjustment 100
1941 0.511666598000357 0.5215830598196073 0.5085720952622206
Year:  1942
Min:  0.501091805092609 Median:  0.5155242387310814 Mean:  0.5238787660059121 Max:  0.678912955085216
Year 1942 mean: 0.523879
Nr subsample estimates neq 0.5 100
Nr subsample estimates = 0.5 0
Nr subsample estimates after adjustment 100
1942 0.511514492163675 0.5248239511360782 0.5082762810559048
Year:  1943
Min:  0.500857116845831 Median:  0.520131739697306 Mean:  0.5237439318531579 Max:  0.607343764335346
Year 1943 mean: 0.523744
Nr subsample estimates neq 0.5 100
Nr subsample estimates = 0.5 0
Nr subsample estimates after adjustment 100
1943 0.513804516047581 0.5248227861234472 0.510667683926828
Year:  1944
Min:  0.500582846094867 Median:  0.5216758569478386 Mean:  0.5313579830277563 Max:  0.646966726882585
Year 1944 mean: 0.531358
Nr subsample estimates neq 0.5 100
Nr subsample estimates = 0.5 0
Nr subsample estimates after adjustment 100
1944 0.515579234952053 0.5287067789546196 0.5114273279798643
Year:  1945
Min:  0.501183123029763 Median:  0.5228626718030971 Mean:  0.530387379349564 Max:  0.611494817906074
Year 1945 mean: 0.530387
Nr subsample estimates neq 0.5 100
Nr subsample estimates = 0.5 0
Nr subsample estimates after adjustment 100
1945 0.512719254846275 0.5250356516648119 0.5090203107944521
Year:  1946
Min:  0.502158608372905 Median:  0.5236094875423795 Mean:  0.5293231141575927 Max:  0.686171316277594
Year 1946 mean: 0.529323
Nr subsample estimates neq 0.5 100
Nr subsample estimates = 0.5 0
Nr subsample estimates after adjustment 100
1946 0.515137090681635 0.530757176896507 0.5116047924752065
Year:  1947
Min:  0.503070242362175 Median:  0.520007801493099 Mean:  0.5256413391752284 Max:  0.609386542113299
Year 1947 mean: 0.525641
Nr subsample estimates neq 0.5 100
Nr subsample estimates = 0.5 0
Nr subsample estimates after adjustment 100
1947 0.516155217518883 0.5306972123656183 0.5114747673440009
Year:  1948
Min:  0.500378403649147 Median:  0.52492769462934 Mean:  0.5280105254897746 Max:  0.605675251605555
Year 1948 mean: 0.528011
Nr subsample estimates neq 0.5 100
Nr subsample estimates = 0.5 0
Nr subsample estimates after adjustment 100
1948 0.515518445665136 0.5280323662943829 0.5111067650079866
Year:  1949
Min:  0.501622676149217 Median:  0.516327869754992 Mean:  0.5241935536835568 Max:  0.63142446002094
Year 1949 mean: 0.524194
Nr subsample estimates neq 0.5 100
Nr subsample estimates = 0.5 0
Nr subsample estimates after adjustment 100
1949 0.513860590990034 0.5257951071245223 0.5096686704967976
Year:  1950
Min:  0.504147433275032 Median:  0.519943920549368 Mean:  0.5262225718612186 Max:  0.589550147606018
Year 1950 mean: 0.526223
Nr subsample estimates neq 0.5 100
Nr subsample estimates = 0.5 0
Nr subsample estimates after adjustment 100
1950 0.52297375018507 0.5395278338225817 0.5172128054352234
Year:  1951
Min:  0.502075251074214 Median:  0.5245005551560835 Mean:  0.5321752995811565 Max:  0.675515333196829
Year 1951 mean: 0.532175
Nr subsample estimates neq 0.5 100
Nr subsample estimates = 0.5 0
Nr subsample estimates after adjustment 100
1951 0.529192550014438 0.5587580312385388 0.5212284267719195
Year:  1952
Min:  0.500851474791314 Median:  0.524533603824151 Mean:  0.5341071803405001 Max:  0.688154083219592
Year 1952 mean: 0.534107
Nr subsample estimates neq 0.5 100
Nr subsample estimates = 0.5 0
Nr subsample estimates after adjustment 100
1952 0.527585959423111 0.5502458291959603 0.5213319862109149
Year:  1953
Min:  0.501994486414249 Median:  0.5258126441830364 Mean:  0.534042296945366 Max:  0.622435148699231
Year 1953 mean: 0.534042
Nr subsample estimates neq 0.5 100
Nr subsample estimates = 0.5 0
Nr subsample estimates after adjustment 100
1953 0.517663676419329 0.5401679186648457 0.5122181990186664
Year:  1954
Min:  0.503091794031666 Median:  0.5248981450104735 Mean:  0.5353907748313547 Max:  0.645895479491321
Year 1954 mean: 0.535391
Nr subsample estimates neq 0.5 100
Nr subsample estimates = 0.5 0
Nr subsample estimates after adjustment 100
1954 0.516702407356866 0.5318111802619069 0.5122460049615285
Year:  1955
Min:  0.502537384341474 Median:  0.527253743545385 Mean:  0.5316091773120663 Max:  0.673649727383789
Year 1955 mean: 0.531609
Nr subsample estimates neq 0.5 100
Nr subsample estimates = 0.5 0
Nr subsample estimates after adjustment 100
1955 0.517406866123772 0.5320379154771256 0.5131070661752112
Year:  1956
Min:  0.502114333355295 Median:  0.523843936989338 Mean:  0.5282760663245 Max:  0.630817020940367
Year 1956 mean: 0.528276
Nr subsample estimates neq 0.5 100
Nr subsample estimates = 0.5 0
Nr subsample estimates after adjustment 100
1956 0.524232809528881 0.5453688997097217 0.5178200029939228
Year:  1957
Min:  0.502894789021564 Median:  0.5258415510211134 Mean:  0.5324365194671095 Max:  0.65095549903946
Year 1957 mean: 0.532437
Nr subsample estimates neq 0.5 100
Nr subsample estimates = 0.5 0
Nr subsample estimates after adjustment 100
1957 0.568340378247269 0.6335112132602891 0.5507866880369958
Year:  1958
Min:  0.501191282904597 Median:  0.5230258570788645 Mean:  0.5284654723347608 Max:  0.596129921625187
Year 1958 mean: 0.528465
Nr subsample estimates neq 0.5 100
Nr subsample estimates = 0.5 0
Nr subsample estimates after adjustment 100
1958 0.520448984055532 0.5377865040125365 0.5142881451553085
Year:  1959
Min:  0.501819438088298 Median:  0.5217743426277626 Mean:  0.5290192377278244 Max:  0.623755055251571
Year 1959 mean: 0.529019
Nr subsample estimates neq 0.5 100
Nr subsample estimates = 0.5 0
Nr subsample estimates after adjustment 100
1959 0.515927232373211 0.5302186332797925 0.5111346049053371
Year:  1960
Min:  0.501081556196906 Median:  0.5269506123007375 Mean:  0.5319842460237996 Max:  0.631609223047749
Year 1960 mean: 0.531984
Nr subsample estimates neq 0.5 100
Nr subsample estimates = 0.5 0
Nr subsample estimates after adjustment 100
1960 0.515288025108294 0.5299791269591452 0.5116400993090482
Year:  1961
Min:  0.501028243532231 Median:  0.519521589352054 Mean:  0.526282332609722 Max:  0.619358685010628
Year 1961 mean: 0.526282
Nr subsample estimates neq 0.5 100
Nr subsample estimates = 0.5 0
Nr subsample estimates after adjustment 100
1961 0.517104450902755 0.5292735221964332 0.5124686582563407
Year:  1962
Min:  0.501816370154187 Median:  0.5235369324957125 Mean:  0.530693420885241 Max:  0.612354346337782
Year 1962 mean: 0.530693
Nr subsample estimates neq 0.5 100
Nr subsample estimates = 0.5 0
Nr subsample estimates after adjustment 100
1962 0.521018277058092 0.5374506910655225 0.5157012974651978
Year:  1963
Min:  0.503351780861126 Median:  0.523838893128163 Mean:  0.5353264448841474 Max:  0.666464435157608
Year 1963 mean: 0.535326
Nr subsample estimates neq 0.5 100
Nr subsample estimates = 0.5 0
Nr subsample estimates after adjustment 100
1963 0.531894461068999 0.5623939252556251 0.5232735053658502
Year:  1964
Min:  0.501661124419466 Median:  0.5348604320293371 Mean:  0.5397263416434486 Max:  0.668809518993592
Year 1964 mean: 0.539726
Nr subsample estimates neq 0.5 100
Nr subsample estimates = 0.5 0
Nr subsample estimates after adjustment 100
1964 0.52081593377375 0.5372880382352648 0.515983014410779
Year:  1965
Min:  0.501797607186408 Median:  0.528685958401056 Mean:  0.5368511804722031 Max:  0.65346587223441
Year 1965 mean: 0.536851
Nr subsample estimates neq 0.5 100
Nr subsample estimates = 0.5 0
Nr subsample estimates after adjustment 100
1965 0.521621659245482 0.5441361406761076 0.5157843090523856
Year:  1966
Min:  0.500604095863886 Median:  0.5372873588417479 Mean:  0.5472051272800224 Max:  0.689553963589427
Year 1966 mean: 0.547205
Nr subsample estimates neq 0.5 100
Nr subsample estimates = 0.5 0
Nr subsample estimates after adjustment 100
1966 0.544645177570378 0.6091028889414318 0.5335324336031659
Year:  1967
Min:  0.500821972940372 Median:  0.5543910683453905 Mean:  0.5620674898393827 Max:  0.672322294442957
Year 1967 mean: 0.562067
Nr subsample estimates neq 0.5 100
Nr subsample estimates = 0.5 0
Nr subsample estimates after adjustment 100
1967 0.594599032049082 0.6742599277328544 0.569088589778596
Year:  1968
Min:  0.504860921474279 Median:  0.556902846005261 Mean:  0.5606420471929321 Max:  0.706178920371419
Year 1968 mean: 0.560642
Nr subsample estimates neq 0.5 100
Nr subsample estimates = 0.5 0
Nr subsample estimates after adjustment 100
1968 0.542283640224561 0.5904396677692216 0.5300404470025719
Year:  1969
Min:  0.504992390531207 Median:  0.5408369655975125 Mean:  0.5503129426600959 Max:  0.650498364243845
Year 1969 mean: 0.550313
Nr subsample estimates neq 0.5 100
Nr subsample estimates = 0.5 0
Nr subsample estimates after adjustment 100
1969 0.556088009062683 0.6083560615101736 0.5401308375213116
Year:  1970
Min:  0.503383363814929 Median:  0.5318601337775251 Mean:  0.539733098939452 Max:  0.683151737795829
Year 1970 mean: 0.539733
Nr subsample estimates neq 0.5 100
Nr subsample estimates = 0.5 0
Nr subsample estimates after adjustment 100
1970 0.634216346229772 0.7377959564903191 0.5969819930595822
Year:  1971
Min:  0.501958376487362 Median:  0.531887486971328 Mean:  0.5377342714790849 Max:  0.673294214917724
Year 1971 mean: 0.537734
Nr subsample estimates neq 0.5 100
Nr subsample estimates = 0.5 0
Nr subsample estimates after adjustment 100
1971 0.6706571891617 0.8044489163562298 0.6313047135518794
Year:  1972
Min:  0.501328746581956 Median:  0.5350089357788059 Mean:  0.5438277295615198 Max:  0.705058813872358
Year 1972 mean: 0.543828
Nr subsample estimates neq 0.5 100
Nr subsample estimates = 0.5 0
Nr subsample estimates after adjustment 100
1972 0.528057933977181 0.5537548846835797 0.5208156677712479
Year:  1973
Min:  0.500813927113529 Median:  0.5457608444959949 Mean:  0.5544605203611952 Max:  0.658910524483233
Year 1973 mean: 0.554461
Nr subsample estimates neq 0.5 100
Nr subsample estimates = 0.5 0
Nr subsample estimates after adjustment 100
1973 0.670965533615055 0.7987498610925703 0.6213398577643849
Year:  1974
Min:  0.502242366280978 Median:  0.5456124477403055 Mean:  0.5545200702426244 Max:  0.684719387065931
Year 1974 mean: 0.554520
Nr subsample estimates neq 0.5 100
Nr subsample estimates = 0.5 0
Nr subsample estimates after adjustment 100
1974 0.535324384512548 0.5708012385350706 0.5260182573455847
Year:  1975
Min:  0.501248938535201 Median:  0.546491296899569 Mean:  0.555223792619969 Max:  0.677839284094815
Year 1975 mean: 0.555224
Nr subsample estimates neq 0.5 100
Nr subsample estimates = 0.5 0
Nr subsample estimates after adjustment 100
1975 0.690547923855005 0.869251317878161 0.6398250563209219
Year:  1976
Min:  0.506183854566655 Median:  0.544979975184936 Mean:  0.5539134200627605 Max:  0.665357912290368
Year 1976 mean: 0.553913
Nr subsample estimates neq 0.5 100
Nr subsample estimates = 0.5 0
Nr subsample estimates after adjustment 100
1976 0.534264348635757 0.5583869079051678 0.5263526664260855
Year:  1977
Min:  0.50091086718858 Median:  0.542264208146974 Mean:  0.5518256408906919 Max:  0.714421120072104
Year 1977 mean: 0.551826
Nr subsample estimates neq 0.5 100
Nr subsample estimates = 0.5 0
Nr subsample estimates after adjustment 100
1977 0.5355131874389 0.5636630822034802 0.5272536608390808
Year:  1978
Min:  0.501750310124334 Median:  0.541752620587343 Mean:  0.5507119193534398 Max:  0.660530335419375
Year 1978 mean: 0.550712
Nr subsample estimates neq 0.5 100
Nr subsample estimates = 0.5 0
Nr subsample estimates after adjustment 100
1978 0.538909767567998 0.5806775016546298 0.5277596245706113
Year:  1979
Min:  0.502955699397598 Median:  0.5429031906984155 Mean:  0.5558258569656023 Max:  0.732726317434803
Year 1979 mean: 0.555826
Nr subsample estimates neq 0.5 100
Nr subsample estimates = 0.5 0
Nr subsample estimates after adjustment 100
1979 0.60693124660611 0.7137458315994603 0.577990999529598
Year:  1980
Min:  0.500615789820423 Median:  0.5483116046098104 Mean:  0.553119648538281 Max:  0.712999809252608
Year 1980 mean: 0.553120
Nr subsample estimates neq 0.5 100
Nr subsample estimates = 0.5 0
Nr subsample estimates after adjustment 100
1980 0.707007988400237 0.8719451731905021 0.6546958550918799
Year:  1981
Min:  0.500716434101751 Median:  0.5403285391112385 Mean:  0.5562936576637321 Max:  0.697064265475275
Year 1981 mean: 0.556294
Nr subsample estimates neq 0.5 100
Nr subsample estimates = 0.5 0
Nr subsample estimates after adjustment 100
1981 0.530930114779096 0.5575742324696265 0.5221568161982941
Year:  1982
Min:  0.500900942591474 Median:  0.5453497963087185 Mean:  0.5592345870438062 Max:  0.676249602235589
Year 1982 mean: 0.559235
Nr subsample estimates neq 0.5 100
Nr subsample estimates = 0.5 0
Nr subsample estimates after adjustment 100
1982 0.533356370247659 0.5610269147264308 0.524228795465506
Year:  1983
Min:  0.501615511190407 Median:  0.5437352747602711 Mean:  0.552145192904909 Max:  0.67827800718035
Year 1983 mean: 0.552145
Nr subsample estimates neq 0.5 100
Nr subsample estimates = 0.5 0
Nr subsample estimates after adjustment 100
1983 0.543443124461196 0.5812996929809295 0.5311832632761112
Year:  1984
Too few MPs, randlabel = 0: 14
Making nan append for year  1984
Year:  1985
Too few MPs, randlabel = 0: 14
Making nan append for year  1985
Year:  1986
Min:  0.502327921248524 Median:  0.564396837169983 Mean:  0.5773937237811558 Max:  0.727671295322493
Year 1986 mean: 0.577394
Nr subsample estimates neq 0.5 100
Nr subsample estimates = 0.5 0
Nr subsample estimates after adjustment 100
1986 0.55376475735284 0.6129279687592016 0.5379665868984408
Year:  1987
Too few MPs, randlabel = 0: 13
Making nan append for year  1987
Year:  1988
Too few MPs, randlabel = 0: 13
Making nan append for year  1988
Year:  1989
Too few MPs, randlabel = 0: 13
Making nan append for year  1989
Year:  1990
Too few MPs, randlabel = 0: 14
Making nan append for year  1990
Year:  1991
Min:  0.503141890716517 Median:  0.5370615165369075 Mean:  0.5518533262123578 Max:  0.717274793291467
Year 1991 mean: 0.551853
Nr subsample estimates neq 0.5 100
Nr subsample estimates = 0.5 0
Nr subsample estimates after adjustment 100
1991 0.524282372781749 0.5488844706436644 0.5166943578375423
Year:  1992
Min:  0.502415870182395 Median:  0.5551992501000885 Mean:  0.5633882943494831 Max:  0.730809727482835
Year 1992 mean: 0.563388
Nr subsample estimates neq 0.5 100
Nr subsample estimates = 0.5 0
Nr subsample estimates after adjustment 100
1992 0.536347506796527 0.5847642045622855 0.5255953270707656
Year:  1993
Min:  0.502715692474386 Median:  0.5394786006088255 Mean:  0.5571320883600079 Max:  0.714268891529959
Year 1993 mean: 0.557132
Nr subsample estimates neq 0.5 100
Nr subsample estimates = 0.5 0
Nr subsample estimates after adjustment 100
1993 0.560599671094835 0.6225603321967496 0.53881061713737
Year:  1994
Min:  0.503371065854221 Median:  0.5476876828587485 Mean:  0.5637907670507127 Max:  0.700474050723553
Year 1994 mean: 0.563791
Nr subsample estimates neq 0.5 100
Nr subsample estimates = 0.5 0
Nr subsample estimates after adjustment 100
1994 0.54055274852076 0.5795325463338769 0.5286360267540499
Year:  1995
Min:  0.501123387121087 Median:  0.5346457146706804 Mean:  0.5494196175936616 Max:  0.644272167559028
Year 1995 mean: 0.549420
Nr subsample estimates neq 0.5 100
Nr subsample estimates = 0.5 0
Nr subsample estimates after adjustment 100
1995 0.528858852176124 0.5554816737756495 0.5204629384842543
Year:  1996
Min:  0.50387268556471 Median:  0.5258961175297395 Mean:  0.5395796137495025 Max:  0.639424533111291
Year 1996 mean: 0.539580
Nr subsample estimates neq 0.5 100
Nr subsample estimates = 0.5 0
Nr subsample estimates after adjustment 100
1996 0.529712363435364 0.5598249234730056 0.5205800972973471
Year:  1997
Min:  0.502207498563935 Median:  0.5307290426919675 Mean:  0.5422318407220779 Max:  0.691694857482442
Year 1997 mean: 0.542232
Nr subsample estimates neq 0.5 100
Nr subsample estimates = 0.5 0
Nr subsample estimates after adjustment 100
1997 0.530483161015008 0.568815648174769 0.5207743553713973
Year:  1998
Min:  0.501119626514487 Median:  0.530742273671014 Mean:  0.5386074586906519 Max:  0.646189253375113
Year 1998 mean: 0.538607
Nr subsample estimates neq 0.5 100
Nr subsample estimates = 0.5 0
Nr subsample estimates after adjustment 100
1998 0.529300472919953 0.5748982850507078 0.5202624048561512
Year:  1999
Min:  0.502820947599987 Median:  0.5245318966207211 Mean:  0.5354260565604154 Max:  0.689890719054038
Year 1999 mean: 0.535426
Nr subsample estimates neq 0.5 100
Nr subsample estimates = 0.5 0
Nr subsample estimates after adjustment 100
1999 0.52799585503283 0.5574350532691228 0.5187818691867867
Year:  2000
Min:  0.501670819689116 Median:  0.5254262735063846 Mean:  0.5342144909686257 Max:  0.659461710940503
Year 2000 mean: 0.534214
Nr subsample estimates neq 0.5 100
Nr subsample estimates = 0.5 0
Nr subsample estimates after adjustment 100
2000 0.529026554505959 0.5595465832788815 0.5199852879408003
Year:  2001
Min:  0.501567408539905 Median:  0.5215693973472835 Mean:  0.536656489100153 Max:  0.652573469853245
Year 2001 mean: 0.536656
Nr subsample estimates neq 0.5 100
Nr subsample estimates = 0.5 0
Nr subsample estimates after adjustment 100
2001 0.521922233314253 0.5497138777397313 0.5147415108626465
Year:  2002
Min:  0.502380282576015 Median:  0.5220555461023311 Mean:  0.5329532601810051 Max:  0.727222387525402
Year 2002 mean: 0.532953
Nr subsample estimates neq 0.5 100
Nr subsample estimates = 0.5 0
Nr subsample estimates after adjustment 100
2002 0.525701504094874 0.5583542456850856 0.5178007428050768
Year:  2003
Min:  0.503169887137693 Median:  0.5342491864284096 Mean:  0.5423019037326636 Max:  0.684503611086397
Year 2003 mean: 0.542302
Nr subsample estimates neq 0.5 100
Nr subsample estimates = 0.5 0
Nr subsample estimates after adjustment 100
2003 0.52659378330286 0.554633462248938 0.518286711737247
Year:  2004
Min:  0.502053271931878 Median:  0.532065862472517 Mean:  0.5403406935642128 Max:  0.64132996781169
Year 2004 mean: 0.540341
Nr subsample estimates neq 0.5 100
Nr subsample estimates = 0.5 0
Nr subsample estimates after adjustment 100
2004 0.52535978920126 0.5524948424530693 0.5185616990642031
Year:  2005
Min:  0.504115776307166 Median:  0.5361294121708455 Mean:  0.5515112265607821 Max:  0.734249099401981
Year 2005 mean: 0.551511
Nr subsample estimates neq 0.5 100
Nr subsample estimates = 0.5 0
Nr subsample estimates after adjustment 100
2005 0.54194849879678 0.5846574970846027 0.5301680467684328
Year:  2006
Min:  0.503008578661927 Median:  0.534677250207961 Mean:  0.5445141898051947 Max:  0.643575456295218
Year 2006 mean: 0.544514
Nr subsample estimates neq 0.5 100
Nr subsample estimates = 0.5 0
Nr subsample estimates after adjustment 100
2006 0.526627065060736 0.5470789746145837 0.5187111078333148
Year:  2007
Min:  0.506079569784919 Median:  0.5366017648297445 Mean:  0.5465326886896668 Max:  0.69545129944005
Year 2007 mean: 0.546533
Nr subsample estimates neq 0.5 100
Nr subsample estimates = 0.5 0
Nr subsample estimates after adjustment 100
2007 0.545112091114251 0.584118167312591 0.5331905887348507
Year:  2008
Min:  0.501973228092507 Median:  0.5435105135801246 Mean:  0.5498223122039207 Max:  0.714701664895179
Year 2008 mean: 0.549822
Nr subsample estimates neq 0.5 100
Nr subsample estimates = 0.5 0
Nr subsample estimates after adjustment 100
2008 0.531961444400521 0.5686955831527466 0.5238902947737617
Year:  2009
Min:  0.50403913110282 Median:  0.537078585830891 Mean:  0.5452206526754556 Max:  0.629048550981567
Year 2009 mean: 0.545221
Nr subsample estimates neq 0.5 100
Nr subsample estimates = 0.5 0
Nr subsample estimates after adjustment 100
2009 0.558717043736607 0.6043038463492325 0.543558220992069
Year:  2010
Min:  0.50390158625982 Median:  0.53869385923296 Mean:  0.5459626930104474 Max:  0.678142785243803
Year 2010 mean: 0.545963
Nr subsample estimates neq 0.5 100
Nr subsample estimates = 0.5 0
Nr subsample estimates after adjustment 100
2010 0.532796979732233 0.5651520022411063 0.5232072454273403
Year:  2011
Min:  0.503748248649263 Median:  0.534807341413882 Mean:  0.5476849297237824 Max:  0.667699482141688
Year 2011 mean: 0.547685
Nr subsample estimates neq 0.5 100
Nr subsample estimates = 0.5 0
Nr subsample estimates after adjustment 100
2011 0.556286242344634 0.6026393729317174 0.539523904525215
Year:  2012
Min:  0.502485036429149 Median:  0.5464232637678225 Mean:  0.5548105184954595 Max:  0.696884561509359
Year 2012 mean: 0.554811
Nr subsample estimates neq 0.5 100
Nr subsample estimates = 0.5 0
Nr subsample estimates after adjustment 100
2012 0.534057312073558 0.5659509780795228 0.5257883071870618
Year:  2013
Min:  0.503199139704203 Median:  0.5397492174473345 Mean:  0.5488600926362173 Max:  0.675421339007023
Year 2013 mean: 0.548860
Nr subsample estimates neq 0.5 100
Nr subsample estimates = 0.5 0
Nr subsample estimates after adjustment 100
2013 0.537480446200992 0.5717801808309595 0.527520653581748
Year:  2014
Min:  0.504511720911574 Median:  0.5484282502089111 Mean:  0.5535283645807122 Max:  0.66595096481012
Year 2014 mean: 0.553528
Nr subsample estimates neq 0.5 100
Nr subsample estimates = 0.5 0
Nr subsample estimates after adjustment 100
2014 0.566045850102643 0.6063862202339527 0.5527299432925338
Year:  2015
Min:  0.504278222428721 Median:  0.5545200213281816 Mean:  0.5626022844532068 Max:  0.723161172985768
Year 2015 mean: 0.562602
Nr subsample estimates neq 0.5 100
Nr subsample estimates = 0.5 0
Nr subsample estimates after adjustment 100
2015 0.53648624265272 0.5694804103003488 0.5279421340504402
Year:  2016
Min:  0.500712709186592 Median:  0.5421566787697635 Mean:  0.5586069210287788 Max:  0.691629654973768
Year 2016 mean: 0.558607
Nr subsample estimates neq 0.5 100
Nr subsample estimates = 0.5 0
Nr subsample estimates after adjustment 100
2016 0.529700260818905 0.5605834751551158 0.5212647484740932
Year:  2017
Min:  0.501297073291975 Median:  0.53496126198376 Mean:  0.5490491898079578 Max:  0.670694984706301
Year 2017 mean: 0.549049
Nr subsample estimates neq 0.5 100
Nr subsample estimates = 0.5 0
Nr subsample estimates after adjustment 100
2017 0.524587906580754 0.5498606618892995 0.5172042036488337
Year:  2018
Min:  0.503748217867503 Median:  0.538505586122306 Mean:  0.5516497294127821 Max:  0.697459285150745
Year 2018 mean: 0.551650
Nr subsample estimates neq 0.5 100
Nr subsample estimates = 0.5 0
Nr subsample estimates after adjustment 100
2018 0.541857719183417 0.5859743208462765 0.5304490631593075
Output written to  /home/jernie/analysis/output/whitecollar/partisanship-whitecollar_randlabels_Cadj_c0_partyf-cis.csv
