Party variable: education, fake = 0, empirical: 0
Infile:  partisanship-education_Cadj_c0_partyf.csv
/home/jernie/analysis/output/education/partisanship-education_Cadj_c0_partyf.csv
Year:  1907
Min:  0.508061685208883 Median:  0.534946243917739 Mean:  0.5398008168231039 Max:  0.597432691782858
Year 1907 mean: 0.539801
Nr subsample estimates neq 0.5 100
Nr subsample estimates = 0.5 0
Nr subsample estimates after adjustment 100
1907 0.508676170085539 0.5140624184306353 0.506821727521616
Year:  1908
Min:  0.511845974413706 Median:  0.5451017633372 Mean:  0.548842479780218 Max:  0.630540889275924
Year 1908 mean: 0.548842
Nr subsample estimates neq 0.5 100
Nr subsample estimates = 0.5 0
Nr subsample estimates after adjustment 100
1908 0.513634976085711 0.5186120959720425 0.5109820838405071
Year:  1909
Min:  0.506832566099781 Median:  0.538065421121552 Mean:  0.5375862500687714 Max:  0.581872862192669
Year 1909 mean: 0.537586
Nr subsample estimates neq 0.5 100
Nr subsample estimates = 0.5 0
Nr subsample estimates after adjustment 100
1909 0.505410644081082 0.5080283529776963 0.5042492463025402
Year:  1910
Min:  0.504755788038304 Median:  0.54259296813362 Mean:  0.5474588902514544 Max:  0.634362244542356
Year 1910 mean: 0.547459
Nr subsample estimates neq 0.5 100
Nr subsample estimates = 0.5 0
Nr subsample estimates after adjustment 100
1910 0.509011372747483 0.5134474971765705 0.507252734841152
Year:  1911
Min:  0.504360156004077 Median:  0.5402635043202471 Mean:  0.5450080938946054 Max:  0.626202231370644
Year 1911 mean: 0.545008
Nr subsample estimates neq 0.5 100
Nr subsample estimates = 0.5 0
Nr subsample estimates after adjustment 100
1911 0.508714770641235 0.513592714493185 0.5066716506320955
Year:  1912
Min:  0.504306867584745 Median:  0.535510887177116 Mean:  0.538824461430967 Max:  0.618614768529633
Year 1912 mean: 0.538824
Nr subsample estimates neq 0.5 100
Nr subsample estimates = 0.5 0
Nr subsample estimates after adjustment 100
1912 0.505887005725587 0.5098290803759686 0.5046141962092056
Year:  1913
Min:  0.506564446607035 Median:  0.5424030401582725 Mean:  0.5443716942440344 Max:  0.607211538292137
Year 1913 mean: 0.544372
Nr subsample estimates neq 0.5 100
Nr subsample estimates = 0.5 0
Nr subsample estimates after adjustment 100
1913 0.510770567330592 0.5154694666841394 0.5088044875690427
Year:  1914
Min:  0.502442398782288 Median:  0.538642540717027 Mean:  0.5407145696256545 Max:  0.619885515624103
Year 1914 mean: 0.540715
Nr subsample estimates neq 0.5 100
Nr subsample estimates = 0.5 0
Nr subsample estimates after adjustment 100
1914 0.507318741431183 0.5111065607082379 0.5057404055086818
Year:  1915
Parliament didn't gather, output nan
Year:  1916
Parliament didn't gather, output nan
Year:  1917
Min:  0.508575641965398 Median:  0.535759113470781 Mean:  0.5369315294063176 Max:  0.584340289297319
Year 1917 mean: 0.536932
Nr subsample estimates neq 0.5 100
Nr subsample estimates = 0.5 0
Nr subsample estimates after adjustment 100
1917 0.514281150135387 0.521977983860004 0.5112773487975881
Year:  1918
Min:  0.503308822865186 Median:  0.546623625550389 Mean:  0.5549925284463827 Max:  0.683612741541747
Year 1918 mean: 0.554993
Nr subsample estimates neq 0.5 100
Nr subsample estimates = 0.5 0
Nr subsample estimates after adjustment 100
1918 0.521890497714823 0.5347977478484268 0.5177139841400114
Year:  1919
Min:  0.508130907389907 Median:  0.5329375699835686 Mean:  0.5356774460673361 Max:  0.586849993825168
Year 1919 mean: 0.535677
Nr subsample estimates neq 0.5 100
Nr subsample estimates = 0.5 0
Nr subsample estimates after adjustment 100
1919 0.512264790505161 0.52079190197017 0.5092628155867582
Year:  1920
Min:  0.503287952470141 Median:  0.5311757230718716 Mean:  0.5337946414856929 Max:  0.591224253384645
Year 1920 mean: 0.533795
Nr subsample estimates neq 0.5 100
Nr subsample estimates = 0.5 0
Nr subsample estimates after adjustment 100
1920 0.510548214814299 0.5172146551050647 0.5079507757053292
Year:  1921
Min:  0.505432838695652 Median:  0.534840533488979 Mean:  0.536872542530489 Max:  0.615795126993916
Year 1921 mean: 0.536873
Nr subsample estimates neq 0.5 100
Nr subsample estimates = 0.5 0
Nr subsample estimates after adjustment 100
1921 0.513144646811812 0.5227248177193681 0.5098979827521415
Year:  1922
Min:  0.502757576782507 Median:  0.5204628851081385 Mean:  0.5258282136246101 Max:  0.576776066210354
Year 1922 mean: 0.525828
Nr subsample estimates neq 0.5 100
Nr subsample estimates = 0.5 0
Nr subsample estimates after adjustment 100
1922 0.507770231929295 0.5132279003412109 0.5055986269173264
Year:  1923
Min:  0.504917127691256 Median:  0.529528335508331 Mean:  0.5315328977239627 Max:  0.593731233120182
Year 1923 mean: 0.531533
Nr subsample estimates neq 0.5 100
Nr subsample estimates = 0.5 0
Nr subsample estimates after adjustment 100
1923 0.510693560886757 0.518053716446591 0.5086150038274998
Year:  1924
Min:  0.503381716738354 Median:  0.528734353517615 Mean:  0.5298071067254562 Max:  0.582767176007702
Year 1924 mean: 0.529807
Nr subsample estimates neq 0.5 100
Nr subsample estimates = 0.5 0
Nr subsample estimates after adjustment 100
1924 0.510747452047243 0.5167127246657807 0.5083328617817735
Year:  1925
Min:  0.504619115672911 Median:  0.526840754789875 Mean:  0.5294212527961291 Max:  0.582309855604064
Year 1925 mean: 0.529421
Nr subsample estimates neq 0.5 100
Nr subsample estimates = 0.5 0
Nr subsample estimates after adjustment 100
1925 0.508036214603196 0.5124840777434795 0.5062604447146296
Year:  1926
Min:  0.503423606611274 Median:  0.5253894917865904 Mean:  0.5286764045352539 Max:  0.583093848150167
Year 1926 mean: 0.528676
Nr subsample estimates neq 0.5 100
Nr subsample estimates = 0.5 0
Nr subsample estimates after adjustment 100
1926 0.512974940413582 0.5214317818293084 0.5097438209806717
Year:  1927
Min:  0.504973369038678 Median:  0.5230320626460885 Mean:  0.528475825459726 Max:  0.591600413028808
Year 1927 mean: 0.528476
Nr subsample estimates neq 0.5 100
Nr subsample estimates = 0.5 0
Nr subsample estimates after adjustment 100
1927 0.509930945727993 0.5154416745308724 0.5076449209432594
Year:  1928
Min:  0.503118060117974 Median:  0.5227650028435495 Mean:  0.5276321047608489 Max:  0.578777068555757
Year 1928 mean: 0.527632
Nr subsample estimates neq 0.5 100
Nr subsample estimates = 0.5 0
Nr subsample estimates after adjustment 100
1928 0.51164166838022 0.51945695272239 0.509075308236896
Year:  1929
Min:  0.502330731678412 Median:  0.523704805893977 Mean:  0.5275491721815955 Max:  0.581151312768433
Year 1929 mean: 0.527549
Nr subsample estimates neq 0.5 100
Nr subsample estimates = 0.5 0
Nr subsample estimates after adjustment 100
1929 0.514477278768468 0.5214024209859247 0.5114014140111329
Year:  1930
Min:  0.502064737225922 Median:  0.5250902702351485 Mean:  0.5268495639618666 Max:  0.566031477533306
Year 1930 mean: 0.526850
Nr subsample estimates neq 0.5 100
Nr subsample estimates = 0.5 0
Nr subsample estimates after adjustment 100
1930 0.507703311413225 0.5123269137435927 0.5062001294759346
Year:  1931
Min:  0.502472060288232 Median:  0.522533474365922 Mean:  0.5262569832042415 Max:  0.57762524309852
Year 1931 mean: 0.526257
Nr subsample estimates neq 0.5 100
Nr subsample estimates = 0.5 0
Nr subsample estimates after adjustment 100
1931 0.507181374982294 0.511610437820268 0.5054970977387262
Year:  1932
Min:  0.504292364579784 Median:  0.5284133504585931 Mean:  0.5296882456085441 Max:  0.576442840198135
Year 1932 mean: 0.529688
Nr subsample estimates neq 0.5 100
Nr subsample estimates = 0.5 0
Nr subsample estimates after adjustment 100
1932 0.514448436885835 0.524174153751383 0.510923488252416
Year:  1933
Min:  0.504546440512799 Median:  0.5360622836767754 Mean:  0.538380239684145 Max:  0.620440145643759
Year 1933 mean: 0.538380
Nr subsample estimates neq 0.5 100
Nr subsample estimates = 0.5 0
Nr subsample estimates after adjustment 100
1933 0.508890645945197 0.5134691046463927 0.5072224164499434
Year:  1934
Min:  0.504132987986018 Median:  0.5237205895827826 Mean:  0.5279128430898865 Max:  0.60943551745721
Year 1934 mean: 0.527913
Nr subsample estimates neq 0.5 100
Nr subsample estimates = 0.5 0
Nr subsample estimates after adjustment 100
1934 0.507542398280237 0.5121108983583662 0.5058657236415512
Year:  1935
Min:  0.504325690142274 Median:  0.5258596350707445 Mean:  0.5318082595855274 Max:  0.596719189089532
Year 1935 mean: 0.531808
Nr subsample estimates neq 0.5 100
Nr subsample estimates = 0.5 0
Nr subsample estimates after adjustment 100
1935 0.512429804541814 0.5224894997158637 0.508963254219898
Year:  1936
Min:  0.505141210487093 Median:  0.5330625910981894 Mean:  0.536448081594775 Max:  0.651173523176748
Year 1936 mean: 0.536448
Nr subsample estimates neq 0.5 100
Nr subsample estimates = 0.5 0
Nr subsample estimates after adjustment 100
1936 0.512152828430923 0.5188635255256288 0.5097896688357743
Year:  1937
Min:  0.504226701744196 Median:  0.530960177090002 Mean:  0.5335122802391463 Max:  0.579653366079544
Year 1937 mean: 0.533512
Nr subsample estimates neq 0.5 100
Nr subsample estimates = 0.5 0
Nr subsample estimates after adjustment 100
1937 0.508655735328097 0.5119365788137237 0.5068338181079229
Year:  1938
Min:  0.504744617692504 Median:  0.52949463544647 Mean:  0.5321571886825023 Max:  0.57997332741021
Year 1938 mean: 0.532157
Nr subsample estimates neq 0.5 100
Nr subsample estimates = 0.5 0
Nr subsample estimates after adjustment 100
1938 0.507416494770949 0.5124697754568706 0.5054286588992088
Year:  1939
Min:  0.500172228112997 Median:  0.531916547650725 Mean:  0.5357011420748532 Max:  0.606152937232078
Year 1939 mean: 0.535701
Nr subsample estimates neq 0.5 100
Nr subsample estimates = 0.5 0
Nr subsample estimates after adjustment 100
1939 0.508197172451908 0.5157250192653391 0.5057996356790659
Year:  1940
Min:  0.50460239416245 Median:  0.5225676858038305 Mean:  0.5270075548543194 Max:  0.583543860147885
Year 1940 mean: 0.527008
Nr subsample estimates neq 0.5 100
Nr subsample estimates = 0.5 0
Nr subsample estimates after adjustment 100
1940 0.507369432336432 0.5114449846231114 0.5055320563511326
Year:  1941
Min:  0.504738341884532 Median:  0.5288597048732631 Mean:  0.5320625666762414 Max:  0.590906226076817
Year 1941 mean: 0.532063
Nr subsample estimates neq 0.5 100
Nr subsample estimates = 0.5 0
Nr subsample estimates after adjustment 100
1941 0.507776284976641 0.5128397301130505 0.5060116436454275
Year:  1942
Min:  0.505064388842172 Median:  0.5273099447333625 Mean:  0.532524649377953 Max:  0.589031237877831
Year 1942 mean: 0.532525
Nr subsample estimates neq 0.5 100
Nr subsample estimates = 0.5 0
Nr subsample estimates after adjustment 100
1942 0.508309358947456 0.5129943876140766 0.5064308051712466
Year:  1943
Min:  0.503664914850399 Median:  0.5267001751436635 Mean:  0.5297076515061423 Max:  0.580442054002409
Year 1943 mean: 0.529708
Nr subsample estimates neq 0.5 100
Nr subsample estimates = 0.5 0
Nr subsample estimates after adjustment 100
1943 0.50891880504017 0.51334997707612 0.5069438189648401
Year:  1944
Min:  0.504753644596523 Median:  0.5301696369277136 Mean:  0.5350986942895566 Max:  0.60097776767366
Year 1944 mean: 0.535099
Nr subsample estimates neq 0.5 100
Nr subsample estimates = 0.5 0
Nr subsample estimates after adjustment 100
1944 0.510837212320595 0.5185089051472794 0.5083947726725501
Year:  1945
Min:  0.504535447544797 Median:  0.5275112067797465 Mean:  0.5277679769944481 Max:  0.565463951106952
Year 1945 mean: 0.527768
Nr subsample estimates neq 0.5 100
Nr subsample estimates = 0.5 0
Nr subsample estimates after adjustment 100
1945 0.507997370657577 0.51380624390449 0.5061806458399659
Year:  1946
Min:  0.501601403081495 Median:  0.5188390525048705 Mean:  0.5220080540076929 Max:  0.554837940160476
Year 1946 mean: 0.522008
Nr subsample estimates neq 0.5 100
Nr subsample estimates = 0.5 0
Nr subsample estimates after adjustment 100
1946 0.507487759670798 0.5126187476775628 0.5055548464654038
Year:  1947
Min:  0.501328951248204 Median:  0.516681993252195 Mean:  0.5196169428545945 Max:  0.552848651277599
Year 1947 mean: 0.519617
Nr subsample estimates neq 0.5 100
Nr subsample estimates = 0.5 0
Nr subsample estimates after adjustment 100
1947 0.507217768222465 0.5125709815563348 0.5053839725316978
Year:  1948
Min:  0.504697722630988 Median:  0.524640726347772 Mean:  0.5252310591740881 Max:  0.554415567371174
Year 1948 mean: 0.525231
Nr subsample estimates neq 0.5 100
Nr subsample estimates = 0.5 0
Nr subsample estimates after adjustment 100
1948 0.510393175681927 0.5161277534114835 0.5082459420015694
Year:  1949
Min:  0.502496347267587 Median:  0.5247616207730934 Mean:  0.5268385882806081 Max:  0.581648115463545
Year 1949 mean: 0.526839
Nr subsample estimates neq 0.5 100
Nr subsample estimates = 0.5 0
Nr subsample estimates after adjustment 100
1949 0.507757521232513 0.5133096958263231 0.5058219979993641
Year:  1950
Min:  0.503413849330608 Median:  0.523297376869164 Mean:  0.5251782154887189 Max:  0.580743076857836
Year 1950 mean: 0.525178
Nr subsample estimates neq 0.5 100
Nr subsample estimates = 0.5 0
Nr subsample estimates after adjustment 100
1950 0.515394472265636 0.524500398354403 0.5123004248538547
Year:  1951
Min:  0.502465892862908 Median:  0.5281136547255361 Mean:  0.5306649416459954 Max:  0.591240420493282
Year 1951 mean: 0.530665
Nr subsample estimates neq 0.5 100
Nr subsample estimates = 0.5 0
Nr subsample estimates after adjustment 100
1951 0.509195225037185 0.5137333647958204 0.5072859014685696
Year:  1952
Min:  0.502650258224204 Median:  0.519259818593175 Mean:  0.5237868333342393 Max:  0.566998773382919
Year 1952 mean: 0.523787
Nr subsample estimates neq 0.5 100
Nr subsample estimates = 0.5 0
Nr subsample estimates after adjustment 100
1952 0.509003539994519 0.5153509909801794 0.5066535519774125
Year:  1953
Min:  0.501896808880712 Median:  0.516836067101373 Mean:  0.5196401371918136 Max:  0.553322383687241
Year 1953 mean: 0.519640
Nr subsample estimates neq 0.5 100
Nr subsample estimates = 0.5 0
Nr subsample estimates after adjustment 100
1953 0.507219308478989 0.5123410104880306 0.5053167953569178
Year:  1954
Min:  0.503483384517799 Median:  0.5247099677819285 Mean:  0.5280124785569577 Max:  0.611864314562098
Year 1954 mean: 0.528012
Nr subsample estimates neq 0.5 100
Nr subsample estimates = 0.5 0
Nr subsample estimates after adjustment 100
1954 0.506934989929931 0.5120071664583316 0.5053139695481984
Year:  1955
Min:  0.505022297335078 Median:  0.524981843917383 Mean:  0.5256853232746272 Max:  0.564233766381301
Year 1955 mean: 0.525685
Nr subsample estimates neq 0.5 100
Nr subsample estimates = 0.5 0
Nr subsample estimates after adjustment 100
1955 0.507362372917181 0.5110337248374721 0.5057728256536955
Year:  1956
Min:  0.503575713150251 Median:  0.526388046057308 Mean:  0.5284029438966896 Max:  0.585263682585727
Year 1956 mean: 0.528403
Nr subsample estimates neq 0.5 100
Nr subsample estimates = 0.5 0
Nr subsample estimates after adjustment 100
1956 0.513442610441178 0.5232835934422972 0.5108781625506988
Year:  1957
Min:  0.50362559296031 Median:  0.5176386180091945 Mean:  0.5223404599075544 Max:  0.568955039139078
Year 1957 mean: 0.522340
Nr subsample estimates neq 0.5 100
Nr subsample estimates = 0.5 0
Nr subsample estimates after adjustment 100
1957 0.50834650846372 0.5138490898764291 0.5064850996967797
Year:  1958
Min:  0.5000708712719 Median:  0.522508038162622 Mean:  0.525565623761623 Max:  0.576625622988251
Year 1958 mean: 0.525566
Nr subsample estimates neq 0.5 100
Nr subsample estimates = 0.5 0
Nr subsample estimates after adjustment 100
1958 0.510093219244642 0.5172720703160191 0.5077699877823665
Year:  1959
Min:  0.50249878823213 Median:  0.518774156952915 Mean:  0.5233980903009425 Max:  0.587909881587875
Year 1959 mean: 0.523398
Nr subsample estimates neq 0.5 100
Nr subsample estimates = 0.5 0
Nr subsample estimates after adjustment 100
1959 0.508212629255834 0.514034381937094 0.5063117981322333
Year:  1960
Min:  0.501092120704311 Median:  0.5229139983899245 Mean:  0.5257207989715379 Max:  0.575319366566237
Year 1960 mean: 0.525721
Nr subsample estimates neq 0.5 100
Nr subsample estimates = 0.5 0
Nr subsample estimates after adjustment 100
1960 0.509831035480869 0.515809470152328 0.5076555042138632
Year:  1961
Min:  0.504570227475901 Median:  0.5225236145908889 Mean:  0.5243225344802026 Max:  0.576534758095267
Year 1961 mean: 0.524323
Nr subsample estimates neq 0.5 100
Nr subsample estimates = 0.5 0
Nr subsample estimates after adjustment 100
1961 0.508572210347928 0.5129390701416479 0.5068113955892833
Year:  1962
Min:  0.505276838580992 Median:  0.5282376537869145 Mean:  0.5296008230249746 Max:  0.5679596737703
Year 1962 mean: 0.529601
Nr subsample estimates neq 0.5 100
Nr subsample estimates = 0.5 0
Nr subsample estimates after adjustment 100
1962 0.510522239031086 0.5172864277576209 0.5084603210277872
Year:  1963
Min:  0.504148361150603 Median:  0.52189187261598 Mean:  0.5265001368102921 Max:  0.574347171460416
Year 1963 mean: 0.526500
Nr subsample estimates neq 0.5 100
Nr subsample estimates = 0.5 0
Nr subsample estimates after adjustment 100
1963 0.511344290706609 0.5177353878729156 0.5085092392250606
Year:  1964
Min:  0.504315320385937 Median:  0.52500779580675 Mean:  0.5272211995167609 Max:  0.579305346442888
Year 1964 mean: 0.527221
Nr subsample estimates neq 0.5 100
Nr subsample estimates = 0.5 0
Nr subsample estimates after adjustment 100
1964 0.509066765503166 0.5144772861257542 0.5069534341032298
Year:  1965
Min:  0.505064591493915 Median:  0.5238358829279535 Mean:  0.5262417907195682 Max:  0.568098934527818
Year 1965 mean: 0.526242
Nr subsample estimates neq 0.5 100
Nr subsample estimates = 0.5 0
Nr subsample estimates after adjustment 100
1965 0.510516946030147 0.5158723550961815 0.5078448307452692
Year:  1966
Min:  0.505825750872042 Median:  0.5288548942868414 Mean:  0.5325155555903662 Max:  0.592335663228048
Year 1966 mean: 0.532516
Nr subsample estimates neq 0.5 100
Nr subsample estimates = 0.5 0
Nr subsample estimates after adjustment 100
1966 0.511706596141843 0.5168118553318409 0.5091351120807919
Year:  1967
Min:  0.504270127490846 Median:  0.532884335584603 Mean:  0.5345884730917908 Max:  0.586400913550257
Year 1967 mean: 0.534588
Nr subsample estimates neq 0.5 100
Nr subsample estimates = 0.5 0
Nr subsample estimates after adjustment 100
1967 0.516744498992259 0.5279055099501836 0.5127743279010702
Year:  1968
Min:  0.505437264613593 Median:  0.5294834885445829 Mean:  0.5315194049181167 Max:  0.599594632286399
Year 1968 mean: 0.531519
Nr subsample estimates neq 0.5 100
Nr subsample estimates = 0.5 0
Nr subsample estimates after adjustment 100
1968 0.512867614635098 0.5216635149869421 0.5097997319601072
Year:  1969
Min:  0.50284179115877 Median:  0.523927892865082 Mean:  0.5254403218989194 Max:  0.576141010442833
Year 1969 mean: 0.525440
Nr subsample estimates neq 0.5 100
Nr subsample estimates = 0.5 0
Nr subsample estimates after adjustment 100
1969 0.514554954378739 0.5254710117527682 0.5113273510307139
Year:  1970
Min:  0.503971589204806 Median:  0.524011979685693 Mean:  0.526814813445863 Max:  0.586555170512912
Year 1970 mean: 0.526815
Nr subsample estimates neq 0.5 100
Nr subsample estimates = 0.5 0
Nr subsample estimates after adjustment 100
1970 0.521529073329758 0.5354620626009903 0.5163882996239725
Year:  1971
Min:  0.502441195223146 Median:  0.5204574294640425 Mean:  0.5241192912099201 Max:  0.58011406505716
Year 1971 mean: 0.524119
Nr subsample estimates neq 0.5 100
Nr subsample estimates = 0.5 0
Nr subsample estimates after adjustment 100
1971 0.520434582407368 0.5353649138112241 0.5154765386446499
Year:  1972
Min:  0.503773390470412 Median:  0.528406480177933 Mean:  0.529974966297645 Max:  0.570290061906203
Year 1972 mean: 0.529975
Nr subsample estimates neq 0.5 100
Nr subsample estimates = 0.5 0
Nr subsample estimates after adjustment 100
1972 0.517459453064281 0.5291727726079505 0.5133015076107137
Year:  1973
Min:  0.506224585020809 Median:  0.5271298905885264 Mean:  0.5322629995590001 Max:  0.604990517963435
Year 1973 mean: 0.532263
Nr subsample estimates neq 0.5 100
Nr subsample estimates = 0.5 0
Nr subsample estimates after adjustment 100
1973 0.527723185242246 0.5466502397739759 0.5214483497746805
Year:  1974
Min:  0.505120175413521 Median:  0.5252242247616935 Mean:  0.530984833520882 Max:  0.592915298894911
Year 1974 mean: 0.530985
Nr subsample estimates neq 0.5 100
Nr subsample estimates = 0.5 0
Nr subsample estimates after adjustment 100
1974 0.524368021462497 0.5461326247171581 0.5177447936869307
Year:  1975
Min:  0.505776595997141 Median:  0.5295762277553204 Mean:  0.5353655679881565 Max:  0.604474649085659
Year 1975 mean: 0.535366
Nr subsample estimates neq 0.5 100
Nr subsample estimates = 0.5 0
Nr subsample estimates after adjustment 100
1975 0.520958556840247 0.5361367201280791 0.5159084542929534
Year:  1976
Min:  0.503913770655701 Median:  0.5240054448021896 Mean:  0.529554837536569 Max:  0.592294696804847
Year 1976 mean: 0.529555
Nr subsample estimates neq 0.5 100
Nr subsample estimates = 0.5 0
Nr subsample estimates after adjustment 100
1976 0.517734588971905 0.5304393493256921 0.5130857717529638
Year:  1977
Min:  0.504659307598324 Median:  0.524027316499568 Mean:  0.5289835148531131 Max:  0.582111738835233
Year 1977 mean: 0.528984
Nr subsample estimates neq 0.5 100
Nr subsample estimates = 0.5 0
Nr subsample estimates after adjustment 100
1977 0.515928866527271 0.5276941123403561 0.5118098694435743
Year:  1978
Min:  0.503258959613285 Median:  0.526463717969213 Mean:  0.5304264411359738 Max:  0.606185870421788
Year 1978 mean: 0.530426
Nr subsample estimates neq 0.5 100
Nr subsample estimates = 0.5 0
Nr subsample estimates after adjustment 100
1978 0.517031257840475 0.5328027511948298 0.5131699714833969
Year:  1979
Min:  0.507062632581056 Median:  0.5283388977127734 Mean:  0.5331614946521632 Max:  0.62228601254561
Year 1979 mean: 0.533161
Nr subsample estimates neq 0.5 100
Nr subsample estimates = 0.5 0
Nr subsample estimates after adjustment 100
1979 0.520495606608409 0.5322124889075943 0.515628369789468
Year:  1980
Min:  0.504502772756511 Median:  0.5276545605628891 Mean:  0.5324770882508252 Max:  0.604202873174085
Year 1980 mean: 0.532477
Nr subsample estimates neq 0.5 100
Nr subsample estimates = 0.5 0
Nr subsample estimates after adjustment 100
1980 0.517949785466438 0.5306478650168885 0.5133187811781634
Year:  1981
Min:  0.504509518664166 Median:  0.5309213441352796 Mean:  0.5354826629922207 Max:  0.596907761433886
Year 1981 mean: 0.535483
Nr subsample estimates neq 0.5 100
Nr subsample estimates = 0.5 0
Nr subsample estimates after adjustment 100
1981 0.51936175872384 0.5333557839091171 0.5143938023129754
Year:  1982
Min:  0.502969240472689 Median:  0.5264225529160145 Mean:  0.5306443440551415 Max:  0.585882250196278
Year 1982 mean: 0.530644
Nr subsample estimates neq 0.5 100
Nr subsample estimates = 0.5 0
Nr subsample estimates after adjustment 100
1982 0.517712227185911 0.5359876735895202 0.5129801660144786
Year:  1983
Min:  0.505065282979022 Median:  0.533620590764478 Mean:  0.5364356983886328 Max:  0.592963659911291
Year 1983 mean: 0.536436
Nr subsample estimates neq 0.5 100
Nr subsample estimates = 0.5 0
Nr subsample estimates after adjustment 100
1983 0.528443100536891 0.5462511980720002 0.5216587195248413
Year:  1984
Min:  0.50244848478079 Median:  0.5281586156556015 Mean:  0.5309119879967942 Max:  0.578341692699416
Year 1984 mean: 0.530912
Nr subsample estimates neq 0.5 100
Nr subsample estimates = 0.5 0
Nr subsample estimates after adjustment 100
1984 0.521767376331412 0.5365693892035679 0.516378857631131
Year:  1985
Min:  0.503574816128252 Median:  0.524745844141387 Mean:  0.5318180823233071 Max:  0.586709241144235
Year 1985 mean: 0.531818
Nr subsample estimates neq 0.5 100
Nr subsample estimates = 0.5 0
Nr subsample estimates after adjustment 100
1985 0.521717104799828 0.5414798078797887 0.5157958355989412
Year:  1986
Min:  0.502834792847604 Median:  0.5331265016495326 Mean:  0.5371051811266788 Max:  0.603455606852661
Year 1986 mean: 0.537105
Nr subsample estimates neq 0.5 100
Nr subsample estimates = 0.5 0
Nr subsample estimates after adjustment 100
1986 0.520552475191662 0.5385717323970222 0.5152256579193256
Year:  1987
Min:  0.504632226917419 Median:  0.5300986288011895 Mean:  0.5375040836504683 Max:  0.614973515260837
Year 1987 mean: 0.537504
Nr subsample estimates neq 0.5 100
Nr subsample estimates = 0.5 0
Nr subsample estimates after adjustment 100
1987 0.518554928243498 0.5372519887199444 0.5136026305991372
Year:  1988
Min:  0.504029866102196 Median:  0.5247114547675665 Mean:  0.5302442696963354 Max:  0.591678212885088
Year 1988 mean: 0.530244
Nr subsample estimates neq 0.5 100
Nr subsample estimates = 0.5 0
Nr subsample estimates after adjustment 100
1988 0.51819588648976 0.5357295397516656 0.5130121571584839
Year:  1989
Min:  0.503008229214408 Median:  0.5260669490383755 Mean:  0.5308468629444447 Max:  0.596566581683016
Year 1989 mean: 0.530847
Nr subsample estimates neq 0.5 100
Nr subsample estimates = 0.5 0
Nr subsample estimates after adjustment 100
1989 0.517292518795134 0.5322235532009737 0.5128526738696506
Year:  1990
Min:  0.502114243928671 Median:  0.525471143821605 Mean:  0.5292952892466586 Max:  0.602241958444885
Year 1990 mean: 0.529295
Nr subsample estimates neq 0.5 100
Nr subsample estimates = 0.5 0
Nr subsample estimates after adjustment 100
1990 0.519228291437307 0.5355105208608953 0.5144554475942857
Year:  1991
Min:  0.502750733927574 Median:  0.5291090152706974 Mean:  0.5334759238966668 Max:  0.593249346585331
Year 1991 mean: 0.533476
Nr subsample estimates neq 0.5 100
Nr subsample estimates = 0.5 0
Nr subsample estimates after adjustment 100
1991 0.515980565083946 0.5290274946938833 0.5120517468582476
Year:  1992
Min:  0.503300970157928 Median:  0.529377294320839 Mean:  0.5319498740062707 Max:  0.597385291658335
Year 1992 mean: 0.531950
Nr subsample estimates neq 0.5 100
Nr subsample estimates = 0.5 0
Nr subsample estimates after adjustment 100
1992 0.518270805125889 0.5367041825229457 0.5137099322127762
Year:  1993
Min:  0.504246607368068 Median:  0.5297555955204345 Mean:  0.5346652835882558 Max:  0.638015535136308
Year 1993 mean: 0.534665
Nr subsample estimates neq 0.5 100
Nr subsample estimates = 0.5 0
Nr subsample estimates after adjustment 100
1993 0.517194873950839 0.5331689925010544 0.5122547986314356
Year:  1994
Min:  0.504394699867993 Median:  0.5328458597978295 Mean:  0.5343197718534297 Max:  0.596936436452235
Year 1994 mean: 0.534320
Nr subsample estimates neq 0.5 100
Nr subsample estimates = 0.5 0
Nr subsample estimates after adjustment 100
1994 0.519366869116942 0.5376705206511737 0.5145591533101106
Year:  1995
Min:  0.503165131107639 Median:  0.534218292765636 Mean:  0.5368737574621335 Max:  0.680926349862561
Year 1995 mean: 0.536874
Nr subsample estimates neq 0.5 100
Nr subsample estimates = 0.5 0
Nr subsample estimates after adjustment 100
1995 0.520308509819436 0.5355855127180229 0.5152852310569014
Year:  1996
Min:  0.502490354424519 Median:  0.52573095260755 Mean:  0.5304345113023298 Max:  0.604238947674145
Year 1996 mean: 0.530435
Nr subsample estimates neq 0.5 100
Nr subsample estimates = 0.5 0
Nr subsample estimates after adjustment 100
1996 0.51847067998523 0.539320185025377 0.5133946218045257
Year:  1997
Min:  0.504158561423451 Median:  0.5268944800029496 Mean:  0.5308279922288414 Max:  0.610047850247728
Year 1997 mean: 0.530828
Nr subsample estimates neq 0.5 100
Nr subsample estimates = 0.5 0
Nr subsample estimates after adjustment 100
1997 0.518523922479263 0.5367486753556265 0.5132004667290508
Year:  1998
Min:  0.502155849292392 Median:  0.524239447140589 Mean:  0.5277061480362626 Max:  0.583391325179457
Year 1998 mean: 0.527706
Nr subsample estimates neq 0.5 100
Nr subsample estimates = 0.5 0
Nr subsample estimates after adjustment 100
1998 0.519262760285124 0.5398806571335723 0.5142083792303108
Year:  1999
Min:  0.502558244301001 Median:  0.5257561167880865 Mean:  0.5314861209855646 Max:  0.594619591139614
Year 1999 mean: 0.531486
Nr subsample estimates neq 0.5 100
Nr subsample estimates = 0.5 0
Nr subsample estimates after adjustment 100
1999 0.520302446320776 0.5394762315366847 0.5148144724341768
Year:  2000
Min:  0.503747683383415 Median:  0.5300579086100394 Mean:  0.5328587889761129 Max:  0.625923972251935
Year 2000 mean: 0.532859
Nr subsample estimates neq 0.5 100
Nr subsample estimates = 0.5 0
Nr subsample estimates after adjustment 100
2000 0.519338762244938 0.537653384308612 0.5144171953253341
Year:  2001
Min:  0.503565723639316 Median:  0.5285070177029355 Mean:  0.5331273732162911 Max:  0.582271514261896
Year 2001 mean: 0.533127
Nr subsample estimates neq 0.5 100
Nr subsample estimates = 0.5 0
Nr subsample estimates after adjustment 100
2001 0.518620905944918 0.5342005148431419 0.513899857718993
Year:  2002
Min:  0.503636362445816 Median:  0.5272444226652016 Mean:  0.5316822222507072 Max:  0.607125473751788
Year 2002 mean: 0.531682
Nr subsample estimates neq 0.5 100
Nr subsample estimates = 0.5 0
Nr subsample estimates after adjustment 100
2002 0.519827233161295 0.5379108817680676 0.5148939176743778
Year:  2003
Min:  0.503856587574433 Median:  0.5320028300219031 Mean:  0.5350537046178845 Max:  0.614041852993987
Year 2003 mean: 0.535054
Nr subsample estimates neq 0.5 100
Nr subsample estimates = 0.5 0
Nr subsample estimates after adjustment 100
2003 0.520684687981895 0.5362464902790065 0.5154401744540569
Year:  2004
Min:  0.504788012272191 Median:  0.531172951901952 Mean:  0.5355529835842797 Max:  0.599626144563341
Year 2004 mean: 0.535553
Nr subsample estimates neq 0.5 100
Nr subsample estimates = 0.5 0
Nr subsample estimates after adjustment 100
2004 0.521576033608423 0.5408490629292604 0.5157887106906044
Year:  2005
Min:  0.504070410705437 Median:  0.5283410036257925 Mean:  0.5352290109275283 Max:  0.605044583577347
Year 2005 mean: 0.535229
Nr subsample estimates neq 0.5 100
Nr subsample estimates = 0.5 0
Nr subsample estimates after adjustment 100
2005 0.519733042467054 0.5398024106495972 0.515001093751574
Year:  2006
Min:  0.502950184610265 Median:  0.5320114005482885 Mean:  0.5361685232009813 Max:  0.619694987257296
Year 2006 mean: 0.536169
Nr subsample estimates neq 0.5 100
Nr subsample estimates = 0.5 0
Nr subsample estimates after adjustment 100
2006 0.523664087337904 0.544983912110809 0.5178336429756337
Year:  2007
Min:  0.505818740636172 Median:  0.531392919320098 Mean:  0.5369816973617891 Max:  0.608916285168275
Year 2007 mean: 0.536982
Nr subsample estimates neq 0.5 100
Nr subsample estimates = 0.5 0
Nr subsample estimates after adjustment 100
2007 0.524138238307594 0.5432031867260024 0.5177636360523628
Year:  2008
Min:  0.505129143860101 Median:  0.5314196499756441 Mean:  0.5350669151606828 Max:  0.603990262780694
Year 2008 mean: 0.535067
Nr subsample estimates neq 0.5 100
Nr subsample estimates = 0.5 0
Nr subsample estimates after adjustment 100
2008 0.521719351317691 0.5397858772456277 0.5162980204127211
Year:  2009
Min:  0.504136671296668 Median:  0.5303437393869975 Mean:  0.537530816804334 Max:  0.598403717061906
Year 2009 mean: 0.537531
Nr subsample estimates neq 0.5 100
Nr subsample estimates = 0.5 0
Nr subsample estimates after adjustment 100
2009 0.527030198924928 0.5464545439011316 0.5208111807409939
Year:  2010
Min:  0.503850277773261 Median:  0.535507256689314 Mean:  0.5396578038100253 Max:  0.625667709649463
Year 2010 mean: 0.539658
Nr subsample estimates neq 0.5 100
Nr subsample estimates = 0.5 0
Nr subsample estimates after adjustment 100
2010 0.522384519758872 0.542542884046462 0.5168725115294175
Year:  2011
Min:  0.50558551823522 Median:  0.533568164125952 Mean:  0.5406763358839864 Max:  0.620646117349244
Year 2011 mean: 0.540676
Nr subsample estimates neq 0.5 100
Nr subsample estimates = 0.5 0
Nr subsample estimates after adjustment 100
2011 0.518952387807938 0.5338221678843194 0.5137431686420991
Year:  2012
Min:  0.502553866681278 Median:  0.5358633046593515 Mean:  0.5403883950145577 Max:  0.617171789577596
Year 2012 mean: 0.540388
Nr subsample estimates neq 0.5 100
Nr subsample estimates = 0.5 0
Nr subsample estimates after adjustment 100
2012 0.532598123146025 0.5645096021630744 0.52314560994036
Year:  2013
Min:  0.50287339000483 Median:  0.5362388423655875 Mean:  0.5393517348211425 Max:  0.612762887310636
Year 2013 mean: 0.539352
Nr subsample estimates neq 0.5 100
Nr subsample estimates = 0.5 0
Nr subsample estimates after adjustment 100
2013 0.527349708490646 0.5531247298242749 0.5207190143675341
Year:  2014
Min:  0.503413633169143 Median:  0.53511998162353 Mean:  0.5400600429295624 Max:  0.600593571014541
Year 2014 mean: 0.540060
Nr subsample estimates neq 0.5 100
Nr subsample estimates = 0.5 0
Nr subsample estimates after adjustment 100
2014 0.580007862146622 0.6564141291690855 0.5592497158562247
Year:  2015
Min:  0.504290612897618 Median:  0.5306455005609485 Mean:  0.5367081994240795 Max:  0.617401252219258
Year 2015 mean: 0.536708
Nr subsample estimates neq 0.5 100
Nr subsample estimates = 0.5 0
Nr subsample estimates after adjustment 100
2015 0.51653705604883 0.5301551220921393 0.512030857128862
Year:  2016
Min:  0.502740284492653 Median:  0.5308512596516906 Mean:  0.5361877398276125 Max:  0.617818243646984
Year 2016 mean: 0.536188
Nr subsample estimates neq 0.5 100
Nr subsample estimates = 0.5 0
Nr subsample estimates after adjustment 100
2016 0.515792595805881 0.5315194680788284 0.5117166564023944
Year:  2017
Min:  0.503197836383599 Median:  0.5265011519184105 Mean:  0.5362365290156255 Max:  0.604638891524845
Year 2017 mean: 0.536237
Nr subsample estimates neq 0.5 100
Nr subsample estimates = 0.5 0
Nr subsample estimates after adjustment 100
2017 0.517112916419117 0.5330563873324484 0.5125134110451964
Year:  2018
Min:  0.502099170248466 Median:  0.5365918092508926 Mean:  0.5402297105555864 Max:  0.668715300214106
Year 2018 mean: 0.540230
Nr subsample estimates neq 0.5 100
Nr subsample estimates = 0.5 0
Nr subsample estimates after adjustment 100
2018 0.517279324597643 0.5367838222503862 0.5125050274584654
Output written to  /home/jernie/analysis/output/education/partisanship-education_Cadj_c0_partyf-cis.csv
Party variable: education, fake = 1, empirical: 0
Infile:  partisanship-education_randlabels_Cadj_c0_partyf.csv
/home/jernie/analysis/output/education/partisanship-education_randlabels_Cadj_c0_partyf.csv
Year:  1907
Min:  0.501214809798538 Median:  0.516943674231646 Mean:  0.5209066023572738 Max:  0.557799898046636
Year 1907 mean: 0.520907
Nr subsample estimates neq 0.5 100
Nr subsample estimates = 0.5 0
Nr subsample estimates after adjustment 100
1907 0.503092362803093 0.5057377154093914 0.5022790084494144
Year:  1908
Min:  0.504411568630759 Median:  0.5252030468287825 Mean:  0.5297416288425499 Max:  0.615676704073127
Year 1908 mean: 0.529742
Nr subsample estimates neq 0.5 100
Nr subsample estimates = 0.5 0
Nr subsample estimates after adjustment 100
1908 0.506325979356678 0.5099542888930925 0.504860718505785
Year:  1909
Min:  0.501259940221269 Median:  0.5163823366695475 Mean:  0.5213062434082313 Max:  0.570294230800322
Year 1909 mean: 0.521306
Nr subsample estimates neq 0.5 100
Nr subsample estimates = 0.5 0
Nr subsample estimates after adjustment 100
1909 0.502326918289859 0.5038815905009549 0.5016730780591023
Year:  1910
Min:  0.500728389790439 Median:  0.5170559933798751 Mean:  0.517308341472261 Max:  0.557577084768332
Year 1910 mean: 0.517308
Nr subsample estimates neq 0.5 100
Nr subsample estimates = 0.5 0
Nr subsample estimates after adjustment 100
1910 0.502997753473341 0.5064306451208717 0.5022966378097983
Year:  1911
Min:  0.500234279638155 Median:  0.5145154570033235 Mean:  0.5173916307380617 Max:  0.589404661332547
Year 1911 mean: 0.517392
Nr subsample estimates neq 0.5 100
Nr subsample estimates = 0.5 0
Nr subsample estimates after adjustment 100
1911 0.502386040100632 0.5046994564308271 0.5017749500053511
Year:  1912
Min:  0.500666310650646 Median:  0.5130338399151655 Mean:  0.5166107668750305 Max:  0.587688566001889
Year 1912 mean: 0.516611
Nr subsample estimates neq 0.5 100
Nr subsample estimates = 0.5 0
Nr subsample estimates after adjustment 100
1912 0.502692053073376 0.505121728202404 0.5020396981479768
Year:  1913
Min:  0.500726715185549 Median:  0.5196900090612699 Mean:  0.5211068200191326 Max:  0.587046432424013
Year 1913 mean: 0.521107
Nr subsample estimates neq 0.5 100
Nr subsample estimates = 0.5 0
Nr subsample estimates after adjustment 100
1913 0.504022315456045 0.5074336020375457 0.5030881491980917
Year:  1914
Min:  0.500352409965387 Median:  0.521735195173076 Mean:  0.5232122065253403 Max:  0.577594700379478
Year 1914 mean: 0.523212
Nr subsample estimates neq 0.5 100
Nr subsample estimates = 0.5 0
Nr subsample estimates after adjustment 100
1914 0.502760833895129 0.5049260699609521 0.5021081466331325
Year:  1915
Parliament didn't gather, output nan
Year:  1916
Parliament didn't gather, output nan
Year:  1917
Min:  0.50148918746553 Median:  0.5168093348033644 Mean:  0.5199017854896494 Max:  0.55229351240127
Year 1917 mean: 0.519902
Nr subsample estimates neq 0.5 100
Nr subsample estimates = 0.5 0
Nr subsample estimates after adjustment 100
1917 0.50439184269453 0.5082129658442566 0.5031806834114186
Year:  1918
Min:  0.500134151739315 Median:  0.51564194833263 Mean:  0.519282102354262 Max:  0.562149993069007
Year 1918 mean: 0.519282
Nr subsample estimates neq 0.5 100
Nr subsample estimates = 0.5 0
Nr subsample estimates after adjustment 100
1918 0.510826873867468 0.5606703103900837 0.5075272685052009
Year:  1919
Min:  0.502071771992401 Median:  0.5150712036145505 Mean:  0.5184914837825789 Max:  0.559398640587343
Year 1919 mean: 0.518491
Nr subsample estimates neq 0.5 100
Nr subsample estimates = 0.5 0
Nr subsample estimates after adjustment 100
1919 0.504136240174901 0.506919319439135 0.5031406747915479
Year:  1920
Min:  0.501457865984624 Median:  0.518303060181786 Mean:  0.5200267468932258 Max:  0.567769034384382
Year 1920 mean: 0.520027
Nr subsample estimates neq 0.5 100
Nr subsample estimates = 0.5 0
Nr subsample estimates after adjustment 100
1920 0.505090198159968 0.5098159554557627 0.5037795667935292
Year:  1921
Min:  0.501651505368698 Median:  0.5131200502878355 Mean:  0.5164264160456149 Max:  0.558836270779842
Year 1921 mean: 0.516426
Nr subsample estimates neq 0.5 100
Nr subsample estimates = 0.5 0
Nr subsample estimates after adjustment 100
1921 0.503917728030594 0.5071436602601483 0.5028856112692135
Year:  1922
Min:  0.50010887717479 Median:  0.5102255563657014 Mean:  0.5122503267881061 Max:  0.541536067296938
Year 1922 mean: 0.512250
Nr subsample estimates neq 0.5 100
Nr subsample estimates = 0.5 0
Nr subsample estimates after adjustment 100
1922 0.502082774234591 0.5042435358937472 0.5015391546506863
Year:  1923
Min:  0.50059496293193 Median:  0.5119450356045305 Mean:  0.5131977302450976 Max:  0.543781198938184
Year 1923 mean: 0.513198
Nr subsample estimates neq 0.5 100
Nr subsample estimates = 0.5 0
Nr subsample estimates after adjustment 100
1923 0.503284267381029 0.5057610038733924 0.5024925788054271
Year:  1924
Min:  0.501553966690247 Median:  0.515949879641096 Mean:  0.5177378197587431 Max:  0.551703691222614
Year 1924 mean: 0.517738
Nr subsample estimates neq 0.5 100
Nr subsample estimates = 0.5 0
Nr subsample estimates after adjustment 100
1924 0.503811240627649 0.5070825092765855 0.5028849164770708
Year:  1925
Min:  0.501901418789419 Median:  0.5127593809238745 Mean:  0.5149268527664009 Max:  0.55731665766112
Year 1925 mean: 0.514927
Nr subsample estimates neq 0.5 100
Nr subsample estimates = 0.5 0
Nr subsample estimates after adjustment 100
1925 0.503035894329312 0.5053139138994127 0.5023493208323349
Year:  1926
Min:  0.500505086274771 Median:  0.514167209365442 Mean:  0.5171977604370548 Max:  0.584514422299563
Year 1926 mean: 0.517198
Nr subsample estimates neq 0.5 100
Nr subsample estimates = 0.5 0
Nr subsample estimates after adjustment 100
1926 0.508131603299142 0.5151320170850415 0.5063122710415712
Year:  1927
Min:  0.501288614177995 Median:  0.512784092746455 Mean:  0.5153795134787889 Max:  0.558875404210777
Year 1927 mean: 0.515380
Nr subsample estimates neq 0.5 100
Nr subsample estimates = 0.5 0
Nr subsample estimates after adjustment 100
1927 0.505232409341736 0.5098899574119019 0.5038533075064427
Year:  1928
Min:  0.502637153655079 Median:  0.512919938252002 Mean:  0.5168207595594005 Max:  0.583812090671992
Year 1928 mean: 0.516821
Nr subsample estimates neq 0.5 100
Nr subsample estimates = 0.5 0
Nr subsample estimates after adjustment 100
1928 0.504463658911428 0.5076577629333594 0.5034469828729046
Year:  1929
Min:  0.503018731380049 Median:  0.519257610393703 Mean:  0.5207006460520166 Max:  0.550348188198492
Year 1929 mean: 0.520701
Nr subsample estimates neq 0.5 100
Nr subsample estimates = 0.5 0
Nr subsample estimates after adjustment 100
1929 0.506970739951112 0.5117303184625049 0.50542554487298
Year:  1930
Min:  0.501045637787081 Median:  0.512347057742677 Mean:  0.514215162388025 Max:  0.549805414986153
Year 1930 mean: 0.514215
Nr subsample estimates neq 0.5 100
Nr subsample estimates = 0.5 0
Nr subsample estimates after adjustment 100
1930 0.50383615575486 0.5071133861583416 0.5029773056802879
Year:  1931
Min:  0.500759983053661 Median:  0.510405436420876 Mean:  0.5117736468617547 Max:  0.553161995196352
Year 1931 mean: 0.511774
Nr subsample estimates neq 0.5 100
Nr subsample estimates = 0.5 0
Nr subsample estimates after adjustment 100
1931 0.504806492535657 0.5091593651563091 0.5035905522113456
Year:  1932
Min:  0.500927673387066 Median:  0.510885728766614 Mean:  0.5132368388590508 Max:  0.548136096332349
Year 1932 mean: 0.513237
Nr subsample estimates neq 0.5 100
Nr subsample estimates = 0.5 0
Nr subsample estimates after adjustment 100
1932 0.505976471274629 0.5116447632286312 0.5043073291776912
Year:  1933
Min:  0.501865767825776 Median:  0.5140686843500025 Mean:  0.5154765675553774 Max:  0.546107985634554
Year 1933 mean: 0.515477
Nr subsample estimates neq 0.5 100
Nr subsample estimates = 0.5 0
Nr subsample estimates after adjustment 100
1933 0.504376427150693 0.5074084395362009 0.5033619580464187
Year:  1934
Min:  0.500911167688539 Median:  0.5170231697672775 Mean:  0.5184893820137745 Max:  0.553818480793789
Year 1934 mean: 0.518489
Nr subsample estimates neq 0.5 100
Nr subsample estimates = 0.5 0
Nr subsample estimates after adjustment 100
1934 0.503667307434872 0.5061793133035163 0.5027957804449265
Year:  1935
Min:  0.500569005685328 Median:  0.509293562752221 Mean:  0.510808742889975 Max:  0.546437174632955
Year 1935 mean: 0.510809
Nr subsample estimates neq 0.5 100
Nr subsample estimates = 0.5 0
Nr subsample estimates after adjustment 100
1935 0.504132056712645 0.5075478576728966 0.5033241948015473
Year:  1936
Min:  0.502751558186606 Median:  0.5129556367326931 Mean:  0.5151939268352732 Max:  0.545031978030336
Year 1936 mean: 0.515194
Nr subsample estimates neq 0.5 100
Nr subsample estimates = 0.5 0
Nr subsample estimates after adjustment 100
1936 0.504076396176431 0.5064053311690067 0.5030628961272936
Year:  1937
Min:  0.50091972184209 Median:  0.512590201283618 Mean:  0.514773315945605 Max:  0.541834410724981
Year 1937 mean: 0.514773
Nr subsample estimates neq 0.5 100
Nr subsample estimates = 0.5 0
Nr subsample estimates after adjustment 100
1937 0.503177269006733 0.5060121697474539 0.5022840783336444
Year:  1938
Min:  0.500736118416505 Median:  0.509120571094223 Mean:  0.5116805560440093 Max:  0.541389547225175
Year 1938 mean: 0.511681
Nr subsample estimates neq 0.5 100
Nr subsample estimates = 0.5 0
Nr subsample estimates after adjustment 100
1938 0.503856221934329 0.5066295065495464 0.5029443418989261
Year:  1939
Min:  0.500093909525751 Median:  0.5106848211707595 Mean:  0.515181048154867 Max:  0.562667325462254
Year 1939 mean: 0.515181
Nr subsample estimates neq 0.5 100
Nr subsample estimates = 0.5 0
Nr subsample estimates after adjustment 100
1939 0.502945031770553 0.5104726842412782 0.5019794885538749
Year:  1940
Min:  0.501526151152549 Median:  0.5112647470187439 Mean:  0.5134507658238107 Max:  0.543649748763915
Year 1940 mean: 0.513451
Nr subsample estimates neq 0.5 100
Nr subsample estimates = 0.5 0
Nr subsample estimates after adjustment 100
1940 0.503936471127203 0.5073849318349216 0.5030262175143706
Year:  1941
Min:  0.501750847828841 Median:  0.5140581209885955 Mean:  0.5154909042367797 Max:  0.551096254306352
Year 1941 mean: 0.515491
Nr subsample estimates neq 0.5 100
Nr subsample estimates = 0.5 0
Nr subsample estimates after adjustment 100
1941 0.503406607808126 0.5064346886177439 0.502493003647306
Year:  1942
Min:  0.501321472682817 Median:  0.507647425230753 Mean:  0.5091680981404096 Max:  0.538892759223672
Year 1942 mean: 0.509168
Nr subsample estimates neq 0.5 100
Nr subsample estimates = 0.5 0
Nr subsample estimates after adjustment 100
1942 0.503309890638879 0.5058752621266165 0.502403954969471
Year:  1943
Min:  0.5018652502172 Median:  0.5111488091128684 Mean:  0.5131802582699366 Max:  0.548518541376375
Year 1943 mean: 0.513180
Nr subsample estimates neq 0.5 100
Nr subsample estimates = 0.5 0
Nr subsample estimates after adjustment 100
1943 0.505165147753162 0.5095767186664357 0.5038135713395325
Year:  1944
Min:  0.501796001865563 Median:  0.513796327335029 Mean:  0.5150905887175241 Max:  0.548788949256812
Year 1944 mean: 0.515091
Nr subsample estimates neq 0.5 100
Nr subsample estimates = 0.5 0
Nr subsample estimates after adjustment 100
1944 0.505941636687629 0.509831259494647 0.5045487537503295
Year:  1945
Min:  0.501161432768426 Median:  0.5108027210470361 Mean:  0.5130188817410304 Max:  0.555062050886278
Year 1945 mean: 0.513019
Nr subsample estimates neq 0.5 100
Nr subsample estimates = 0.5 0
Nr subsample estimates after adjustment 100
1945 0.505746973327824 0.5103495475585411 0.5041313098173303
Year:  1946
Min:  0.500803592853918 Median:  0.5092064264424635 Mean:  0.5119011211768852 Max:  0.546755097239142
Year 1946 mean: 0.511901
Nr subsample estimates neq 0.5 100
Nr subsample estimates = 0.5 0
Nr subsample estimates after adjustment 100
1946 0.503700310172099 0.5064394799128314 0.5025779071963475
Year:  1947
Min:  0.500982158590309 Median:  0.5075876115691615 Mean:  0.5090631885833238 Max:  0.530361535321742
Year 1947 mean: 0.509063
Nr subsample estimates neq 0.5 100
Nr subsample estimates = 0.5 0
Nr subsample estimates after adjustment 100
1947 0.504393118243673 0.5074836069547084 0.503413478233773
Year:  1948
Min:  0.502127297223488 Median:  0.5148993573050844 Mean:  0.5164116627915301 Max:  0.553078655807713
Year 1948 mean: 0.516412
Nr subsample estimates neq 0.5 100
Nr subsample estimates = 0.5 0
Nr subsample estimates after adjustment 100
1948 0.504892402704727 0.5087927760739881 0.5037306997847624
Year:  1949
Min:  0.500387763623243 Median:  0.5131573966384585 Mean:  0.5154342697008399 Max:  0.553786589063995
Year 1949 mean: 0.515434
Nr subsample estimates neq 0.5 100
Nr subsample estimates = 0.5 0
Nr subsample estimates after adjustment 100
1949 0.504743442905261 0.5093296850075472 0.5034705991446637
Year:  1950
Min:  0.50142786329955 Median:  0.5118411806909855 Mean:  0.5141700269479884 Max:  0.549495352009157
Year 1950 mean: 0.514170
Nr subsample estimates neq 0.5 100
Nr subsample estimates = 0.5 0
Nr subsample estimates after adjustment 100
1950 0.505388927868787 0.508966497911511 0.5040266786581485
Year:  1951
Min:  0.500572995804354 Median:  0.5106432329152595 Mean:  0.5129021280455864 Max:  0.542727496747699
Year 1951 mean: 0.512902
Nr subsample estimates neq 0.5 100
Nr subsample estimates = 0.5 0
Nr subsample estimates after adjustment 100
1951 0.504901535597945 0.5087281853310508 0.5036471202135483
Year:  1952
Min:  0.501970084578814 Median:  0.512258940702236 Mean:  0.5146068141916618 Max:  0.539446303645971
Year 1952 mean: 0.514607
Nr subsample estimates neq 0.5 100
Nr subsample estimates = 0.5 0
Nr subsample estimates after adjustment 100
1952 0.505748443142824 0.5113562207326146 0.5042426447377267
Year:  1953
Min:  0.501184026790935 Median:  0.5077583584892025 Mean:  0.5106615500745689 Max:  0.538024578584436
Year 1953 mean: 0.510662
Nr subsample estimates neq 0.5 100
Nr subsample estimates = 0.5 0
Nr subsample estimates after adjustment 100
1953 0.504456448169972 0.5080332395529283 0.5033103290925208
Year:  1954
Min:  0.50050654978265 Median:  0.5121391323501105 Mean:  0.5142838787917815 Max:  0.555895832322408
Year 1954 mean: 0.514284
Nr subsample estimates neq 0.5 100
Nr subsample estimates = 0.5 0
Nr subsample estimates after adjustment 100
1954 0.504249222884473 0.5073587833494637 0.5031996533440887
Year:  1955
Min:  0.500838910549795 Median:  0.512835323697554 Mean:  0.5155454691069687 Max:  0.555671704478611
Year 1955 mean: 0.515545
Nr subsample estimates neq 0.5 100
Nr subsample estimates = 0.5 0
Nr subsample estimates after adjustment 100
1955 0.504725574517927 0.508717963147011 0.5033553419467034
Year:  1956
Min:  0.501269383354149 Median:  0.5121276400396145 Mean:  0.5134984848680086 Max:  0.541806599438245
Year 1956 mean: 0.513498
Nr subsample estimates neq 0.5 100
Nr subsample estimates = 0.5 0
Nr subsample estimates after adjustment 100
1956 0.505614768691596 0.51004390687161 0.5042358955576351
Year:  1957
Min:  0.500753324999952 Median:  0.5089749650571005 Mean:  0.5111665894448144 Max:  0.546094312631486
Year 1957 mean: 0.511167
Nr subsample estimates neq 0.5 100
Nr subsample estimates = 0.5 0
Nr subsample estimates after adjustment 100
1957 0.505225321532593 0.5113681102824322 0.5036748470421568
Year:  1958
Min:  0.501624344029346 Median:  0.511197288221388 Mean:  0.5139718689924091 Max:  0.562238432455501
Year 1958 mean: 0.513972
Nr subsample estimates neq 0.5 100
Nr subsample estimates = 0.5 0
Nr subsample estimates after adjustment 100
1958 0.505078123993339 0.5086719572899433 0.503941648579156
Year:  1959
Min:  0.500834889021187 Median:  0.5136013274252105 Mean:  0.5156127136049662 Max:  0.545077625170081
Year 1959 mean: 0.515613
Nr subsample estimates neq 0.5 100
Nr subsample estimates = 0.5 0
Nr subsample estimates after adjustment 100
1959 0.505158571826976 0.50939788312993 0.503740213655004
Year:  1960
Min:  0.501003086622348 Median:  0.511811862357942 Mean:  0.5141974667796518 Max:  0.548624928237891
Year 1960 mean: 0.514197
Nr subsample estimates neq 0.5 100
Nr subsample estimates = 0.5 0
Nr subsample estimates after adjustment 100
1960 0.50400115550758 0.5066737038508693 0.5030474113790018
Year:  1961
Min:  0.50100951019537 Median:  0.5145100601474095 Mean:  0.5163976728920749 Max:  0.541260302713038
Year 1961 mean: 0.516398
Nr subsample estimates neq 0.5 100
Nr subsample estimates = 0.5 0
Nr subsample estimates after adjustment 100
1961 0.504316206980584 0.5078657636440604 0.5033573838190181
Year:  1962
Min:  0.501359725557047 Median:  0.509922460039699 Mean:  0.5127828546776783 Max:  0.549651757546221
Year 1962 mean: 0.512783
Nr subsample estimates neq 0.5 100
Nr subsample estimates = 0.5 0
Nr subsample estimates after adjustment 100
1962 0.505023046524162 0.5093309061045685 0.5035907694764697
Year:  1963
Min:  0.50125552982449 Median:  0.5119755541714059 Mean:  0.5128870687596561 Max:  0.537723893804511
Year 1963 mean: 0.512887
Nr subsample estimates neq 0.5 100
Nr subsample estimates = 0.5 0
Nr subsample estimates after adjustment 100
1963 0.505407359894386 0.509603515351067 0.504134035609199
Year:  1964
Min:  0.500503969082665 Median:  0.5127655428080915 Mean:  0.5156899981880795 Max:  0.552114024707668
Year 1964 mean: 0.515690
Nr subsample estimates neq 0.5 100
Nr subsample estimates = 0.5 0
Nr subsample estimates after adjustment 100
1964 0.5067324611876 0.512708944100836 0.5049616271347724
Year:  1965
Min:  0.501795595358043 Median:  0.5098805575798465 Mean:  0.5129687561709592 Max:  0.541315665960388
Year 1965 mean: 0.512969
Nr subsample estimates neq 0.5 100
Nr subsample estimates = 0.5 0
Nr subsample estimates after adjustment 100
1965 0.505574840910265 0.5097540844219335 0.5040571429916594
Year:  1966
Min:  0.501322302303633 Median:  0.5176996724752669 Mean:  0.5207301555015121 Max:  0.569378075754046
Year 1966 mean: 0.520730
Nr subsample estimates neq 0.5 100
Nr subsample estimates = 0.5 0
Nr subsample estimates after adjustment 100
1966 0.507076795817706 0.5132869221106452 0.505161185578703
Year:  1967
Min:  0.503025020383393 Median:  0.5195900732822455 Mean:  0.5223703594740086 Max:  0.562407515753039
Year 1967 mean: 0.522370
Nr subsample estimates neq 0.5 100
Nr subsample estimates = 0.5 0
Nr subsample estimates after adjustment 100
1967 0.510349020180584 0.5192589577912099 0.507683744677406
Year:  1968
Min:  0.500589458208969 Median:  0.514188519549996 Mean:  0.5164958188156296 Max:  0.544373200967837
Year 1968 mean: 0.516496
Nr subsample estimates neq 0.5 100
Nr subsample estimates = 0.5 0
Nr subsample estimates after adjustment 100
1968 0.508010040178392 0.5133555165131232 0.5061010293420024
Year:  1969
Min:  0.502186933874824 Median:  0.514116900445319 Mean:  0.5153619626181555 Max:  0.543701254366664
Year 1969 mean: 0.515362
Nr subsample estimates neq 0.5 100
Nr subsample estimates = 0.5 0
Nr subsample estimates after adjustment 100
1969 0.511042354875296 0.5191974292720238 0.5085293894280182
Year:  1970
Min:  0.501056846963177 Median:  0.5137685109340404 Mean:  0.5164456314653756 Max:  0.553964111006797
Year 1970 mean: 0.516446
Nr subsample estimates neq 0.5 100
Nr subsample estimates = 0.5 0
Nr subsample estimates after adjustment 100
1970 0.519084257298019 0.5345449204007585 0.5142258914296728
Year:  1971
Min:  0.501226785041918 Median:  0.512685387184337 Mean:  0.5149101660556614 Max:  0.548377314817439
Year 1971 mean: 0.514910
Nr subsample estimates neq 0.5 100
Nr subsample estimates = 0.5 0
Nr subsample estimates after adjustment 100
1971 0.515936571761073 0.527094501927721 0.5120329961243381
Year:  1972
Min:  0.501933854029416 Median:  0.5133910873414329 Mean:  0.5178387960232049 Max:  0.556557889534938
Year 1972 mean: 0.517839
Nr subsample estimates neq 0.5 100
Nr subsample estimates = 0.5 0
Nr subsample estimates after adjustment 100
1972 0.510078413986095 0.5199686763576615 0.5072471652091664
Year:  1973
Min:  0.502373196998694 Median:  0.5160918028416025 Mean:  0.5201068213391914 Max:  0.566786914220697
Year 1973 mean: 0.520107
Nr subsample estimates neq 0.5 100
Nr subsample estimates = 0.5 0
Nr subsample estimates after adjustment 100
1973 0.512961798010821 0.5231667887449521 0.5093525214312266
Year:  1974
Min:  0.501239071504485 Median:  0.5154020244514725 Mean:  0.5211287776067846 Max:  0.582989439524953
Year 1974 mean: 0.521129
Nr subsample estimates neq 0.5 100
Nr subsample estimates = 0.5 0
Nr subsample estimates after adjustment 100
1974 0.512124232107165 0.5220907413466498 0.5087004352621788
Year:  1975
Min:  0.503040378850345 Median:  0.517750224791496 Mean:  0.5200478055752936 Max:  0.556266889036826
Year 1975 mean: 0.520048
Nr subsample estimates neq 0.5 100
Nr subsample estimates = 0.5 0
Nr subsample estimates after adjustment 100
1975 0.516358131405722 0.5279270167958208 0.5120159007935677
Year:  1976
Min:  0.50166479882071 Median:  0.5156767388306396 Mean:  0.5170872205122481 Max:  0.547278992879907
Year 1976 mean: 0.517087
Nr subsample estimates neq 0.5 100
Nr subsample estimates = 0.5 0
Nr subsample estimates after adjustment 100
1976 0.509600407573162 0.516630923624665 0.5073270712293542
Year:  1977
Min:  0.500992494104192 Median:  0.5132638257220554 Mean:  0.5140367098082524 Max:  0.555255544709133
Year 1977 mean: 0.514037
Nr subsample estimates neq 0.5 100
Nr subsample estimates = 0.5 0
Nr subsample estimates after adjustment 100
1977 0.513013591162386 0.524007378858608 0.50978088007624
Year:  1978
Min:  0.50092877807643 Median:  0.5122184203984415 Mean:  0.5175822523660143 Max:  0.563338861990192
Year 1978 mean: 0.517582
Nr subsample estimates neq 0.5 100
Nr subsample estimates = 0.5 0
Nr subsample estimates after adjustment 100
1978 0.510932089833919 0.521195330566753 0.5078933941500887
Year:  1979
Min:  0.500929250597941 Median:  0.5118451103356776 Mean:  0.5150025189912306 Max:  0.543969727453005
Year 1979 mean: 0.515003
Nr subsample estimates neq 0.5 100
Nr subsample estimates = 0.5 0
Nr subsample estimates after adjustment 100
1979 0.523238132466347 0.5405757227682811 0.5166191598287739
Year:  1980
Min:  0.502257895445563 Median:  0.519590098412698 Mean:  0.5221662922384017 Max:  0.571067947191335
Year 1980 mean: 0.522166
Nr subsample estimates neq 0.5 100
Nr subsample estimates = 0.5 0
Nr subsample estimates after adjustment 100
1980 0.514839708826562 0.5286608392942195 0.5113908406738147
Year:  1981
Min:  0.503645544087022 Median:  0.517434494412482 Mean:  0.5210073198864091 Max:  0.561457055919732
Year 1981 mean: 0.521007
Nr subsample estimates neq 0.5 100
Nr subsample estimates = 0.5 0
Nr subsample estimates after adjustment 100
1981 0.527220869396572 0.5466944299089134 0.5201268467293447
Year:  1982
Min:  0.501904255506408 Median:  0.5135376099879395 Mean:  0.5175986468140378 Max:  0.558637293989853
Year 1982 mean: 0.517599
Nr subsample estimates neq 0.5 100
Nr subsample estimates = 0.5 0
Nr subsample estimates after adjustment 100
1982 0.510417231853219 0.518019659484524 0.5076573163657432
Year:  1983
Min:  0.502024872317074 Median:  0.5178871865379056 Mean:  0.5217736522591931 Max:  0.579490394529422
Year 1983 mean: 0.521774
Nr subsample estimates neq 0.5 100
Nr subsample estimates = 0.5 0
Nr subsample estimates after adjustment 100
1983 0.512905164143072 0.5238272356010397 0.5093742259700664
Year:  1984
Min:  0.502558718795302 Median:  0.514884019109497 Mean:  0.5185631786815318 Max:  0.581299728191228
Year 1984 mean: 0.518563
Nr subsample estimates neq 0.5 100
Nr subsample estimates = 0.5 0
Nr subsample estimates after adjustment 100
1984 0.51342491299489 0.5236567185027742 0.5101164949535019
Year:  1985
Min:  0.501602040491807 Median:  0.513863714603199 Mean:  0.518870299847533 Max:  0.589660737674316
Year 1985 mean: 0.518870
Nr subsample estimates neq 0.5 100
Nr subsample estimates = 0.5 0
Nr subsample estimates after adjustment 100
1985 0.514216825937139 0.529248648669584 0.5105386644356794
Year:  1986
Min:  0.501126195461381 Median:  0.5199020204246515 Mean:  0.5230540898346558 Max:  0.60773136802053
Year 1986 mean: 0.523054
Nr subsample estimates neq 0.5 100
Nr subsample estimates = 0.5 0
Nr subsample estimates after adjustment 100
1986 0.513803420347347 0.5267263604104742 0.5102010714907892
Year:  1987
Min:  0.500945049939257 Median:  0.5183102227483021 Mean:  0.5216255789152702 Max:  0.613242353694913
Year 1987 mean: 0.521626
Nr subsample estimates neq 0.5 100
Nr subsample estimates = 0.5 0
Nr subsample estimates after adjustment 100
1987 0.510248789330446 0.5191408750633455 0.507567658471658
Year:  1988
Min:  0.501246110981097 Median:  0.5186088410167735 Mean:  0.521708860361815 Max:  0.573843046343966
Year 1988 mean: 0.521709
Nr subsample estimates neq 0.5 100
Nr subsample estimates = 0.5 0
Nr subsample estimates after adjustment 100
1988 0.523159709599033 0.5452898850071837 0.5167786652650019
Year:  1989
Min:  0.50262472729064 Median:  0.5224547755892646 Mean:  0.523677256560624 Max:  0.563263883679989
Year 1989 mean: 0.523677
Nr subsample estimates neq 0.5 100
Nr subsample estimates = 0.5 0
Nr subsample estimates after adjustment 100
1989 0.513472027314963 0.5232718525283916 0.5100060894214263
Year:  1990
Min:  0.501317210431044 Median:  0.5121775213541135 Mean:  0.5180004051610724 Max:  0.576466327092052
Year 1990 mean: 0.518000
Nr subsample estimates neq 0.5 100
Nr subsample estimates = 0.5 0
Nr subsample estimates after adjustment 100
1990 0.516579527211394 0.5353858408324059 0.5121603492365032
Year:  1991
Min:  0.501670266183867 Median:  0.5165351618141916 Mean:  0.5188653983386898 Max:  0.553270053068343
Year 1991 mean: 0.518865
Nr subsample estimates neq 0.5 100
Nr subsample estimates = 0.5 0
Nr subsample estimates after adjustment 100
1991 0.509689946721306 0.5198044144156929 0.5071079721929436
Year:  1992
Min:  0.502043478332222 Median:  0.5165323866426754 Mean:  0.5202829718952807 Max:  0.555126813033101
Year 1992 mean: 0.520283
Nr subsample estimates neq 0.5 100
Nr subsample estimates = 0.5 0
Nr subsample estimates after adjustment 100
1992 0.512138230760401 0.5233928264659383 0.5089741471887351
Year:  1993
Min:  0.501796207370997 Median:  0.5188778701330795 Mean:  0.5226982985240877 Max:  0.5717089896794
Year 1993 mean: 0.522698
Nr subsample estimates neq 0.5 100
Nr subsample estimates = 0.5 0
Nr subsample estimates after adjustment 100
1993 0.514555006845684 0.5332496937893488 0.5101465596209055
Year:  1994
Min:  0.501599707170216 Median:  0.5167630224996735 Mean:  0.5215466272054933 Max:  0.567450368929607
Year 1994 mean: 0.521547
Nr subsample estimates neq 0.5 100
Nr subsample estimates = 0.5 0
Nr subsample estimates after adjustment 100
1994 0.513158663420479 0.5275016200110073 0.5094516228787831
Year:  1995
Min:  0.502723066574002 Median:  0.5190555985854185 Mean:  0.5235889417704668 Max:  0.582006052671376
Year 1995 mean: 0.523589
Nr subsample estimates neq 0.5 100
Nr subsample estimates = 0.5 0
Nr subsample estimates after adjustment 100
1995 0.51904307965315 0.5402740032251911 0.5140135696167897
Year:  1996
Min:  0.501585070330459 Median:  0.5174597731677185 Mean:  0.5213347216778692 Max:  0.567048003910896
Year 1996 mean: 0.521335
Nr subsample estimates neq 0.5 100
Nr subsample estimates = 0.5 0
Nr subsample estimates after adjustment 100
1996 0.511213750746814 0.5236324825651935 0.5079951770394434
Year:  1997
Min:  0.50189114374358 Median:  0.5175268704914545 Mean:  0.5208400918658559 Max:  0.585045260267942
Year 1997 mean: 0.520840
Nr subsample estimates neq 0.5 100
Nr subsample estimates = 0.5 0
Nr subsample estimates after adjustment 100
1997 0.511793194240595 0.5226631769904726 0.5086914447254088
Year:  1998
Min:  0.501554662921431 Median:  0.5161015695702575 Mean:  0.5189862066692387 Max:  0.563015860657409
Year 1998 mean: 0.518986
Nr subsample estimates neq 0.5 100
Nr subsample estimates = 0.5 0
Nr subsample estimates after adjustment 100
1998 0.509846687207836 0.5202438821333601 0.5073519012245171
Year:  1999
Min:  0.502506304737839 Median:  0.5203283922310384 Mean:  0.5206994773445416 Max:  0.561862472214583
Year 1999 mean: 0.520699
Nr subsample estimates neq 0.5 100
Nr subsample estimates = 0.5 0
Nr subsample estimates after adjustment 100
1999 0.51731955841374 0.5339202602770121 0.5133763320301263
Year:  2000
Min:  0.502763095433855 Median:  0.519627787282207 Mean:  0.5211092458676503 Max:  0.569423652049489
Year 2000 mean: 0.521109
Nr subsample estimates neq 0.5 100
Nr subsample estimates = 0.5 0
Nr subsample estimates after adjustment 100
2000 0.512219664743759 0.5238710865938594 0.5091859329669263
Year:  2001
Min:  0.501538829134776 Median:  0.5157855786952585 Mean:  0.5182107610312794 Max:  0.565693531614836
Year 2001 mean: 0.518211
Nr subsample estimates neq 0.5 100
Nr subsample estimates = 0.5 0
Nr subsample estimates after adjustment 100
2001 0.510670989781223 0.5222839867399109 0.5079163587793031
Year:  2002
Min:  0.501945437645743 Median:  0.519895030834021 Mean:  0.5214034368084906 Max:  0.572816535103726
Year 2002 mean: 0.521403
Nr subsample estimates neq 0.5 100
Nr subsample estimates = 0.5 0
Nr subsample estimates after adjustment 100
2002 0.511975277425622 0.5229882284926791 0.5090215038267897
Year:  2003
Min:  0.501645726298545 Median:  0.519220035508368 Mean:  0.5214383913014601 Max:  0.589355274524163
Year 2003 mean: 0.521438
Nr subsample estimates neq 0.5 100
Nr subsample estimates = 0.5 0
Nr subsample estimates after adjustment 100
2003 0.516084874903665 0.5299411629631003 0.51253617469337
Year:  2004
Min:  0.500837206182891 Median:  0.5164934535379051 Mean:  0.5212341430646346 Max:  0.583112777685239
Year 2004 mean: 0.521234
Nr subsample estimates neq 0.5 100
Nr subsample estimates = 0.5 0
Nr subsample estimates after adjustment 100
2004 0.511653120242374 0.5246418463833236 0.5084217395867201
Year:  2005
Min:  0.501933315658188 Median:  0.51497345796966 Mean:  0.5197556936162055 Max:  0.580086018047124
Year 2005 mean: 0.519756
Nr subsample estimates neq 0.5 100
Nr subsample estimates = 0.5 0
Nr subsample estimates after adjustment 100
2005 0.512096741728511 0.5255339978456947 0.5087972001042861
Year:  2006
Min:  0.501609363978126 Median:  0.5223290639234466 Mean:  0.5230647557487087 Max:  0.563238468028428
Year 2006 mean: 0.523065
Nr subsample estimates neq 0.5 100
Nr subsample estimates = 0.5 0
Nr subsample estimates after adjustment 100
2006 0.512764813744664 0.5230367499493891 0.5097023117702242
Year:  2007
Min:  0.50183349196671 Median:  0.5206831168830275 Mean:  0.5228505334406329 Max:  0.587785788475318
Year 2007 mean: 0.522851
Nr subsample estimates neq 0.5 100
Nr subsample estimates = 0.5 0
Nr subsample estimates after adjustment 100
2007 0.512589629120956 0.5241871734105921 0.5094451437781778
Year:  2008
Min:  0.501704891096011 Median:  0.522834486024517 Mean:  0.5267163459639391 Max:  0.587965839454359
Year 2008 mean: 0.526716
Nr subsample estimates neq 0.5 100
Nr subsample estimates = 0.5 0
Nr subsample estimates after adjustment 100
2008 0.514651562620341 0.5293217407078807 0.5107824279828865
Year:  2009
Min:  0.502363177297786 Median:  0.5236007309220915 Mean:  0.524450183017692 Max:  0.597786757892835
Year 2009 mean: 0.524450
Nr subsample estimates neq 0.5 100
Nr subsample estimates = 0.5 0
Nr subsample estimates after adjustment 100
2009 0.512983690585461 0.5256052620805752 0.5097403123536536
Year:  2010
Min:  0.503007113461308 Median:  0.5232084982316455 Mean:  0.5262546819066937 Max:  0.621179580046492
Year 2010 mean: 0.526255
Nr subsample estimates neq 0.5 100
Nr subsample estimates = 0.5 0
Nr subsample estimates after adjustment 100
2010 0.514625871114876 0.5310484363545899 0.5108243070788698
Year:  2011
Min:  0.502685476294646 Median:  0.524045832907352 Mean:  0.5294915399946786 Max:  0.59388656897427
Year 2011 mean: 0.529492
Nr subsample estimates neq 0.5 100
Nr subsample estimates = 0.5 0
Nr subsample estimates after adjustment 100
2011 0.519171356141558 0.5366558405385232 0.5142500196303337
Year:  2012
Min:  0.502068322888017 Median:  0.5260576508028415 Mean:  0.5275372910119579 Max:  0.578545971496549
Year 2012 mean: 0.527537
Nr subsample estimates neq 0.5 100
Nr subsample estimates = 0.5 0
Nr subsample estimates after adjustment 100
2012 0.514541911067563 0.5279176903905608 0.5109392311371982
Year:  2013
Min:  0.502670385265569 Median:  0.5266120703665069 Mean:  0.528887120125919 Max:  0.59794563664628
Year 2013 mean: 0.528887
Nr subsample estimates neq 0.5 100
Nr subsample estimates = 0.5 0
Nr subsample estimates after adjustment 100
2013 0.511982213161321 0.5224449577930881 0.5091355997223278
Year:  2014
Min:  0.50334668270219 Median:  0.5298380251792509 Mean:  0.5310771436762864 Max:  0.60409466189469
Year 2014 mean: 0.531077
Nr subsample estimates neq 0.5 100
Nr subsample estimates = 0.5 0
Nr subsample estimates after adjustment 100
2014 0.517827081189702 0.5333367028547192 0.5137225328127929
Year:  2015
Min:  0.503134085077856 Median:  0.5223466922415729 Mean:  0.5258275574579794 Max:  0.586117125961081
Year 2015 mean: 0.525828
Nr subsample estimates neq 0.5 100
Nr subsample estimates = 0.5 0
Nr subsample estimates after adjustment 100
2015 0.511209391774967 0.5229984628240256 0.508341098026254
Year:  2016
Min:  0.502907455157501 Median:  0.5248085229331345 Mean:  0.5274340268804854 Max:  0.602050861688652
Year 2016 mean: 0.527434
Nr subsample estimates neq 0.5 100
Nr subsample estimates = 0.5 0
Nr subsample estimates after adjustment 100
2016 0.510444020148737 0.520238973922676 0.5080302123423125
Year:  2017
Min:  0.503419732934162 Median:  0.525801027827541 Mean:  0.5300254966101532 Max:  0.59790041378814
Year 2017 mean: 0.530025
Nr subsample estimates neq 0.5 100
Nr subsample estimates = 0.5 0
Nr subsample estimates after adjustment 100
2017 0.510031176927066 0.5174284384902264 0.5076475772420548
Year:  2018
Min:  0.501465054994995 Median:  0.5243915674819605 Mean:  0.5289446868969008 Max:  0.603337717127538
Year 2018 mean: 0.528945
Nr subsample estimates neq 0.5 100
Nr subsample estimates = 0.5 0
Nr subsample estimates after adjustment 100
2018 0.511298025710262 0.5237126852430142 0.5081254624813132
Output written to  /home/jernie/analysis/output/education/partisanship-education_randlabels_Cadj_c0_partyf-cis.csv
