trying URL 'http://cran.r-project.org/src/contrib/splitstackshape_1.4.8.tar.gz'
Content type 'application/x-gzip' length 33972 bytes (33 KB)
==================================================
downloaded 33 KB

* installing *source* package ‘splitstackshape’ ...
** package ‘splitstackshape’ successfully unpacked and MD5 sums checked
** using staged installation
** R
** data
*** moving datasets to lazyload DB
** byte-compile and prepare package for lazy loading
** help
*** installing help indices
** building package indices
** testing if installed package can be loaded from temporary location
** testing if installed package can be loaded from final location
** testing if installed package keeps a record of temporary installation path
* DONE (splitstackshape)

The downloaded source packages are in
	‘/tmp/RtmpVfSfyJ/downloaded_packages’
Updating HTML index of packages in '.Library'
Making 'packages.html' ... done
