Party variable: under40, fake = 0, empirical: 0
Infile:  partisanship-under40_Cadj_c0_partyf.csv
/home/jernie/analysis/output/under40/partisanship-under40_Cadj_c0_partyf.csv
Year:  1907
Min:  0.500178965691969 Median:  0.5085975997039744 Mean:  0.5132676167008945 Max:  0.599778080268576
Year 1907 mean: 0.513268
Nr subsample estimates neq 0.5 100
Nr subsample estimates = 0.5 0
Nr subsample estimates after adjustment 100
1907 0.505124983938467 0.5125523023085589 0.5038198601222726
Year:  1908
Min:  0.500476243992015 Median:  0.51032447173145 Mean:  0.5125869875380222 Max:  0.551372874803805
Year 1908 mean: 0.512587
Nr subsample estimates neq 0.5 100
Nr subsample estimates = 0.5 0
Nr subsample estimates after adjustment 100
1908 0.50708707955037 0.5137804837646724 0.5053577869152304
Year:  1909
Min:  0.500465595956043 Median:  0.5088068388571 Mean:  0.5144355551475693 Max:  0.580667581083539
Year 1909 mean: 0.514436
Nr subsample estimates neq 0.5 100
Nr subsample estimates = 0.5 0
Nr subsample estimates after adjustment 100
1909 0.505009791604306 0.5113467548084386 0.503464362735174
Year:  1910
Min:  0.500313534845046 Median:  0.5081047148236331 Mean:  0.5133715662422683 Max:  0.608051798297818
Year 1910 mean: 0.513372
Nr subsample estimates neq 0.5 100
Nr subsample estimates = 0.5 0
Nr subsample estimates after adjustment 100
1910 0.50565783824436 0.5141890459924537 0.5041070527645849
Year:  1911
Min:  0.500258322301338 Median:  0.5068910719169485 Mean:  0.5101324695316508 Max:  0.575495046805355
Year 1911 mean: 0.510132
Nr subsample estimates neq 0.5 100
Nr subsample estimates = 0.5 0
Nr subsample estimates after adjustment 100
1911 0.507226147933582 0.5217319209426002 0.5050825047124289
Year:  1912
Min:  0.500260466442518 Median:  0.505530034889219 Mean:  0.5074645495316298 Max:  0.538502382853392
Year 1912 mean: 0.507465
Nr subsample estimates neq 0.5 100
Nr subsample estimates = 0.5 0
Nr subsample estimates after adjustment 100
1912 0.504218777650418 0.5092420845765947 0.5031267810597206
Year:  1913
Min:  0.500245120725965 Median:  0.5045894413317445 Mean:  0.5072707968559402 Max:  0.560571906240228
Year 1913 mean: 0.507271
Nr subsample estimates neq 0.5 100
Nr subsample estimates = 0.5 0
Nr subsample estimates after adjustment 100
1913 0.50413976986473 0.5108942200451289 0.5029118073617772
Year:  1914
Min:  0.500352741375663 Median:  0.505230642904635 Mean:  0.5095294298463017 Max:  0.596525059370892
Year 1914 mean: 0.509529
Nr subsample estimates neq 0.5 100
Nr subsample estimates = 0.5 0
Nr subsample estimates after adjustment 100
1914 0.505854378452733 0.5135197445149107 0.5044402584030673
Year:  1915
Parliament didn't gather, output nan
Year:  1916
Parliament didn't gather, output nan
Year:  1917
Min:  0.50035972876444 Median:  0.5068991320414264 Mean:  0.508740599812694 Max:  0.541432325073349
Year 1917 mean: 0.508741
Nr subsample estimates neq 0.5 100
Nr subsample estimates = 0.5 0
Nr subsample estimates after adjustment 100
1917 0.50490569359623 0.5121123652388353 0.5036584625686403
Year:  1918
Min:  0.500056715515497 Median:  0.5025384791445615 Mean:  0.5060544581108025 Max:  0.532662935556039
Year 1918 mean: 0.506054
Nr subsample estimates neq 0.5 100
Nr subsample estimates = 0.5 0
Nr subsample estimates after adjustment 100
1918 0.503610715111588 0.5162220864968096 0.5022792441511146
Year:  1919
Min:  0.500296790827571 Median:  0.506726439005197 Mean:  0.5102405001448962 Max:  0.562731558080419
Year 1919 mean: 0.510241
Nr subsample estimates neq 0.5 100
Nr subsample estimates = 0.5 0
Nr subsample estimates after adjustment 100
1919 0.505511316956164 0.5124154890226469 0.5038973509909143
Year:  1920
Min:  0.500455642210637 Median:  0.50811599935974 Mean:  0.5107171497613356 Max:  0.563183608124965
Year 1920 mean: 0.510717
Nr subsample estimates neq 0.5 100
Nr subsample estimates = 0.5 0
Nr subsample estimates after adjustment 100
1920 0.505952925471171 0.513186412874537 0.5042972419786684
Year:  1921
Min:  0.500312192671715 Median:  0.5086239037499035 Mean:  0.5107742626882377 Max:  0.547483247655161
Year 1921 mean: 0.510774
Nr subsample estimates neq 0.5 100
Nr subsample estimates = 0.5 0
Nr subsample estimates after adjustment 100
1921 0.506415273470302 0.5151132373883786 0.5043351025675389
Year:  1922
Min:  0.500634503817028 Median:  0.5054676235108315 Mean:  0.5092901500285111 Max:  0.541612551014676
Year 1922 mean: 0.509290
Nr subsample estimates neq 0.5 100
Nr subsample estimates = 0.5 0
Nr subsample estimates after adjustment 100
1922 0.505468549711237 0.5123836932283659 0.5038552682522299
Year:  1923
Min:  0.500324099416098 Median:  0.5064599769130285 Mean:  0.5098502129403354 Max:  0.546422376864915
Year 1923 mean: 0.509850
Nr subsample estimates neq 0.5 100
Nr subsample estimates = 0.5 0
Nr subsample estimates after adjustment 100
1923 0.511235087443973 0.5269177547122786 0.5075446090450481
Year:  1924
Min:  0.501004432590982 Median:  0.5079386338678555 Mean:  0.5111372114281757 Max:  0.569878692754303
Year 1924 mean: 0.511137
Nr subsample estimates neq 0.5 100
Nr subsample estimates = 0.5 0
Nr subsample estimates after adjustment 100
1924 0.50880607785197 0.5190213318984892 0.5063611169868455
Year:  1925
Min:  0.50052439544301 Median:  0.5067220926556265 Mean:  0.5080205048496925 Max:  0.532958381346067
Year 1925 mean: 0.508021
Nr subsample estimates neq 0.5 100
Nr subsample estimates = 0.5 0
Nr subsample estimates after adjustment 100
1925 0.504311813627088 0.5091981858579503 0.5030804493657246
Year:  1926
Min:  0.500269899766152 Median:  0.504663680536009 Mean:  0.5063278409129647 Max:  0.522937587713124
Year 1926 mean: 0.506328
Nr subsample estimates neq 0.5 100
Nr subsample estimates = 0.5 0
Nr subsample estimates after adjustment 100
1926 0.505018318980028 0.5119519901706265 0.5035063827895356
Year:  1927
Min:  0.500525727965721 Median:  0.506547738498234 Mean:  0.5081454351666881 Max:  0.531736489283423
Year 1927 mean: 0.508145
Nr subsample estimates neq 0.5 100
Nr subsample estimates = 0.5 0
Nr subsample estimates after adjustment 100
1927 0.50659951216197 0.5140106728651044 0.5045105684570562
Year:  1928
Min:  0.500276626147281 Median:  0.505296982288349 Mean:  0.5074580313131162 Max:  0.534982438894937
Year 1928 mean: 0.507458
Nr subsample estimates neq 0.5 100
Nr subsample estimates = 0.5 0
Nr subsample estimates after adjustment 100
1928 0.505974451189348 0.5128573235975971 0.5042183962286388
Year:  1929
Min:  0.500319440257435 Median:  0.5044614300768224 Mean:  0.5066184691850422 Max:  0.525624038537757
Year 1929 mean: 0.506618
Nr subsample estimates neq 0.5 100
Nr subsample estimates = 0.5 0
Nr subsample estimates after adjustment 100
1929 0.505673846470098 0.5124103651759202 0.5036817115147973
Year:  1930
Min:  0.500094758806566 Median:  0.5039233434864314 Mean:  0.5059806833290179 Max:  0.527980094973571
Year 1930 mean: 0.505981
Nr subsample estimates neq 0.5 100
Nr subsample estimates = 0.5 0
Nr subsample estimates after adjustment 100
1930 0.503561413154438 0.5102016736188515 0.5023779279728529
Year:  1931
Min:  0.500063437370254 Median:  0.502432259070583 Mean:  0.5044412286966945 Max:  0.527886319212323
Year 1931 mean: 0.504441
Nr subsample estimates neq 0.5 100
Nr subsample estimates = 0.5 0
Nr subsample estimates after adjustment 100
1931 0.502901849336262 0.5093545942011536 0.5019413570185108
Year:  1932
Too few MPs, under40 = 1: 13
Making nan append for year  1932
Year:  1933
Min:  0.500056696389644 Median:  0.5057816910136045 Mean:  0.5079385485657486 Max:  0.535041041226766
Year 1933 mean: 0.507939
Nr subsample estimates neq 0.5 100
Nr subsample estimates = 0.5 0
Nr subsample estimates after adjustment 100
1933 0.505151159387192 0.5132821619118727 0.5036453936458692
Year:  1934
Min:  0.500233046576265 Median:  0.505376634260834 Mean:  0.5068274467893059 Max:  0.531291198045789
Year 1934 mean: 0.506827
Nr subsample estimates neq 0.5 100
Nr subsample estimates = 0.5 0
Nr subsample estimates after adjustment 100
1934 0.504074401555643 0.5123835805263245 0.5030321997307107
Year:  1935
Min:  0.500174421141522 Median:  0.5047991855956999 Mean:  0.5065801736431174 Max:  0.531698716748207
Year 1935 mean: 0.506580
Nr subsample estimates neq 0.5 100
Nr subsample estimates = 0.5 0
Nr subsample estimates after adjustment 100
1935 0.507982937776875 0.5172913934645841 0.5059205581567653
Year:  1936
Min:  0.500055023555956 Median:  0.504993180274429 Mean:  0.5065089104786662 Max:  0.528516450607559
Year 1936 mean: 0.506509
Nr subsample estimates neq 0.5 100
Nr subsample estimates = 0.5 0
Nr subsample estimates after adjustment 100
1936 0.50588911632753 0.5168528958887001 0.5040342663941156
Year:  1937
Min:  0.500068201788999 Median:  0.506609631713013 Mean:  0.508309650366416 Max:  0.540390566984779
Year 1937 mean: 0.508310
Nr subsample estimates neq 0.5 100
Nr subsample estimates = 0.5 0
Nr subsample estimates after adjustment 100
1937 0.507315439792696 0.5255080205430575 0.5051037373669366
Year:  1938
Min:  0.500047351179862 Median:  0.504037633426773 Mean:  0.5066453282780382 Max:  0.543478222075332
Year 1938 mean: 0.506645
Nr subsample estimates neq 0.5 100
Nr subsample estimates = 0.5 0
Nr subsample estimates after adjustment 100
1938 0.503374049788136 0.5099505177988763 0.5022389407980192
Year:  1939
Too few MPs, under40 = 1: 9
Making nan append for year  1939
Year:  1940
Min:  0.500036058823245 Median:  0.502857783306702 Mean:  0.5051385798667524 Max:  0.537250318854243
Year 1940 mean: 0.505139
Nr subsample estimates neq 0.5 100
Nr subsample estimates = 0.5 0
Nr subsample estimates after adjustment 100
1940 0.505082319925561 0.5192062740094333 0.5032121872661712
Year:  1941
Too few MPs, under40 = 1: 11
Making nan append for year  1941
Year:  1942
Too few MPs, under40 = 1: 8
Making nan append for year  1942
Year:  1943
Too few MPs, under40 = 1: 7
Making nan append for year  1943
Year:  1944
Too few MPs, under40 = 1: 7
Making nan append for year  1944
Year:  1945
Min:  0.500060827130572 Median:  0.5058391542852355 Mean:  0.5070962561367813 Max:  0.528024679669653
Year 1945 mean: 0.507096
Nr subsample estimates neq 0.5 100
Nr subsample estimates = 0.5 0
Nr subsample estimates after adjustment 100
1945 0.50532702263296 0.512791729893591 0.5038270480339782
Year:  1946
Min:  0.500125530729087 Median:  0.504768316245545 Mean:  0.5068052621479565 Max:  0.528050999725369
Year 1946 mean: 0.506805
Nr subsample estimates neq 0.5 100
Nr subsample estimates = 0.5 0
Nr subsample estimates after adjustment 100
1946 0.506875863212359 0.51931845480117 0.5048099612275049
Year:  1947
Min:  0.500469939235887 Median:  0.5045367916523944 Mean:  0.5068812482204605 Max:  0.533470307452421
Year 1947 mean: 0.506881
Nr subsample estimates neq 0.5 100
Nr subsample estimates = 0.5 0
Nr subsample estimates after adjustment 100
1947 0.506411513510201 0.5125504054264431 0.5043949937698211
Year:  1948
Min:  0.500211248361807 Median:  0.5046558134213119 Mean:  0.5064253581520582 Max:  0.527315255582355
Year 1948 mean: 0.506425
Nr subsample estimates neq 0.5 100
Nr subsample estimates = 0.5 0
Nr subsample estimates after adjustment 100
1948 0.505146594651873 0.5134342287352767 0.5035851219323861
Year:  1949
Min:  0.50006397407133 Median:  0.5042960004707905 Mean:  0.5059967356503021 Max:  0.529724906432221
Year 1949 mean: 0.505997
Nr subsample estimates neq 0.5 100
Nr subsample estimates = 0.5 0
Nr subsample estimates after adjustment 100
1949 0.504140220137192 0.5111035127670135 0.5027904078499711
Year:  1950
Min:  0.500128263698475 Median:  0.50311521263398 Mean:  0.5052035094155015 Max:  0.535092711430639
Year 1950 mean: 0.505204
Nr subsample estimates neq 0.5 100
Nr subsample estimates = 0.5 0
Nr subsample estimates after adjustment 100
1950 0.504434015752922 0.5125830355622397 0.5029323186207648
Year:  1951
Min:  0.500099932428876 Median:  0.5038864327580486 Mean:  0.5049612952654292 Max:  0.526787045102654
Year 1951 mean: 0.504961
Nr subsample estimates neq 0.5 100
Nr subsample estimates = 0.5 0
Nr subsample estimates after adjustment 100
1951 0.505503558493638 0.5146840433988621 0.503748786733399
Year:  1952
Min:  0.500047944062284 Median:  0.5037426271052575 Mean:  0.5050164075257422 Max:  0.527435948353287
Year 1952 mean: 0.505016
Nr subsample estimates neq 0.5 100
Nr subsample estimates = 0.5 0
Nr subsample estimates after adjustment 100
1952 0.505056140470289 0.5157997875323755 0.50357367760727
Year:  1953
Too few MPs, under40 = 1: 11
Making nan append for year  1953
Year:  1954
Min:  0.50012840270607 Median:  0.5033259138373944 Mean:  0.5064706731527815 Max:  0.534574123078794
Year 1954 mean: 0.506471
Nr subsample estimates neq 0.5 100
Nr subsample estimates = 0.5 0
Nr subsample estimates after adjustment 100
1954 0.505369670684636 0.5154582776588728 0.503580718622968
Year:  1955
Min:  0.500059602822933 Median:  0.5053500993918321 Mean:  0.5070571389637121 Max:  0.529677424695244
Year 1955 mean: 0.507057
Nr subsample estimates neq 0.5 100
Nr subsample estimates = 0.5 0
Nr subsample estimates after adjustment 100
1955 0.506217974425945 0.5166878708699305 0.5044846356019707
Year:  1956
Min:  0.500099282778364 Median:  0.5038469838575674 Mean:  0.5052989418725645 Max:  0.524860788516184
Year 1956 mean: 0.505299
Nr subsample estimates neq 0.5 100
Nr subsample estimates = 0.5 0
Nr subsample estimates after adjustment 100
1956 0.505807423430638 0.5154882156827497 0.5040118495817952
Year:  1957
Min:  0.500044322401264 Median:  0.5028327458660871 Mean:  0.5041448075282008 Max:  0.516806238627628
Year 1957 mean: 0.504145
Nr subsample estimates neq 0.5 100
Nr subsample estimates = 0.5 0
Nr subsample estimates after adjustment 100
1957 0.503249802132466 0.5105442875494709 0.5022455957938892
Year:  1958
Min:  0.500118455842446 Median:  0.503578497766615 Mean:  0.5057911605171198 Max:  0.531226745876663
Year 1958 mean: 0.505791
Nr subsample estimates neq 0.5 100
Nr subsample estimates = 0.5 0
Nr subsample estimates after adjustment 100
1958 0.504200126905405 0.5122542961273785 0.5027679735527809
Year:  1959
Min:  0.500105833622308 Median:  0.5046251604965495 Mean:  0.507270704892206 Max:  0.543376883238174
Year 1959 mean: 0.507271
Nr subsample estimates neq 0.5 100
Nr subsample estimates = 0.5 0
Nr subsample estimates after adjustment 100
1959 0.504223975714141 0.5129437304462445 0.5028605483097368
Year:  1960
Min:  0.500203936081643 Median:  0.504969836115283 Mean:  0.5068377083654422 Max:  0.526519242280378
Year 1960 mean: 0.506838
Nr subsample estimates neq 0.5 100
Nr subsample estimates = 0.5 0
Nr subsample estimates after adjustment 100
1960 0.504276543932499 0.5114430435462405 0.5028958567443313
Year:  1961
Min:  0.500101386058024 Median:  0.503549134257359 Mean:  0.5050395977054536 Max:  0.525210918765968
Year 1961 mean: 0.505040
Nr subsample estimates neq 0.5 100
Nr subsample estimates = 0.5 0
Nr subsample estimates after adjustment 100
1961 0.504173073380816 0.5109843324144299 0.5027532651744816
Year:  1962
Min:  0.500193422297954 Median:  0.5050589837481695 Mean:  0.506627378497077 Max:  0.53476706061927
Year 1962 mean: 0.506627
Nr subsample estimates neq 0.5 100
Nr subsample estimates = 0.5 0
Nr subsample estimates after adjustment 100
1962 0.504593343975461 0.5100905799677282 0.503302488162899
Year:  1963
Min:  0.500343356665918 Median:  0.5045291582092295 Mean:  0.506376046835319 Max:  0.522986039726661
Year 1963 mean: 0.506376
Nr subsample estimates neq 0.5 100
Nr subsample estimates = 0.5 0
Nr subsample estimates after adjustment 100
1963 0.504944075031565 0.512020720427977 0.503488498586655
Year:  1964
Min:  0.500043670007404 Median:  0.5031083883387755 Mean:  0.5051135822322149 Max:  0.522167678051967
Year 1964 mean: 0.505114
Nr subsample estimates neq 0.5 100
Nr subsample estimates = 0.5 0
Nr subsample estimates after adjustment 100
1964 0.504141252640352 0.5143662345224371 0.5027715065230762
Year:  1965
Too few MPs, under40 = 1: 14
Making nan append for year  1965
Year:  1966
Min:  0.500448395932116 Median:  0.507745105397942 Mean:  0.5090170840209906 Max:  0.539629680830891
Year 1966 mean: 0.509017
Nr subsample estimates neq 0.5 100
Nr subsample estimates = 0.5 0
Nr subsample estimates after adjustment 100
1966 0.50774885950093 0.5197065688160437 0.5056611041967126
Year:  1967
Min:  0.500373827662186 Median:  0.5065106335610555 Mean:  0.5083498918615821 Max:  0.535392784772758
Year 1967 mean: 0.508350
Nr subsample estimates neq 0.5 100
Nr subsample estimates = 0.5 0
Nr subsample estimates after adjustment 100
1967 0.50684579577055 0.5144442259659474 0.504888163191046
Year:  1968
Min:  0.500088407124812 Median:  0.505610952203225 Mean:  0.5066890268347961 Max:  0.539734155645167
Year 1968 mean: 0.506689
Nr subsample estimates neq 0.5 100
Nr subsample estimates = 0.5 0
Nr subsample estimates after adjustment 100
1968 0.505928842945816 0.5146604935670467 0.5042242745111576
Year:  1969
Too few MPs, under40 = 1: 11
Making nan append for year  1969
Year:  1970
Min:  0.500316706644546 Median:  0.505586039170377 Mean:  0.5073029635525288 Max:  0.524455478228989
Year 1970 mean: 0.507303
Nr subsample estimates neq 0.5 100
Nr subsample estimates = 0.5 0
Nr subsample estimates after adjustment 100
1970 0.50906025575442 0.5215127824736101 0.5064506478089151
Year:  1971
Min:  0.500390513800179 Median:  0.5051832113730055 Mean:  0.5078939317632056 Max:  0.549445614526812
Year 1971 mean: 0.507894
Nr subsample estimates neq 0.5 100
Nr subsample estimates = 0.5 0
Nr subsample estimates after adjustment 100
1971 0.508893184277748 0.523146637973816 0.5058941282231468
Year:  1972
Min:  0.500721945848911 Median:  0.5089663864379941 Mean:  0.5109767158357673 Max:  0.541244951360269
Year 1972 mean: 0.510977
Nr subsample estimates neq 0.5 100
Nr subsample estimates = 0.5 0
Nr subsample estimates after adjustment 100
1972 0.507697927538881 0.5162534865837523 0.5057809081510463
Year:  1973
Min:  0.50042558826625 Median:  0.5070444490974275 Mean:  0.508948094181279 Max:  0.533403247588431
Year 1973 mean: 0.508948
Nr subsample estimates neq 0.5 100
Nr subsample estimates = 0.5 0
Nr subsample estimates after adjustment 100
1973 0.509081097502484 0.5182201844513065 0.506496465860385
Year:  1974
Min:  0.500327298301211 Median:  0.5070207368640804 Mean:  0.5078853634738827 Max:  0.529886216309311
Year 1974 mean: 0.507885
Nr subsample estimates neq 0.5 100
Nr subsample estimates = 0.5 0
Nr subsample estimates after adjustment 100
1974 0.509059298979842 0.5190390813426539 0.5068662505465097
Year:  1975
Min:  0.50068664536192 Median:  0.5073736452208865 Mean:  0.5091027573345793 Max:  0.530818180859041
Year 1975 mean: 0.509103
Nr subsample estimates neq 0.5 100
Nr subsample estimates = 0.5 0
Nr subsample estimates after adjustment 100
1975 0.511876146499928 0.5244716466476714 0.5087444525412388
Year:  1976
Min:  0.50037073827516 Median:  0.5096961707382219 Mean:  0.51024246686697 Max:  0.53150374456407
Year 1976 mean: 0.510242
Nr subsample estimates neq 0.5 100
Nr subsample estimates = 0.5 0
Nr subsample estimates after adjustment 100
1976 0.510453609475087 0.5235525911911298 0.5078261524860072
Year:  1977
Min:  0.500548185898243 Median:  0.5104533474108326 Mean:  0.5124469929058497 Max:  0.552881242665033
Year 1977 mean: 0.512447
Nr subsample estimates neq 0.5 100
Nr subsample estimates = 0.5 0
Nr subsample estimates after adjustment 100
1977 0.511546359519312 0.5244382111072626 0.5085142128443279
Year:  1978
Min:  0.500583433321297 Median:  0.5073719861822735 Mean:  0.5089478180518021 Max:  0.533374885215353
Year 1978 mean: 0.508948
Nr subsample estimates neq 0.5 100
Nr subsample estimates = 0.5 0
Nr subsample estimates after adjustment 100
1978 0.510259273652823 0.5217618379658345 0.507607605723321
Year:  1979
Min:  0.500876016660368 Median:  0.5112457041307725 Mean:  0.5132800064840287 Max:  0.581833675155614
Year 1979 mean: 0.513280
Nr subsample estimates neq 0.5 100
Nr subsample estimates = 0.5 0
Nr subsample estimates after adjustment 100
1979 0.518215213282071 0.538183330693655 0.5136496337126558
Year:  1980
Min:  0.501093766979459 Median:  0.5107174412156095 Mean:  0.5124132633068091 Max:  0.553236954733319
Year 1980 mean: 0.512413
Nr subsample estimates neq 0.5 100
Nr subsample estimates = 0.5 0
Nr subsample estimates after adjustment 100
1980 0.512008200473855 0.5203118241317641 0.5091970713590934
Year:  1981
Min:  0.500707812236507 Median:  0.510337402325101 Mean:  0.5121872952178654 Max:  0.542642913861433
Year 1981 mean: 0.512187
Nr subsample estimates neq 0.5 100
Nr subsample estimates = 0.5 0
Nr subsample estimates after adjustment 100
1981 0.515506842569414 0.5349084534807663 0.511238956489449
Year:  1982
Min:  0.500468842478079 Median:  0.5087038511718565 Mean:  0.5107653450360695 Max:  0.547377682197127
Year 1982 mean: 0.510765
Nr subsample estimates neq 0.5 100
Nr subsample estimates = 0.5 0
Nr subsample estimates after adjustment 100
1982 0.514197749879268 0.5310923092093295 0.5104323893198439
Year:  1983
Min:  0.500707141991162 Median:  0.510371997157847 Mean:  0.5130434738069563 Max:  0.552258686587549
Year 1983 mean: 0.513043
Nr subsample estimates neq 0.5 100
Nr subsample estimates = 0.5 0
Nr subsample estimates after adjustment 100
1983 0.511526145270135 0.5234956237636067 0.5082775242471316
Year:  1984
Min:  0.500589850917206 Median:  0.508243463960395 Mean:  0.5111365125167098 Max:  0.547073134873759
Year 1984 mean: 0.511137
Nr subsample estimates neq 0.5 100
Nr subsample estimates = 0.5 0
Nr subsample estimates after adjustment 100
1984 0.510211889620235 0.521888168315702 0.5070795062934152
Year:  1985
Min:  0.500412368595886 Median:  0.508804129727314 Mean:  0.5109879193992839 Max:  0.540222040106035
Year 1985 mean: 0.510988
Nr subsample estimates neq 0.5 100
Nr subsample estimates = 0.5 0
Nr subsample estimates after adjustment 100
1985 0.508833477267923 0.5214860427641914 0.5063649001763364
Year:  1986
Min:  0.500202775201316 Median:  0.5065783334177515 Mean:  0.5085685041656659 Max:  0.539684753813001
Year 1986 mean: 0.508569
Nr subsample estimates neq 0.5 100
Nr subsample estimates = 0.5 0
Nr subsample estimates after adjustment 100
1986 0.509002593282655 0.5221424871623069 0.5063663610191739
Year:  1987
Min:  0.500455611364728 Median:  0.5059810738054844 Mean:  0.5072975858583693 Max:  0.523959364412421
Year 1987 mean: 0.507298
Nr subsample estimates neq 0.5 100
Nr subsample estimates = 0.5 0
Nr subsample estimates after adjustment 100
1987 0.507313185783083 0.51507480498071 0.5052119440536098
Year:  1988
Min:  0.500556975769542 Median:  0.504229349982201 Mean:  0.5054353420331564 Max:  0.526776485981941
Year 1988 mean: 0.505435
Nr subsample estimates neq 0.5 100
Nr subsample estimates = 0.5 0
Nr subsample estimates after adjustment 100
1988 0.506288684892395 0.5134260348559329 0.5046423106997188
Year:  1989
Min:  0.500081421216713 Median:  0.503160925996612 Mean:  0.5048064724772268 Max:  0.518427085091629
Year 1989 mean: 0.504806
Nr subsample estimates neq 0.5 100
Nr subsample estimates = 0.5 0
Nr subsample estimates after adjustment 100
1989 0.506032265808668 0.514559985723574 0.5043554923084632
Year:  1990
Min:  0.500058832308937 Median:  0.5033137677858375 Mean:  0.5044570684967672 Max:  0.517058013664435
Year 1990 mean: 0.504457
Nr subsample estimates neq 0.5 100
Nr subsample estimates = 0.5 0
Nr subsample estimates after adjustment 100
1990 0.506453925320871 0.5151500222584015 0.504607174218155
Year:  1991
Min:  0.500128918774352 Median:  0.5065772166138034 Mean:  0.5086688909381152 Max:  0.529853456491419
Year 1991 mean: 0.508669
Nr subsample estimates neq 0.5 100
Nr subsample estimates = 0.5 0
Nr subsample estimates after adjustment 100
1991 0.506803484644437 0.515093008006542 0.5050058460385298
Year:  1992
Min:  0.500359839856756 Median:  0.5068981266357 Mean:  0.5076833076560806 Max:  0.523209729561254
Year 1992 mean: 0.507683
Nr subsample estimates neq 0.5 100
Nr subsample estimates = 0.5 0
Nr subsample estimates after adjustment 100
1992 0.506908830515852 0.515062953511427 0.50511766239219
Year:  1993
Min:  0.500146211788284 Median:  0.5056468295086181 Mean:  0.5059417567311584 Max:  0.520896979727029
Year 1993 mean: 0.505942
Nr subsample estimates neq 0.5 100
Nr subsample estimates = 0.5 0
Nr subsample estimates after adjustment 100
1993 0.506142969100253 0.514241273611081 0.5044228894579529
Year:  1994
Min:  0.500068695229098 Median:  0.5037422442246375 Mean:  0.5053288601825823 Max:  0.519716081139886
Year 1994 mean: 0.505329
Nr subsample estimates neq 0.5 100
Nr subsample estimates = 0.5 0
Nr subsample estimates after adjustment 100
1994 0.50686627024615 0.5192581592329087 0.5047633481724331
Year:  1995
Min:  0.500058706268451 Median:  0.50664679126809 Mean:  0.5075053263247813 Max:  0.525264269070852
Year 1995 mean: 0.507505
Nr subsample estimates neq 0.5 100
Nr subsample estimates = 0.5 0
Nr subsample estimates after adjustment 100
1995 0.509244278599703 0.5232651252667591 0.5068501785518135
Year:  1996
Min:  0.500272683558176 Median:  0.5051434238040164 Mean:  0.5067944027509296 Max:  0.526414582022476
Year 1996 mean: 0.506794
Nr subsample estimates neq 0.5 100
Nr subsample estimates = 0.5 0
Nr subsample estimates after adjustment 100
1996 0.507486397270211 0.5191717936592929 0.5055315426258623
Year:  1997
Min:  0.500384924681596 Median:  0.507688519612852 Mean:  0.5092071887853007 Max:  0.543011807239336
Year 1997 mean: 0.509207
Nr subsample estimates neq 0.5 100
Nr subsample estimates = 0.5 0
Nr subsample estimates after adjustment 100
1997 0.507603285021787 0.5193271439050003 0.5053781186812892
Year:  1998
Min:  0.50009321588219 Median:  0.504841980334773 Mean:  0.5068989141327985 Max:  0.527224649746619
Year 1998 mean: 0.506899
Nr subsample estimates neq 0.5 100
Nr subsample estimates = 0.5 0
Nr subsample estimates after adjustment 100
1998 0.506903278785915 0.5168098064459847 0.504858524699544
Year:  1999
Min:  0.500511446726777 Median:  0.509795424308678 Mean:  0.5110756983241196 Max:  0.542329613372642
Year 1999 mean: 0.511076
Nr subsample estimates neq 0.5 100
Nr subsample estimates = 0.5 0
Nr subsample estimates after adjustment 100
1999 0.510461421127854 0.5247164281296409 0.5076002867389744
Year:  2000
Min:  0.500722979737808 Median:  0.5087934074352976 Mean:  0.5110848516280917 Max:  0.547146676649632
Year 2000 mean: 0.511085
Nr subsample estimates neq 0.5 100
Nr subsample estimates = 0.5 0
Nr subsample estimates after adjustment 100
2000 0.508826466937757 0.5188392410328998 0.5067327403257217
Year:  2001
Min:  0.500711986606759 Median:  0.5121800472174596 Mean:  0.512755165473288 Max:  0.544072568751615
Year 2001 mean: 0.512755
Nr subsample estimates neq 0.5 100
Nr subsample estimates = 0.5 0
Nr subsample estimates after adjustment 100
2001 0.509042763613027 0.5185574228708834 0.5068961508631306
Year:  2002
Min:  0.500401626107271 Median:  0.507610896372556 Mean:  0.5088531693249856 Max:  0.530694594018278
Year 2002 mean: 0.508853
Nr subsample estimates neq 0.5 100
Nr subsample estimates = 0.5 0
Nr subsample estimates after adjustment 100
2002 0.508320886851627 0.5182077320290874 0.5060799462288552
Year:  2003
Min:  0.50046229111114 Median:  0.5088237412997425 Mean:  0.510054721964952 Max:  0.533685740153821
Year 2003 mean: 0.510055
Nr subsample estimates neq 0.5 100
Nr subsample estimates = 0.5 0
Nr subsample estimates after adjustment 100
2003 0.510110448806005 0.5229963446966008 0.5073747757160227
Year:  2004
Min:  0.50099323611579 Median:  0.5102266014966875 Mean:  0.5119549808216421 Max:  0.53722241972129
Year 2004 mean: 0.511955
Nr subsample estimates neq 0.5 100
Nr subsample estimates = 0.5 0
Nr subsample estimates after adjustment 100
2004 0.509251974413828 0.5211063872379971 0.5067740343374387
Year:  2005
Min:  0.500670258781696 Median:  0.508892945978088 Mean:  0.5108181375659139 Max:  0.538980499957648
Year 2005 mean: 0.510818
Nr subsample estimates neq 0.5 100
Nr subsample estimates = 0.5 0
Nr subsample estimates after adjustment 100
2005 0.508115177924028 0.5161250243892709 0.5060300572063673
Year:  2006
Min:  0.500424254114184 Median:  0.508498645058772 Mean:  0.5102340570802368 Max:  0.536714853448419
Year 2006 mean: 0.510234
Nr subsample estimates neq 0.5 100
Nr subsample estimates = 0.5 0
Nr subsample estimates after adjustment 100
2006 0.509447862750968 0.5219271954382029 0.5069554071555299
Year:  2007
Min:  0.500670365307494 Median:  0.5092495301011205 Mean:  0.5109724565333028 Max:  0.541676371449792
Year 2007 mean: 0.510972
Nr subsample estimates neq 0.5 100
Nr subsample estimates = 0.5 0
Nr subsample estimates after adjustment 100
2007 0.51033569537909 0.5235453103200696 0.5077005412964578
Year:  2008
Min:  0.500785929104909 Median:  0.5081530878092185 Mean:  0.5100670395092795 Max:  0.537268262257052
Year 2008 mean: 0.510067
Nr subsample estimates neq 0.5 100
Nr subsample estimates = 0.5 0
Nr subsample estimates after adjustment 100
2008 0.509483819617371 0.5190487235353535 0.5068851644626459
Year:  2009
Min:  0.500070216768838 Median:  0.5088841305507614 Mean:  0.510903970197928 Max:  0.544517619445147
Year 2009 mean: 0.510904
Nr subsample estimates neq 0.5 100
Nr subsample estimates = 0.5 0
Nr subsample estimates after adjustment 100
2009 0.510684449825683 0.5233846238294871 0.5079834269770781
Year:  2010
Min:  0.500629695850418 Median:  0.5072943300256075 Mean:  0.5084124804811234 Max:  0.530870328527074
Year 2010 mean: 0.508412
Nr subsample estimates neq 0.5 100
Nr subsample estimates = 0.5 0
Nr subsample estimates after adjustment 100
2010 0.510509345844468 0.5194732443137116 0.5080594801761547
Year:  2011
Min:  0.500653179117469 Median:  0.5118759388988415 Mean:  0.5130393990300917 Max:  0.54409400914002
Year 2011 mean: 0.513039
Nr subsample estimates neq 0.5 100
Nr subsample estimates = 0.5 0
Nr subsample estimates after adjustment 100
2011 0.514316260398741 0.5320418284564702 0.5111352016010516
Year:  2012
Min:  0.501076692515965 Median:  0.5121586248086836 Mean:  0.512860861834678 Max:  0.537419175006952
Year 2012 mean: 0.512861
Nr subsample estimates neq 0.5 100
Nr subsample estimates = 0.5 0
Nr subsample estimates after adjustment 100
2012 0.514267283181308 0.5262494198526039 0.5111127227364222
Year:  2013
Min:  0.501059542564069 Median:  0.5108093658691846 Mean:  0.5114458357724407 Max:  0.52672981392434
Year 2013 mean: 0.511446
Nr subsample estimates neq 0.5 100
Nr subsample estimates = 0.5 0
Nr subsample estimates after adjustment 100
2013 0.511200304490781 0.5201386973064042 0.5083488506172785
Year:  2014
Min:  0.500135239177122 Median:  0.5088472176530034 Mean:  0.5107666929621094 Max:  0.538253760880048
Year 2014 mean: 0.510767
Nr subsample estimates neq 0.5 100
Nr subsample estimates = 0.5 0
Nr subsample estimates after adjustment 100
2014 0.516239500223614 0.5285896586120374 0.5124667863039768
Year:  2015
Min:  0.500512738192428 Median:  0.5146479878593706 Mean:  0.5157121591370555 Max:  0.56674080361768
Year 2015 mean: 0.515712
Nr subsample estimates neq 0.5 100
Nr subsample estimates = 0.5 0
Nr subsample estimates after adjustment 100
2015 0.51104593864505 0.5235885085513858 0.5085367620227551
Year:  2016
Min:  0.500656846378269 Median:  0.5097233255844555 Mean:  0.5118308859559654 Max:  0.537564024257853
Year 2016 mean: 0.511831
Nr subsample estimates neq 0.5 100
Nr subsample estimates = 0.5 0
Nr subsample estimates after adjustment 100
2016 0.511020184939801 0.521046128695664 0.5075980753542569
Year:  2017
Min:  0.501103231219225 Median:  0.5106433897526881 Mean:  0.511572400007936 Max:  0.541102916463523
Year 2017 mean: 0.511572
Nr subsample estimates neq 0.5 100
Nr subsample estimates = 0.5 0
Nr subsample estimates after adjustment 100
2017 0.514021912898732 0.528360688998841 0.5106363643348155
Year:  2018
Min:  0.500811184215122 Median:  0.5083990672882595 Mean:  0.5097238666731482 Max:  0.529839667752427
Year 2018 mean: 0.509724
Nr subsample estimates neq 0.5 100
Nr subsample estimates = 0.5 0
Nr subsample estimates after adjustment 100
2018 0.508818363533435 0.5175350199149884 0.5065011782772549
Output written to  /home/jernie/analysis/output/under40/partisanship-under40_Cadj_c0_partyf-cis.csv
Party variable: under40, fake = 1, empirical: 0
Infile:  partisanship-under40_randlabels_Cadj_c0_partyf.csv
/home/jernie/analysis/output/under40/partisanship-under40_randlabels_Cadj_c0_partyf.csv
Year:  1907
Min:  0.500894062665995 Median:  0.5063005599082915 Mean:  0.5088671372849746 Max:  0.530864868984077
Year 1907 mean: 0.508867
Nr subsample estimates neq 0.5 100
Nr subsample estimates = 0.5 0
Nr subsample estimates after adjustment 100
1907 0.50309989540755 0.5057893784170072 0.5021343114709691
Year:  1908
Min:  0.501093155730499 Median:  0.5105801158773975 Mean:  0.5144472542032055 Max:  0.553826222667132
Year 1908 mean: 0.514447
Nr subsample estimates neq 0.5 100
Nr subsample estimates = 0.5 0
Nr subsample estimates after adjustment 100
1908 0.504602257369816 0.5089974844948911 0.5032046836981671
Year:  1909
Min:  0.500499880071526 Median:  0.5062007130937085 Mean:  0.5099289343538108 Max:  0.54669765962851
Year 1909 mean: 0.509929
Nr subsample estimates neq 0.5 100
Nr subsample estimates = 0.5 0
Nr subsample estimates after adjustment 100
1909 0.502915806250615 0.5057883317117239 0.5020239228764697
Year:  1910
Min:  0.500071979414112 Median:  0.5087681686349435 Mean:  0.5107868028734607 Max:  0.542992615861981
Year 1910 mean: 0.510787
Nr subsample estimates neq 0.5 100
Nr subsample estimates = 0.5 0
Nr subsample estimates after adjustment 100
1910 0.50239745285979 0.5050561674647585 0.5017857309099178
Year:  1911
Min:  0.500087410627468 Median:  0.5063047685664845 Mean:  0.5091374329461683 Max:  0.562983625263491
Year 1911 mean: 0.509137
Nr subsample estimates neq 0.5 100
Nr subsample estimates = 0.5 0
Nr subsample estimates after adjustment 100
1911 0.502696307272209 0.5057515399630296 0.5018809962318787
Year:  1912
Min:  0.500169077372076 Median:  0.5048942040874085 Mean:  0.5080025373762797 Max:  0.549844163802837
Year 1912 mean: 0.508003
Nr subsample estimates neq 0.5 100
Nr subsample estimates = 0.5 0
Nr subsample estimates after adjustment 100
1912 0.502315145360014 0.5067257613642577 0.5016182893516149
Year:  1913
Min:  0.50017008023391 Median:  0.505632306015245 Mean:  0.5087319774518285 Max:  0.566452998577053
Year 1913 mean: 0.508732
Nr subsample estimates neq 0.5 100
Nr subsample estimates = 0.5 0
Nr subsample estimates after adjustment 100
1913 0.503416504959271 0.5102834908630314 0.5027191934597431
Year:  1914
Min:  0.500247284497621 Median:  0.5062353170549275 Mean:  0.5094216337684919 Max:  0.590153542593922
Year 1914 mean: 0.509422
Nr subsample estimates neq 0.5 100
Nr subsample estimates = 0.5 0
Nr subsample estimates after adjustment 100
1914 0.502532961386162 0.5067191186986516 0.5018073854300422
Year:  1915
Parliament didn't gather, output nan
Year:  1916
Parliament didn't gather, output nan
Year:  1917
Min:  0.500516166366565 Median:  0.5063881525108616 Mean:  0.5086454385723489 Max:  0.543023975073148
Year 1917 mean: 0.508645
Nr subsample estimates neq 0.5 100
Nr subsample estimates = 0.5 0
Nr subsample estimates after adjustment 100
1917 0.504266382201448 0.5097621083602223 0.5028642603733735
Year:  1918
Min:  0.500146480385945 Median:  0.50215341211012 Mean:  0.5057974416220431 Max:  0.538393310423534
Year 1918 mean: 0.505797
Nr subsample estimates neq 0.5 100
Nr subsample estimates = 0.5 0
Nr subsample estimates after adjustment 100
1918 0.5040285064482 0.5169329448848939 0.5025873174741695
Year:  1919
Min:  0.50074494011439 Median:  0.506700904078117 Mean:  0.5087299777533189 Max:  0.533638215540571
Year 1919 mean: 0.508730
Nr subsample estimates neq 0.5 100
Nr subsample estimates = 0.5 0
Nr subsample estimates after adjustment 100
1919 0.50420310817613 0.5086176521720494 0.5030793477489399
Year:  1920
Min:  0.500252673814148 Median:  0.5065409884970935 Mean:  0.5094832434641716 Max:  0.581016553231877
Year 1920 mean: 0.509483
Nr subsample estimates neq 0.5 100
Nr subsample estimates = 0.5 0
Nr subsample estimates after adjustment 100
1920 0.504022388966206 0.5094015147771999 0.5029714527955342
Year:  1921
Min:  0.500373391309003 Median:  0.506878960289472 Mean:  0.510029301956118 Max:  0.541767879828655
Year 1921 mean: 0.510029
Nr subsample estimates neq 0.5 100
Nr subsample estimates = 0.5 0
Nr subsample estimates after adjustment 100
1921 0.506132045854696 0.5127308019573533 0.5043372170334217
Year:  1922
Min:  0.500530387450522 Median:  0.5047907583724285 Mean:  0.507969359126623 Max:  0.530628056542682
Year 1922 mean: 0.507969
Nr subsample estimates neq 0.5 100
Nr subsample estimates = 0.5 0
Nr subsample estimates after adjustment 100
1922 0.504508798667081 0.5095455256455343 0.5029396041677889
Year:  1923
Min:  0.500482846369773 Median:  0.506533043911592 Mean:  0.5086432064625833 Max:  0.539452266286988
Year 1923 mean: 0.508643
Nr subsample estimates neq 0.5 100
Nr subsample estimates = 0.5 0
Nr subsample estimates after adjustment 100
1923 0.504469860911809 0.5083014099471215 0.5031531525330708
Year:  1924
Min:  0.500277504923262 Median:  0.5051251721376135 Mean:  0.5068398534890164 Max:  0.537182213003401
Year 1924 mean: 0.506840
Nr subsample estimates neq 0.5 100
Nr subsample estimates = 0.5 0
Nr subsample estimates after adjustment 100
1924 0.506508719852467 0.5135623661307512 0.5047595465734969
Year:  1925
Min:  0.500227031340706 Median:  0.503481425746927 Mean:  0.5055468114123797 Max:  0.530943057953113
Year 1925 mean: 0.505547
Nr subsample estimates neq 0.5 100
Nr subsample estimates = 0.5 0
Nr subsample estimates after adjustment 100
1925 0.502771429130646 0.5053335743529803 0.5020417887838529
Year:  1926
Min:  0.500119234130183 Median:  0.5026771450601846 Mean:  0.5039542206841263 Max:  0.521272724594189
Year 1926 mean: 0.503954
Nr subsample estimates neq 0.5 100
Nr subsample estimates = 0.5 0
Nr subsample estimates after adjustment 100
1926 0.503345227223321 0.5070594213118317 0.5024500954122771
Year:  1927
Min:  0.500117349177014 Median:  0.503632688403033 Mean:  0.5055528669386377 Max:  0.527311602103675
Year 1927 mean: 0.505553
Nr subsample estimates neq 0.5 100
Nr subsample estimates = 0.5 0
Nr subsample estimates after adjustment 100
1927 0.50465083059694 0.5111222351571739 0.5033770345254428
Year:  1928
Min:  0.500391788620848 Median:  0.5050848799960925 Mean:  0.507297496340991 Max:  0.526208413002501
Year 1928 mean: 0.507297
Nr subsample estimates neq 0.5 100
Nr subsample estimates = 0.5 0
Nr subsample estimates after adjustment 100
1928 0.503632613758221 0.5081442693994441 0.502452972391655
Year:  1929
Min:  0.500226584056612 Median:  0.5051682922423211 Mean:  0.5055850616423709 Max:  0.520667762955965
Year 1929 mean: 0.505585
Nr subsample estimates neq 0.5 100
Nr subsample estimates = 0.5 0
Nr subsample estimates after adjustment 100
1929 0.504678286775843 0.5106749631978567 0.5034860884112157
Year:  1930
Min:  0.500051318728991 Median:  0.5033452953687715 Mean:  0.5046222319446257 Max:  0.525654918285051
Year 1930 mean: 0.504622
Nr subsample estimates neq 0.5 100
Nr subsample estimates = 0.5 0
Nr subsample estimates after adjustment 100
1930 0.503503324668425 0.5103284739311627 0.5024581706678762
Year:  1931
Min:  0.500033104669629 Median:  0.501120478214411 Mean:  0.5021384286869521 Max:  0.523722864669589
Year 1931 mean: 0.502138
Nr subsample estimates neq 0.5 100
Nr subsample estimates = 0.5 0
Nr subsample estimates after adjustment 100
1931 0.5020522726651 0.5046335996979595 0.5013728812678817
Year:  1932
Min:  0.500039884955696 Median:  0.502069165808597 Mean:  0.5035789102083192 Max:  0.515703683064598
Year 1932 mean: 0.503579
Nr subsample estimates neq 0.5 100
Nr subsample estimates = 0.5 0
Nr subsample estimates after adjustment 100
1932 0.50227050140917 0.5061847572991851 0.501428414453049
Year:  1933
Min:  0.500105659578987 Median:  0.5025829724119 Mean:  0.5040190141804026 Max:  0.517937231467787
Year 1933 mean: 0.504019
Nr subsample estimates neq 0.5 100
Nr subsample estimates = 0.5 0
Nr subsample estimates after adjustment 100
1933 0.502986320427304 0.5062895245771567 0.5020982308326434
Year:  1934
Min:  0.500170660174845 Median:  0.5021854015135481 Mean:  0.5038157692215709 Max:  0.520861564390769
Year 1934 mean: 0.503816
Nr subsample estimates neq 0.5 100
Nr subsample estimates = 0.5 0
Nr subsample estimates after adjustment 100
1934 0.503061786529719 0.5074551085267333 0.5019915720231078
Year:  1935
Min:  0.500024759889829 Median:  0.501837780866951 Mean:  0.5033832859300347 Max:  0.52323219640767
Year 1935 mean: 0.503383
Nr subsample estimates neq 0.5 100
Nr subsample estimates = 0.5 0
Nr subsample estimates after adjustment 100
1935 0.502189707590176 0.5057473652985398 0.5014135507346453
Year:  1936
Min:  0.500147152918529 Median:  0.5022844320848789 Mean:  0.5038328733773144 Max:  0.519225339941766
Year 1936 mean: 0.503833
Nr subsample estimates neq 0.5 100
Nr subsample estimates = 0.5 0
Nr subsample estimates after adjustment 100
1936 0.50555259212751 0.5146851599592661 0.5037319645438405
Year:  1937
Min:  0.500039294295817 Median:  0.5021396785229415 Mean:  0.5051722320894663 Max:  0.53460059938785
Year 1937 mean: 0.505172
Nr subsample estimates neq 0.5 100
Nr subsample estimates = 0.5 0
Nr subsample estimates after adjustment 100
1937 0.502212372539135 0.5076789606404158 0.50141934229264
Year:  1938
Min:  0.500032196936589 Median:  0.5016323526832955 Mean:  0.5032246991507552 Max:  0.515951508525598
Year 1938 mean: 0.503225
Nr subsample estimates neq 0.5 100
Nr subsample estimates = 0.5 0
Nr subsample estimates after adjustment 100
1938 0.502252898987426 0.5054940845094973 0.501517628989046
Year:  1939
Too few MPs, randlabel = 1: 9
Making nan append for year  1939
Year:  1940
Min:  0.500035013488398 Median:  0.500957585822954 Mean:  0.5015347425082027 Max:  0.515232812379296
Year 1940 mean: 0.501535
Nr subsample estimates neq 0.5 100
Nr subsample estimates = 0.5 0
Nr subsample estimates after adjustment 100
1940 0.502412885358329 0.5086965674492455 0.5017121558250489
Year:  1941
Too few MPs, randlabel = 1: 11
Making nan append for year  1941
Year:  1942
Too few MPs, randlabel = 1: 7
Making nan append for year  1942
Year:  1943
Too few MPs, randlabel = 1: 6
Making nan append for year  1943
Year:  1944
Too few MPs, randlabel = 1: 5
Making nan append for year  1944
Year:  1945
Min:  0.50020272327453 Median:  0.5029664456679365 Mean:  0.5048763945966367 Max:  0.523383100840953
Year 1945 mean: 0.504876
Nr subsample estimates neq 0.5 100
Nr subsample estimates = 0.5 0
Nr subsample estimates after adjustment 100
1945 0.508645583023646 0.5213006515170663 0.5063349740484204
Year:  1946
Min:  0.5000700454569 Median:  0.503653952683085 Mean:  0.5055789572224834 Max:  0.523428473200235
Year 1946 mean: 0.505579
Nr subsample estimates neq 0.5 100
Nr subsample estimates = 0.5 0
Nr subsample estimates after adjustment 100
1946 0.50361427821672 0.507673817801672 0.502571676578474
Year:  1947
Min:  0.50017703527288 Median:  0.5027877382431205 Mean:  0.5044076437588516 Max:  0.52769713982593
Year 1947 mean: 0.504408
Nr subsample estimates neq 0.5 100
Nr subsample estimates = 0.5 0
Nr subsample estimates after adjustment 100
1947 0.503545171242643 0.5078785390965846 0.502313478270061
Year:  1948
Min:  0.500197812154154 Median:  0.5020662331086435 Mean:  0.5031918466948618 Max:  0.518198513939439
Year 1948 mean: 0.503192
Nr subsample estimates neq 0.5 100
Nr subsample estimates = 0.5 0
Nr subsample estimates after adjustment 100
1948 0.503085647377614 0.506869055662332 0.5021106758277517
Year:  1949
Min:  0.500036907080259 Median:  0.5020243352595105 Mean:  0.5034520014405027 Max:  0.518660269335895
Year 1949 mean: 0.503452
Nr subsample estimates neq 0.5 100
Nr subsample estimates = 0.5 0
Nr subsample estimates after adjustment 100
1949 0.502631957389449 0.5073645043178081 0.5017499776379238
Year:  1950
Min:  0.500035634181125 Median:  0.5023584597943116 Mean:  0.5036443255648512 Max:  0.51408522176521
Year 1950 mean: 0.503644
Nr subsample estimates neq 0.5 100
Nr subsample estimates = 0.5 0
Nr subsample estimates after adjustment 100
1950 0.507929353845305 0.5198625796065611 0.505616924289282
Year:  1951
Min:  0.500190840895294 Median:  0.5022519958893306 Mean:  0.5044082406747874 Max:  0.526449279785214
Year 1951 mean: 0.504408
Nr subsample estimates neq 0.5 100
Nr subsample estimates = 0.5 0
Nr subsample estimates after adjustment 100
1951 0.503369208863114 0.5089489947616344 0.5022204278484561
Year:  1952
Min:  0.500042026159906 Median:  0.501737852388366 Mean:  0.5037088739049744 Max:  0.525326635163921
Year 1952 mean: 0.503709
Nr subsample estimates neq 0.5 100
Nr subsample estimates = 0.5 0
Nr subsample estimates after adjustment 100
1952 0.502258331798996 0.507426158102758 0.5015112930167401
Year:  1953
Min:  0.500036270477656 Median:  0.502190486344406 Mean:  0.5033490136072887 Max:  0.512855892695541
Year 1953 mean: 0.503349
Nr subsample estimates neq 0.5 100
Nr subsample estimates = 0.5 0
Nr subsample estimates after adjustment 100
1953 0.502469407406502 0.5070979450211275 0.5016257778630846
Year:  1954
Min:  0.500052278154829 Median:  0.5021490947676079 Mean:  0.5044840711949546 Max:  0.53854542341889
Year 1954 mean: 0.504484
Nr subsample estimates neq 0.5 100
Nr subsample estimates = 0.5 0
Nr subsample estimates after adjustment 100
1954 0.502674740036207 0.5066380943867387 0.5017661653396015
Year:  1955
Min:  0.500065981620353 Median:  0.502782765747191 Mean:  0.5043576631523397 Max:  0.517017315100613
Year 1955 mean: 0.504358
Nr subsample estimates neq 0.5 100
Nr subsample estimates = 0.5 0
Nr subsample estimates after adjustment 100
1955 0.503543075766971 0.5091801390381613 0.5024541704354912
Year:  1956
Min:  0.500042428228841 Median:  0.5023241633105665 Mean:  0.5041282057755815 Max:  0.527123841598337
Year 1956 mean: 0.504128
Nr subsample estimates neq 0.5 100
Nr subsample estimates = 0.5 0
Nr subsample estimates after adjustment 100
1956 0.503437513496772 0.5092615001817093 0.5022819546335052
Year:  1957
Min:  0.500042055536574 Median:  0.501321409987805 Mean:  0.5023556879887077 Max:  0.510411622325829
Year 1957 mean: 0.502356
Nr subsample estimates neq 0.5 100
Nr subsample estimates = 0.5 0
Nr subsample estimates after adjustment 100
1957 0.503330866413705 0.5073369820372988 0.5021597605864139
Year:  1958
Min:  0.50005392688677 Median:  0.5019727554592255 Mean:  0.5035033473929539 Max:  0.520650709470945
Year 1958 mean: 0.503503
Nr subsample estimates neq 0.5 100
Nr subsample estimates = 0.5 0
Nr subsample estimates after adjustment 100
1958 0.50224815167345 0.5073237069615684 0.5014517724367739
Year:  1959
Min:  0.500147604343797 Median:  0.5016141745004135 Mean:  0.5030609011342836 Max:  0.520953980383
Year 1959 mean: 0.503061
Nr subsample estimates neq 0.5 100
Nr subsample estimates = 0.5 0
Nr subsample estimates after adjustment 100
1959 0.502265647674634 0.5057772492649434 0.5014818343958026
Year:  1960
Min:  0.500033311294324 Median:  0.5027565455626966 Mean:  0.5040719053294573 Max:  0.515968095980142
Year 1960 mean: 0.504072
Nr subsample estimates neq 0.5 100
Nr subsample estimates = 0.5 0
Nr subsample estimates after adjustment 100
1960 0.502272329401756 0.5059940349479171 0.5015420429978459
Year:  1961
Min:  0.500043263660821 Median:  0.5019337751610804 Mean:  0.503456645881117 Max:  0.522358861084613
Year 1961 mean: 0.503457
Nr subsample estimates neq 0.5 100
Nr subsample estimates = 0.5 0
Nr subsample estimates after adjustment 100
1961 0.502955237761981 0.5082207574052173 0.5020823669559853
Year:  1962
Min:  0.500099544306212 Median:  0.5036258367356085 Mean:  0.5051475377941594 Max:  0.523494876655951
Year 1962 mean: 0.505148
Nr subsample estimates neq 0.5 100
Nr subsample estimates = 0.5 0
Nr subsample estimates after adjustment 100
1962 0.50654254601809 0.5173804395633644 0.5044171475395083
Year:  1963
Min:  0.500046012148187 Median:  0.501844781268577 Mean:  0.5035458170113182 Max:  0.518496649039226
Year 1963 mean: 0.503546
Nr subsample estimates neq 0.5 100
Nr subsample estimates = 0.5 0
Nr subsample estimates after adjustment 100
1963 0.502530715196579 0.5066233685320404 0.5017203301686569
Year:  1964
Too few MPs, randlabel = 1: 13
Making nan append for year  1964
Year:  1965
Too few MPs, randlabel = 1: 12
Making nan append for year  1965
Year:  1966
Min:  0.500084824260978 Median:  0.5036867696595531 Mean:  0.505756763266528 Max:  0.52548901381981
Year 1966 mean: 0.505757
Nr subsample estimates neq 0.5 100
Nr subsample estimates = 0.5 0
Nr subsample estimates after adjustment 100
1966 0.504229663098719 0.5107584999780136 0.5028043746481629
Year:  1967
Min:  0.500378269429378 Median:  0.503215508856813 Mean:  0.5046090766068526 Max:  0.521441741958408
Year 1967 mean: 0.504609
Nr subsample estimates neq 0.5 100
Nr subsample estimates = 0.5 0
Nr subsample estimates after adjustment 100
1967 0.505677474414263 0.5115666229704926 0.5038412127877434
Year:  1968
Min:  0.500111678915323 Median:  0.5022416226680665 Mean:  0.5038866734572821 Max:  0.522754610349621
Year 1968 mean: 0.503887
Nr subsample estimates neq 0.5 100
Nr subsample estimates = 0.5 0
Nr subsample estimates after adjustment 100
1968 0.504552206983936 0.5112323442823447 0.5031415141158787
Year:  1969
Too few MPs, randlabel = 1: 10
Making nan append for year  1969
Year:  1970
Min:  0.500071571108914 Median:  0.5039026288749631 Mean:  0.5056267141232821 Max:  0.536259506695938
Year 1970 mean: 0.505627
Nr subsample estimates neq 0.5 100
Nr subsample estimates = 0.5 0
Nr subsample estimates after adjustment 100
1970 0.505400555871961 0.513455455423419 0.5035801732336996
Year:  1971
Min:  0.500158167759799 Median:  0.503475648354847 Mean:  0.5049529785077451 Max:  0.530783523940256
Year 1971 mean: 0.504953
Nr subsample estimates neq 0.5 100
Nr subsample estimates = 0.5 0
Nr subsample estimates after adjustment 100
1971 0.506333188289969 0.5133358586200145 0.504559048345245
Year:  1972
Min:  0.500242618133473 Median:  0.5045886516227069 Mean:  0.5061768799633455 Max:  0.526999494184806
Year 1972 mean: 0.506177
Nr subsample estimates neq 0.5 100
Nr subsample estimates = 0.5 0
Nr subsample estimates after adjustment 100
1972 0.50494374665923 0.5100687006514116 0.5035409236335522
Year:  1973
Min:  0.500407836804003 Median:  0.5028468966752725 Mean:  0.5049121831383595 Max:  0.544743828052175
Year 1973 mean: 0.504912
Nr subsample estimates neq 0.5 100
Nr subsample estimates = 0.5 0
Nr subsample estimates after adjustment 100
1973 0.505508474143315 0.5120282840170225 0.5040735957171455
Year:  1974
Min:  0.500207212529913 Median:  0.5033509256396385 Mean:  0.5046492775652616 Max:  0.52022863307406
Year 1974 mean: 0.504649
Nr subsample estimates neq 0.5 100
Nr subsample estimates = 0.5 0
Nr subsample estimates after adjustment 100
1974 0.50522838040498 0.5109316364402013 0.5037617056279187
Year:  1975
Min:  0.500503285086107 Median:  0.5043992991624584 Mean:  0.5059545917046676 Max:  0.521984405870766
Year 1975 mean: 0.505955
Nr subsample estimates neq 0.5 100
Nr subsample estimates = 0.5 0
Nr subsample estimates after adjustment 100
1975 0.510000050889019 0.5208917620842266 0.5071563496440058
Year:  1976
Min:  0.500618800836656 Median:  0.504991465292881 Mean:  0.5066281276825653 Max:  0.530085049249688
Year 1976 mean: 0.506628
Nr subsample estimates neq 0.5 100
Nr subsample estimates = 0.5 0
Nr subsample estimates after adjustment 100
1976 0.507002263411288 0.5150230257196373 0.5049360911010331
Year:  1977
Min:  0.500327268043086 Median:  0.504523995714064 Mean:  0.5061404234204764 Max:  0.525623798049176
Year 1977 mean: 0.506140
Nr subsample estimates neq 0.5 100
Nr subsample estimates = 0.5 0
Nr subsample estimates after adjustment 100
1977 0.508507747348634 0.5158793047022497 0.505948346211522
Year:  1978
Min:  0.500636480411003 Median:  0.504943430234517 Mean:  0.5064924261472877 Max:  0.526579956560757
Year 1978 mean: 0.506492
Nr subsample estimates neq 0.5 100
Nr subsample estimates = 0.5 0
Nr subsample estimates after adjustment 100
1978 0.508598208693005 0.5188700905699135 0.5061852181961428
Year:  1979
Min:  0.500194562779695 Median:  0.5066128412372806 Mean:  0.5086212329118381 Max:  0.537555148719513
Year 1979 mean: 0.508621
Nr subsample estimates neq 0.5 100
Nr subsample estimates = 0.5 0
Nr subsample estimates after adjustment 100
1979 0.510801205828649 0.5201110045629204 0.5075600053413944
Year:  1980
Min:  0.500658539638672 Median:  0.5059493272696904 Mean:  0.5088645168886595 Max:  0.549856871857567
Year 1980 mean: 0.508865
Nr subsample estimates neq 0.5 100
Nr subsample estimates = 0.5 0
Nr subsample estimates after adjustment 100
1980 0.508585975630488 0.5185721871852913 0.5063539665182227
Year:  1981
Min:  0.500213007444061 Median:  0.5044548762249995 Mean:  0.5070944120903713 Max:  0.54287472884381
Year 1981 mean: 0.507094
Nr subsample estimates neq 0.5 100
Nr subsample estimates = 0.5 0
Nr subsample estimates after adjustment 100
1981 0.508884492735706 0.5179669381071815 0.5061415746359939
Year:  1982
Min:  0.500295322541604 Median:  0.5027274840077075 Mean:  0.5055580689095399 Max:  0.528146937194046
Year 1982 mean: 0.505558
Nr subsample estimates neq 0.5 100
Nr subsample estimates = 0.5 0
Nr subsample estimates after adjustment 100
1982 0.507079426860092 0.516461049305595 0.504901335575813
Year:  1983
Min:  0.500230556386326 Median:  0.5072145722264669 Mean:  0.5083015236667512 Max:  0.531155736632296
Year 1983 mean: 0.508302
Nr subsample estimates neq 0.5 100
Nr subsample estimates = 0.5 0
Nr subsample estimates after adjustment 100
1983 0.506862955970697 0.5144437497949219 0.5048502051053089
Year:  1984
Min:  0.500503628804375 Median:  0.5052602996735955 Mean:  0.5072505662231402 Max:  0.52289959401505
Year 1984 mean: 0.507251
Nr subsample estimates neq 0.5 100
Nr subsample estimates = 0.5 0
Nr subsample estimates after adjustment 100
1984 0.508476515445904 0.5161106023263711 0.5060066628720495
Year:  1985
Min:  0.500393428215896 Median:  0.504948799490393 Mean:  0.507322158575149 Max:  0.539229506482402
Year 1985 mean: 0.507322
Nr subsample estimates neq 0.5 100
Nr subsample estimates = 0.5 0
Nr subsample estimates after adjustment 100
1985 0.506499189275229 0.5148880374387074 0.5045817711838589
Year:  1986
Min:  0.500389415733907 Median:  0.5037185014538514 Mean:  0.5052674882707107 Max:  0.534758823287975
Year 1986 mean: 0.505267
Nr subsample estimates neq 0.5 100
Nr subsample estimates = 0.5 0
Nr subsample estimates after adjustment 100
1986 0.506765882556595 0.5146624301500685 0.5047714914256699
Year:  1987
Min:  0.500436275740714 Median:  0.5025928238355835 Mean:  0.5046762236067326 Max:  0.529031324126575
Year 1987 mean: 0.504676
Nr subsample estimates neq 0.5 100
Nr subsample estimates = 0.5 0
Nr subsample estimates after adjustment 100
1987 0.506477676565599 0.5143883647542264 0.5044674812278236
Year:  1988
Min:  0.50029124676169 Median:  0.502246304897583 Mean:  0.5035838189177775 Max:  0.521914484530552
Year 1988 mean: 0.503584
Nr subsample estimates neq 0.5 100
Nr subsample estimates = 0.5 0
Nr subsample estimates after adjustment 100
1988 0.504437761536297 0.5107712181840011 0.50318409689491
Year:  1989
Min:  0.500069543524459 Median:  0.5035774068522985 Mean:  0.5045809952876298 Max:  0.51794284226177
Year 1989 mean: 0.504581
Nr subsample estimates neq 0.5 100
Nr subsample estimates = 0.5 0
Nr subsample estimates after adjustment 100
1989 0.503977331317279 0.5088376889250514 0.5028567433220691
Year:  1990
Min:  0.500058371326633 Median:  0.501276878194468 Mean:  0.5028283711782874 Max:  0.515531820792018
Year 1990 mean: 0.502828
Nr subsample estimates neq 0.5 100
Nr subsample estimates = 0.5 0
Nr subsample estimates after adjustment 100
1990 0.503927368042122 0.509410607872514 0.5025437056769373
Year:  1991
Min:  0.500260070858511 Median:  0.5054374830653909 Mean:  0.5066489538789738 Max:  0.528452648073092
Year 1991 mean: 0.506649
Nr subsample estimates neq 0.5 100
Nr subsample estimates = 0.5 0
Nr subsample estimates after adjustment 100
1991 0.504380550829427 0.5094474209813646 0.5031349455858687
Year:  1992
Min:  0.500241312035629 Median:  0.5025646582848851 Mean:  0.5040573897157489 Max:  0.517690400730991
Year 1992 mean: 0.504057
Nr subsample estimates neq 0.5 100
Nr subsample estimates = 0.5 0
Nr subsample estimates after adjustment 100
1992 0.504975972083695 0.5112290809341741 0.5033809392778698
Year:  1993
Min:  0.500313813166366 Median:  0.50376087884396 Mean:  0.5051029049292102 Max:  0.521443690949038
Year 1993 mean: 0.505103
Nr subsample estimates neq 0.5 100
Nr subsample estimates = 0.5 0
Nr subsample estimates after adjustment 100
1993 0.50446244944325 0.510807628725998 0.5031607998793673
Year:  1994
Min:  0.500074540419051 Median:  0.504035522921472 Mean:  0.5053672927455178 Max:  0.524278031055723
Year 1994 mean: 0.505367
Nr subsample estimates neq 0.5 100
Nr subsample estimates = 0.5 0
Nr subsample estimates after adjustment 100
1994 0.506211069402602 0.5152757777785605 0.5043745237405453
Year:  1995
Min:  0.50021840834041 Median:  0.5020177982162926 Mean:  0.5036055973781921 Max:  0.519903534625151
Year 1995 mean: 0.503606
Nr subsample estimates neq 0.5 100
Nr subsample estimates = 0.5 0
Nr subsample estimates after adjustment 100
1995 0.506286044107923 0.5134391264608574 0.5045830092193787
Year:  1996
Min:  0.500161746235976 Median:  0.5017553234203576 Mean:  0.5037893782269951 Max:  0.540148410612653
Year 1996 mean: 0.503789
Nr subsample estimates neq 0.5 100
Nr subsample estimates = 0.5 0
Nr subsample estimates after adjustment 100
1996 0.504142515666435 0.5098286165859508 0.5029495187724919
Year:  1997
Min:  0.50035435340509 Median:  0.5030826921665625 Mean:  0.5043100567721734 Max:  0.528895661675409
Year 1997 mean: 0.504310
Nr subsample estimates neq 0.5 100
Nr subsample estimates = 0.5 0
Nr subsample estimates after adjustment 100
1997 0.505681859269695 0.5126430576384899 0.5040572004430675
Year:  1998
Min:  0.500335934542895 Median:  0.502851588759742 Mean:  0.5049245257147252 Max:  0.522317075760631
Year 1998 mean: 0.504925
Nr subsample estimates neq 0.5 100
Nr subsample estimates = 0.5 0
Nr subsample estimates after adjustment 100
1998 0.504903518453324 0.5122446377946285 0.5031992496632043
Year:  1999
Min:  0.500457771460832 Median:  0.5069773991483439 Mean:  0.5081335800992764 Max:  0.525427057854212
Year 1999 mean: 0.508134
Nr subsample estimates neq 0.5 100
Nr subsample estimates = 0.5 0
Nr subsample estimates after adjustment 100
1999 0.504934416620382 0.510277678018257 0.5036391816461541
Year:  2000
Min:  0.500277291304896 Median:  0.5026371291609539 Mean:  0.5046768762104792 Max:  0.526848713069347
Year 2000 mean: 0.504677
Nr subsample estimates neq 0.5 100
Nr subsample estimates = 0.5 0
Nr subsample estimates after adjustment 100
2000 0.503979949667548 0.5090304546140594 0.5028059819534064
Year:  2001
Min:  0.500351411161746 Median:  0.502945508640227 Mean:  0.5044398470497046 Max:  0.533552279757837
Year 2001 mean: 0.504440
Nr subsample estimates neq 0.5 100
Nr subsample estimates = 0.5 0
Nr subsample estimates after adjustment 100
2001 0.503689073874099 0.5078157279219269 0.5027367008778623
Year:  2002
Min:  0.500246116700368 Median:  0.5039820343322965 Mean:  0.5050498660422117 Max:  0.522049288749244
Year 2002 mean: 0.505050
Nr subsample estimates neq 0.5 100
Nr subsample estimates = 0.5 0
Nr subsample estimates after adjustment 100
2002 0.504436583304469 0.5100531827945038 0.5031921148802235
Year:  2003
Min:  0.500302002427097 Median:  0.5044315872003164 Mean:  0.5060822090831619 Max:  0.525086738543861
Year 2003 mean: 0.506082
Nr subsample estimates neq 0.5 100
Nr subsample estimates = 0.5 0
Nr subsample estimates after adjustment 100
2003 0.504694181904213 0.5102428244298256 0.5031517070338251
Year:  2004
Min:  0.500459269423854 Median:  0.5042847873389464 Mean:  0.5059543324697106 Max:  0.534122724992605
Year 2004 mean: 0.505954
Nr subsample estimates neq 0.5 100
Nr subsample estimates = 0.5 0
Nr subsample estimates after adjustment 100
2004 0.504224466887768 0.5111993121252516 0.5029745158721548
Year:  2005
Min:  0.500505277553855 Median:  0.50229326274259 Mean:  0.5041300040342478 Max:  0.53060168825353
Year 2005 mean: 0.504130
Nr subsample estimates neq 0.5 100
Nr subsample estimates = 0.5 0
Nr subsample estimates after adjustment 100
2005 0.503764403261035 0.5076630904043239 0.5026255460093909
Year:  2006
Min:  0.500341496096096 Median:  0.5032825156825624 Mean:  0.5044218305828277 Max:  0.52687371323814
Year 2006 mean: 0.504422
Nr subsample estimates neq 0.5 100
Nr subsample estimates = 0.5 0
Nr subsample estimates after adjustment 100
2006 0.505144470134105 0.5103259209577354 0.5036411312667903
Year:  2007
Min:  0.500255256681071 Median:  0.5041542471480644 Mean:  0.5059762904203581 Max:  0.532565454740088
Year 2007 mean: 0.505976
Nr subsample estimates neq 0.5 100
Nr subsample estimates = 0.5 0
Nr subsample estimates after adjustment 100
2007 0.505020703400598 0.512466742953747 0.5032877804550386
Year:  2008
Min:  0.500350139146895 Median:  0.5047276430638075 Mean:  0.5054834199471745 Max:  0.519675018325389
Year 2008 mean: 0.505483
Nr subsample estimates neq 0.5 100
Nr subsample estimates = 0.5 0
Nr subsample estimates after adjustment 100
2008 0.505558660360541 0.5105402200580103 0.5041952855412682
Year:  2009
Min:  0.50045857769814 Median:  0.5039132769848129 Mean:  0.5060681226106788 Max:  0.52625743414629
Year 2009 mean: 0.506068
Nr subsample estimates neq 0.5 100
Nr subsample estimates = 0.5 0
Nr subsample estimates after adjustment 100
2009 0.505168902485464 0.5106881611218983 0.5037734099047252
Year:  2010
Min:  0.50039107792455 Median:  0.5055627238097955 Mean:  0.5060467039947693 Max:  0.522812716740568
Year 2010 mean: 0.506047
Nr subsample estimates neq 0.5 100
Nr subsample estimates = 0.5 0
Nr subsample estimates after adjustment 100
2010 0.505144225313954 0.5112254421589919 0.5037693039596822
Year:  2011
Min:  0.500607895674047 Median:  0.5042664558862371 Mean:  0.5062010717419736 Max:  0.52643080052282
Year 2011 mean: 0.506201
Nr subsample estimates neq 0.5 100
Nr subsample estimates = 0.5 0
Nr subsample estimates after adjustment 100
2011 0.506908691104087 0.5149061199970513 0.5050265311181685
Year:  2012
Min:  0.501000874147701 Median:  0.5079573553387605 Mean:  0.5094075649286739 Max:  0.559279342643924
Year 2012 mean: 0.509408
Nr subsample estimates neq 0.5 100
Nr subsample estimates = 0.5 0
Nr subsample estimates after adjustment 100
2012 0.50563028442088 0.5119106364283711 0.5044098339174641
Year:  2013
Min:  0.500384345490586 Median:  0.505736279086288 Mean:  0.5062144586785307 Max:  0.527103422380142
Year 2013 mean: 0.506214
Nr subsample estimates neq 0.5 100
Nr subsample estimates = 0.5 0
Nr subsample estimates after adjustment 100
2013 0.506024913753156 0.5131579020616029 0.5044423954327286
Year:  2014
Min:  0.500402720982386 Median:  0.5052981687804066 Mean:  0.50698993183201 Max:  0.528559425825312
Year 2014 mean: 0.506990
Nr subsample estimates neq 0.5 100
Nr subsample estimates = 0.5 0
Nr subsample estimates after adjustment 100
2014 0.506599483588369 0.5128451845949764 0.504672574584117
Year:  2015
Min:  0.500596756989714 Median:  0.5074293936507019 Mean:  0.5085059331949585 Max:  0.529169918059214
Year 2015 mean: 0.508506
Nr subsample estimates neq 0.5 100
Nr subsample estimates = 0.5 0
Nr subsample estimates after adjustment 100
2015 0.505976670106214 0.5111007146293671 0.5043832993418538
Year:  2016
Min:  0.50031939543223 Median:  0.5075385606860555 Mean:  0.5087784654795441 Max:  0.535370156064904
Year 2016 mean: 0.508778
Nr subsample estimates neq 0.5 100
Nr subsample estimates = 0.5 0
Nr subsample estimates after adjustment 100
2016 0.505555152434564 0.5118786609759569 0.5039428519285404
Year:  2017
Min:  0.500483452592328 Median:  0.5058037049361355 Mean:  0.5075985591262064 Max:  0.536032053286242
Year 2017 mean: 0.507599
Nr subsample estimates neq 0.5 100
Nr subsample estimates = 0.5 0
Nr subsample estimates after adjustment 100
2017 0.507337055645406 0.5166013416840283 0.5052667669107277
Year:  2018
Min:  0.500361678797938 Median:  0.5053202380066275 Mean:  0.5061833585014796 Max:  0.517746698365953
Year 2018 mean: 0.506183
Nr subsample estimates neq 0.5 100
Nr subsample estimates = 0.5 0
Nr subsample estimates after adjustment 100
2018 0.50611692678609 0.5129151627861396 0.5045540940955431
Output written to  /home/jernie/analysis/output/under40/partisanship-under40_randlabels_Cadj_c0_partyf-cis.csv
